1,Basia,bervine0@skype.com,31,1
2,Sollie,sclear1@google.it,58,2
3,Boyd,bmattaser2@jigsy.com,87,3
4,Jyoti,jscarth3@wsj.com,41,4
5,Tad,tsapena4@businessinsider.com,70,5
6,Neel,nlaird5@auda.org.au,19,6
7,Alexis,abarstow6@creativecommons.org,7,7
8,Maddalena,moguz7@thetimes.co.uk,70,8
9,Sharlene,sgiroldo8@state.gov,73,9
10,Joan,jsoane9@4shared.com,40,10
11,Kele,kvlacha@weebly.com,66,11
12,Daren,,18,12
13,Dedie,dbailc@oracle.com,5,13
14,Brietta,bpirolinid@cbsnews.com,35,14
15,Hort,hderingtone@dailymail.co.uk,69,15
16,Alyse,atomkysf@reference.com,92,16
17,Wenona,wlealleg@live.com,40,17
18,Gerianna,gbackwellh@nih.gov,85,18
19,Eddy,,34,19
20,Dennie,,39,20
21,Bryna,,12,21
22,Berget,bmealiffel@google.cn,99,22
23,Baily,bfassmannm@homestead.com,44,23
24,Hanni,hrowelln@i2i.jp,80,24
25,Wainwright,,3,25
26,Winny,wwrattenp@over-blog.com,41,26
27,Alberto,aprobbingq@blinklist.com,30,27
28,Neala,ntrevorrowr@discuz.net,22,28
29,Stewart,ssatterlys@samsung.com,78,29
30,Elliot,ecochrant@csmonitor.com,23,30
31,Barbabra,bpinsentu@mail.ru,37,31
32,Darell,dgodridgev@merriam-webster.com,87,32
33,Ray,rlillgardw@wired.com,47,33
34,Quentin,qigounetx@salon.com,3,34
35,Idell,iofieldy@example.com,16,35
36,Cirilo,csandesonz@sina.com.cn,25,36
37,Staford,swoollcott10@bloglines.com,81,37
38,Lissi,ldries11@irs.gov,67,38
39,Neilla,nsamart12@washingtonpost.com,26,39
40,Agustin,agyse13@desdev.cn,27,40
41,Freedman,fhindge14@tmall.com,65,41
42,Davita,dfields15@topsy.com,87,42
43,Charlie,cmatura16@google.cn,32,43
44,Hubert,hgillmore17@joomla.org,52,44
45,Patten,pbrekonridge18@360.cn,37,45
46,Caprice,cduns19@github.com,97,46
47,Hillary,,72,47
48,Sidoney,sjuares1b@about.com,23,48
49,Jeri,jpetrus1c@abc.net.au,11,49
50,Lewes,lpiatkow1d@chron.com,23,50
51,Dennie,drijkeseis1e@independent.co.uk,62,51
52,Benjie,bdegowe1f@comcast.net,10,52
53,Tracie,,87,53
54,Samara,sakister1h@gov.uk,61,54
55,Lewes,lalldis1i@bravesites.com,67,55
56,Halette,hnibloe1j@sciencedaily.com,28,56
57,Celinka,ctodari1k@vimeo.com,25,57
58,Batholomew,bkempshall1l@usatoday.com,50,58
59,Tamqrah,tmantha1m@usa.gov,16,59
60,Lilyan,lcrocket1n@google.ru,88,60
61,Bear,broblou1o@hibu.com,65,61
62,Wynn,wjakubovicz1p@unblog.fr,30,62
63,Klarika,kfarress1q@opensource.org,5,63
64,Burk,bstamps1r@huffingtonpost.com,63,64
65,Tobiah,tinsall1s@who.int,97,65
66,Farrel,ftodarello1t@apple.com,5,66
67,Romonda,rpillans1u@mapy.cz,11,67
68,Melosa,malliband1v@yellowbook.com,70,68
69,Brigham,bbirdsall1w@wiley.com,87,69
70,Base,,86,70
71,Abram,acornil1y@reuters.com,21,71
72,Annabela,,62,72
73,Bev,bastlatt20@google.co.jp,52,73
74,Aldridge,aberndt21@1und1.de,64,74
75,Emmaline,ecratchley22@aboutads.info,75,75
76,Therine,tbuckthorpe23@naver.com,7,76
77,Krista,ksommerfeld24@globo.com,26,77
78,Berkly,bguerrieri25@phpbb.com,72,78
79,Jody,jwaddingham26@netlog.com,21,79
80,Hebert,hsoda27@cnet.com,27,80
81,Thorny,tleming28@liveinternet.ru,92,81
82,Lloyd,,3,82
83,Demetris,dclaypool2a@phpbb.com,11,83
84,Evonne,egudge2b@utexas.edu,14,84
85,Mahmoud,,85,85
86,Norma,nburnet2d@sakura.ne.jp,82,86
87,Nathalie,ncatonne2e@archive.org,64,87
88,Erwin,,29,88
89,Inessa,idumingo2g@zimbio.com,1,89
90,Lyn,lleander2h@examiner.com,98,90
91,Roscoe,,97,91
92,Johnette,jpfeiffer2j@utexas.edu,53,92
93,Elwin,,20,93
94,Hailey,,12,94
95,Thorndike,tcreffield2m@1688.com,24,95
96,Lishe,lranklin2n@alibaba.com,92,96
97,Felicle,frodolico2o@bloglines.com,94,97
98,Keene,,50,98
99,Toddy,tlambart2q@whitehouse.gov,94,99
100,Fenelia,ffarge2r@fotki.com,32,100
101,Adria,aorafferty2s@amazonaws.com,12,101
102,Bidget,bfrunks2t@istockphoto.com,71,102
103,Daphne,dkach2u@myspace.com,55,103
104,Corbett,cdrewclifton2v@aboutads.info,1,104
105,Coop,cexelby2w@cam.ac.uk,73,105
106,Anallise,aosherrin2x@guardian.co.uk,93,106
107,Cathrin,canderson2y@msn.com,96,107
108,Barbabas,bloughton2z@youtube.com,97,108
109,Lynsey,lsprules30@parallels.com,67,109
110,Tarrance,tconnow31@mozilla.com,13,110
111,Homerus,handrusyak32@goo.ne.jp,58,111
112,Berkie,bmardle33@mac.com,63,112
113,Olenka,ochaman34@drupal.org,42,113
114,Lyda,lwoodroff35@aol.com,25,114
115,Calli,cmargaritelli36@google.es,15,115
116,Ross,rvercruysse37@bandcamp.com,76,116
117,Aviva,,54,117
118,Noah,nessex39@addtoany.com,67,118
119,Jacklin,,76,119
120,Rancell,rsparham3b@linkedin.com,18,120
121,Armand,astripling3c@senate.gov,25,121
122,Channa,csueter3d@dailymail.co.uk,59,122
123,Fowler,,37,123
124,Daveta,dbenion3f@deviantart.com,7,124
125,Friederike,frappa3g@usatoday.com,48,125
126,Cullie,chonnicott3h@spiegel.de,55,126
127,Cassandra,cmcparland3i@ezinearticles.com,25,127
128,Darrelle,dmyhan3j@flavors.me,90,128
129,Julius,jwalesby3k@addtoany.com,91,129
130,Nial,nbullan3l@ehow.com,94,130
131,Kirsti,kmcevoy3m@webs.com,83,131
132,Lindy,lsobieski3n@people.com.cn,88,132
133,Mona,mkebell3o@blogs.com,90,133
134,Gunther,,50,134
135,Bay,bnutton3q@stanford.edu,57,135
136,Wes,wheigold3r@cmu.edu,80,136
137,Amandie,afrane3s@ezinearticles.com,65,137
138,Josey,,92,138
139,Margarette,mstert3u@dyndns.org,69,139
140,Kelvin,koldridge3v@si.edu,28,140
141,Edmund,,90,141
142,Lin,lbrew3x@ucla.edu,3,142
143,Caril,cmckmurrie3y@hostgator.com,4,143
144,Pauly,pdowsey3z@aol.com,29,144
145,Vivie,vcords40@bbc.co.uk,67,145
146,Nancie,nsudlow41@cnbc.com,66,146
147,Alf,aackred42@fc2.com,36,147
148,Giana,gguye43@nifty.com,54,148
149,Nil,nrandall44@wired.com,34,149
150,Valentijn,vwaterfall45@ucsd.edu,57,150
151,Belle,berlam46@auda.org.au,99,151
152,Lizzie,lsellack47@diigo.com,100,152
153,Rodolfo,rfurse48@bloglovin.com,92,153
154,Osbert,oweins49@facebook.com,82,154
155,Shela,shadcock4a@lulu.com,97,155
156,Mal,mroget4b@hatena.ne.jp,2,156
157,Cobb,ckiddell4c@chicagotribune.com,30,157
158,Anderson,asand4d@soundcloud.com,76,158
159,Conrado,cczadla4e@angelfire.com,15,159
160,Arther,asherrard4f@wufoo.com,67,160
161,Derk,ddanat4g@alibaba.com,97,161
162,Mack,mcatlette4h@slashdot.org,62,162
163,Felecia,fbindley4i@jalbum.net,74,163
164,Brandi,bdawtrey4j@github.com,25,164
165,Farris,floades4k@aboutads.info,74,165
166,Alice,aswaisland4l@europa.eu,68,166
167,Delphine,dkippie4m@whitehouse.gov,65,167
168,Terrel,tmattosoff4n@craigslist.org,78,168
169,Sonnie,scallam4o@oracle.com,2,169
170,Waldo,,24,170
171,Filmer,fdurrance4q@diigo.com,20,171
172,Jessie,jdeelay4r@xinhuanet.com,84,172
173,Tasia,tarchibald4s@addtoany.com,78,173
174,Sonia,sfleeming4t@themeforest.net,37,174
175,Donelle,dkielty4u@acquirethisname.com,14,175
176,Sibylla,sdelucia4v@google.ca,5,176
177,Saunder,sfishe4w@odnoklassniki.ru,14,177
178,Erie,eserraillier4x@vk.com,9,178
179,Cash,chawkswell4y@berkeley.edu,14,179
180,Karola,kwalsham4z@dagondesign.com,55,180
181,Beilul,bdugdale50@youtube.com,20,181
182,Winny,wgerholz51@dagondesign.com,28,182
183,Stormie,skissick52@indiatimes.com,71,183
184,Monique,mwreath53@auda.org.au,64,184
185,Sheena,skrabbe54@fema.gov,36,185
186,Franky,fdaughtry55@jiathis.com,74,186
187,Arielle,abeeble56@mit.edu,75,187
188,Verile,vlaslett57@omniture.com,40,188
189,Ferdie,flamble58@issuu.com,86,189
190,Conny,cmalkie59@china.com.cn,60,190
191,Marget,mrepp5a@shop-pro.jp,46,191
192,Brina,bmclucas5b@dion.ne.jp,36,192
193,Woody,wburk5c@cmu.edu,47,193
194,Samson,sfetherston5d@hubpages.com,43,194
195,Patricio,polivier5e@theatlantic.com,28,195
196,Inna,iorford5f@ezinearticles.com,11,196
197,Jean,jfacchini5g@examiner.com,27,197
198,Geraldine,,66,198
199,Tobye,tpley5i@wikispaces.com,80,199
200,Calley,cburnett5j@wunderground.com,3,200
201,Harcourt,hhealey5k@hud.gov,69,201
202,Ruperto,rcaveill5l@wiley.com,10,202
203,Dael,dharvison5m@typepad.com,69,203
204,Deonne,deverix5n@so-net.ne.jp,100,204
205,Cosette,,6,205
206,Francois,ftullett5p@uol.com.br,42,206
207,Catriona,cnoni5q@gnu.org,10,207
208,Oliver,omccamish5r@purevolume.com,91,208
209,Gardner,gpiggins5s@constantcontact.com,10,209
210,Kristin,kadenot5t@deviantart.com,67,210
211,Filmer,ftodor5u@ow.ly,96,211
212,Melli,mdesporte5v@dailymotion.com,89,212
213,Ray,rkeenor5w@yahoo.com,77,213
214,Kellen,klambeth5x@usatoday.com,75,214
215,Nobe,neggleson5y@reuters.com,76,215
216,Russell,rgambles5z@wisc.edu,70,216
217,Brittaney,bmulhall60@wired.com,10,217
218,Roseanna,rmartugin61@blogtalkradio.com,41,218
219,Drucy,dglancey62@ucoz.com,15,219
220,Janna,,29,220
221,Ricard,rpashler64@fema.gov,95,221
222,Cross,cbehning65@bandcamp.com,29,222
223,Sallee,,65,223
224,Maxwell,mfootitt67@slate.com,29,224
225,Leslie,,55,225
226,Rodolphe,,99,226
227,Deedee,dbycraft6a@alibaba.com,75,227
228,Dania,dbarnewall6b@histats.com,25,228
229,Alric,aboorn6c@dedecms.com,84,229
230,Melantha,,29,230
231,Bay,bhalbert6e@go.com,9,231
232,Zachariah,zworswick6f@answers.com,12,232
233,Reinhard,rdixcee6g@zimbio.com,11,233
234,Coleman,,87,234
235,Dody,dfleckney6i@foxnews.com,14,235
236,Ricard,rtroucher6j@pcworld.com,37,236
237,Gabey,gmayes6k@odnoklassniki.ru,82,237
238,Octavius,ogreetham6l@nasa.gov,77,238
239,Erhart,ecloutt6m@google.ca,47,239
240,Augie,arosso6n@tinyurl.com,21,240
241,Gannon,ggammons6o@google.com.hk,29,241
242,Shoshanna,ssurgison6p@people.com.cn,86,242
243,Stace,sfake6q@4shared.com,46,243
244,Carissa,cgarfit6r@desdev.cn,37,244
245,Gigi,gtregust6s@vinaora.com,3,245
246,Nicko,npesic6t@goo.ne.jp,78,246
247,Myron,mbunney6u@google.com.au,42,247
248,Shae,spasley6v@baidu.com,48,248
249,Ugo,ushayes6w@shop-pro.jp,36,249
250,Adelaide,aarkil6x@amazon.co.uk,100,250
251,Ulrica,,6,251
252,Kermie,kcrassweller6z@berkeley.edu,91,252
253,Gilly,gcasse70@blogger.com,69,253
254,Killian,kwimlet71@hexun.com,54,254
255,Selie,,38,255
256,Junina,jepiscopi73@jalbum.net,37,256
257,Jorry,jcastelluzzi74@dion.ne.jp,34,257
258,Darnall,dwoodcock75@apache.org,80,258
259,Aron,ahayden76@webs.com,71,259
260,Gianni,,3,260
261,Shandeigh,sgrono78@exblog.jp,62,261
262,Feodora,flicari79@bloglines.com,53,262
263,Carroll,cdowding7a@nih.gov,86,263
264,Fidel,frobertsson7b@elegantthemes.com,95,264
265,Norah,ngrebner7c@imageshack.us,95,265
266,Pepe,pcullerne7d@auda.org.au,42,266
267,Stanwood,skohrs7e@zdnet.com,20,267
268,Casie,cbresson7f@usnews.com,96,268
269,Will,wbrewster7g@blinklist.com,81,269
270,Morgana,,29,270
271,Irvine,iayscough7i@miibeian.gov.cn,83,271
272,Daniele,dholleworth7j@bloglines.com,92,272
273,Conrad,cbourdon7k@wordpress.org,75,273
274,Meredeth,myglesia7l@zdnet.com,15,274
275,Antonius,ajahn7m@mapy.cz,7,275
276,Verna,vjimson7n@tmall.com,43,276
277,Leeanne,lpagden7o@berkeley.edu,51,277
278,Junina,jbucknall7p@naver.com,74,278
279,Patrick,pdare7q@toplist.cz,9,279
280,Dilan,dbrownsword7r@yellowbook.com,28,280
281,Aldon,arief7s@amazon.co.jp,91,281
282,Fonzie,fbeaman7t@ow.ly,46,282
283,Gwynne,gmaxfield7u@google.cn,33,283
284,Jody,jgiffard7v@go.com,71,284
285,Nero,ncleave7w@discovery.com,53,285
286,Ferdinand,fbelle7x@princeton.edu,28,286
287,Izzy,igermann7y@oracle.com,58,287
288,Kincaid,kcullen7z@un.org,59,288
289,Ezmeralda,epaolazzi80@fotki.com,71,289
290,Jessa,jmcquirk81@taobao.com,24,290
291,Amabel,abotley82@cisco.com,47,291
292,Erik,etick83@timesonline.co.uk,20,292
293,Verina,vbearns84@creativecommons.org,90,293
294,Leta,,22,294
295,Lilias,,10,295
296,Valentijn,vamer87@ucsd.edu,20,296
297,Jackson,jmcdonald88@jimdo.com,90,297
298,Melody,,100,298
299,Christoffer,cvasishchev8a@edublogs.org,35,299
300,Buffy,bpragnall8b@army.mil,2,300
301,Marna,mcomo8c@time.com,49,301
302,Bealle,bpitbladdo8d@google.cn,69,302
303,Franky,fditchett8e@yellowbook.com,97,303
304,Farra,flambregts8f@freewebs.com,10,304
305,Cornelia,cwymer8g@npr.org,3,305
306,Caryl,civanets8h@ted.com,49,306
307,Niccolo,nparrott8i@huffingtonpost.com,14,307
308,Lesya,lbanner8j@domainmarket.com,46,308
309,Saleem,ssimmonett8k@hhs.gov,72,309
310,Helaina,hshotter8l@cam.ac.uk,34,310
311,Anabelle,awinram8m@dyndns.org,72,311
312,Leigh,lwheelan8n@edublogs.org,45,312
313,Mora,mhardistry8o@ovh.net,44,313
314,Gussy,,48,314
315,Orrin,obarbery8q@wikispaces.com,5,315
316,Thaine,thandyside8r@reference.com,26,316
317,Sherri,sconlon8s@comcast.net,41,317
318,Con,cdavers8t@wordpress.org,33,318
319,Eimile,eyeowell8u@google.it,51,319
320,Reinaldo,rdietzler8v@latimes.com,92,320
321,Elly,emorsom8w@ted.com,78,321
322,Prudy,prebbeck8x@imdb.com,40,322
323,Clair,ckairns8y@hubpages.com,53,323
324,Rhea,rpinor8z@mapquest.com,91,324
325,Larissa,lgeroldini90@rambler.ru,73,325
326,Riley,rjuliano91@cbslocal.com,11,326
327,Matias,mcorradi92@businessweek.com,49,327
328,Nanny,nchalcraft93@1und1.de,29,328
329,Bekki,bmuzzollo94@twitpic.com,1,329
330,Sarge,,44,330
331,Jess,jarndell96@netscape.com,92,331
332,Wiley,,17,332
333,Maggie,,94,333
334,Phaedra,pplott99@webs.com,47,334
335,Goddart,gbolesworth9a@ocn.ne.jp,56,335
336,Alie,,5,336
337,Erl,emcelroy9c@boston.com,24,337
338,Marylin,mdunckley9d@moonfruit.com,57,338
339,Julita,jalldis9e@china.com.cn,23,339
340,Raphael,rfeighry9f@photobucket.com,39,340
341,Cristiano,cmassey9g@technorati.com,30,341
342,Kinsley,kmerrison9h@webs.com,94,342
343,Mirella,malldritt9i@bravesites.com,6,343
344,Anthe,,44,344
345,Charmine,clhommee9k@harvard.edu,74,345
346,Nelia,nraithby9l@nationalgeographic.com,17,346
347,Barbi,bswatridge9m@studiopress.com,61,347
348,Christine,cgossop9n@istockphoto.com,73,348
349,Tulley,tpurves9o@diigo.com,11,349
350,Darda,dhars9p@woothemes.com,90,350
351,Jard,jbaly9q@arizona.edu,9,351
352,Alison,aklais9r@dailymotion.com,88,352
353,Donavon,dvanderbeek9s@hatena.ne.jp,62,353
354,Jamaal,jbolderson9t@howstuffworks.com,81,354
355,Analiese,aglassford9u@jiathis.com,20,355
356,Lorraine,lwarriner9v@jalbum.net,53,356
357,Wilma,,23,357
358,Bond,,38,358
359,Angelico,ajiru9y@ca.gov,18,359
360,Demetria,dzielinski9z@tinyurl.com,78,360
361,Booth,bbulliona0@webnode.com,97,361
362,Allyce,akirkmana1@sciencedirect.com,18,362
363,Jobi,jlessmarea2@wikipedia.org,58,363
364,Kacie,kperrotta3@ifeng.com,60,364
365,Alastair,afridayea4@umn.edu,49,365
366,Vivyan,vkillingwortha5@networkadvertising.org,33,366
367,Karly,kgrinishina6@ucla.edu,64,367
368,Elisabeth,egladdifha7@sitemeter.com,57,368
369,Leopold,lshuarda8@auda.org.au,93,369
370,Dennet,,10,370
371,Sigismund,scornilleauaa@mayoclinic.com,56,371
372,Clementina,clittledikeab@fema.gov,99,372
373,Jase,jgrahamslawac@elegantthemes.com,43,373
374,Jameson,jshepstonead@imdb.com,20,374
375,Chris,cjedrasae@nydailynews.com,68,375
376,Cristian,crheadaf@dyndns.org,92,376
377,Meridith,mgajewskiag@fastcompany.com,92,377
378,Caryn,cbanvilleah@a8.net,74,378
379,Osbert,omiddlemissai@washington.edu,63,379
380,Shaw,saishfordaj@springer.com,51,380
381,Don,dverdonak@fda.gov,53,381
382,Jan,jvamplusal@archive.org,64,382
383,Brett,bcanetam@stanford.edu,80,383
384,Kim,kbelinan@google.com.hk,57,384
385,Den,dlegriceao@skyrock.com,70,385
386,Dill,dissacovap@themeforest.net,76,386
387,Sammy,smccaugheyaq@marketwatch.com,31,387
388,Daron,dforsonar@nifty.com,66,388
389,Debbi,dwoodsas@wix.com,77,389
390,May,mskellernat@studiopress.com,74,390
391,Glenda,gwrathmallau@marriott.com,76,391
392,Derk,dcrippellav@dot.gov,100,392
393,Wilbur,wrozanskiaw@sciencedaily.com,17,393
394,Ralina,rhoulistonax@friendfeed.com,73,394
395,Lovell,lpomphrettay@europa.eu,80,395
396,Zelda,zcrichtenaz@theglobeandmail.com,19,396
397,Aurelea,adrinkelb0@clickbank.net,3,397
398,Helga,hslimanb1@tumblr.com,65,398
399,Ali,agochb2@blogspot.com,75,399
400,Reube,rgrabbb3@linkedin.com,2,400
401,Adena,astinsonb4@rakuten.co.jp,91,401
402,Ethelin,ebungeyb5@xinhuanet.com,87,402
403,Fremont,fduthyb6@wp.com,68,403
404,Reece,rfarnorthb7@typepad.com,77,404
405,Honor,hmenichib8@jimdo.com,34,405
406,Fraze,fhaingeb9@engadget.com,98,406
407,Phil,pwhithamba@unblog.fr,68,407
408,Leila,lcamilleribb@simplemachines.org,68,408
409,Heda,hbossombc@gov.uk,83,409
410,Emelita,egrissettbd@ask.com,3,410
411,Clementine,cdownagebe@usgs.gov,77,411
412,Lark,lwinterscalebf@ovh.net,91,412
413,Neely,njeduchbg@cisco.com,74,413
414,Orsa,ourvoybh@google.cn,1,414
415,Tedie,tsnelbi@uiuc.edu,36,415
416,Rory,rfludderbj@google.de,48,416
417,Emma,edunleybk@ucoz.ru,19,417
418,Forrester,fmerwoodbl@tamu.edu,70,418
419,Ann,ashimmingsbm@trellian.com,58,419
420,Garvin,gbrewertonbn@weebly.com,3,420
421,Rob,rcurnickbo@blinklist.com,20,421
422,Arlene,adudingbp@gmpg.org,10,422
423,Ermentrude,ebohmanbq@ft.com,97,423
424,Kirby,ktinniswoodbr@ted.com,28,424
425,Elmer,eminorsbs@youtu.be,25,425
426,Michaelina,mitzhayekbt@walmart.com,22,426
427,Blinny,binkerbu@reuters.com,30,427
428,Gerty,gbeaverbv@twitpic.com,70,428
429,Vinny,vsivilbw@symantec.com,3,429
430,Nickola,,11,430
431,Augy,areicharzby@wufoo.com,54,431
432,Prentice,pdurdybz@tiny.cc,27,432
433,Minerva,mdrohunc0@ucoz.com,67,433
434,Christean,cauchinleckc1@usnews.com,37,434
435,Molli,mkemmec2@barnesandnoble.com,80,435
436,Ezmeralda,estricklerc3@miitbeian.gov.cn,71,436
437,Kalvin,kmanonc4@imgur.com,24,437
438,Wadsworth,wshildrickc5@europa.eu,6,438
439,Adah,aasaafc6@smh.com.au,75,439
440,Gunner,,8,440
441,Livy,locriganec8@angelfire.com,31,441
442,Niel,nsherbornec9@instagram.com,54,442
443,Phyllida,pjosselca@army.mil,8,443
444,Bertie,bfernantcb@mayoclinic.com,3,444
445,Trish,tholliercc@unesco.org,87,445
446,Kristin,kburfordcd@blog.com,76,446
447,Pepito,prussellce@hc360.com,12,447
448,Odilia,oessercf@sakura.ne.jp,43,448
449,Freda,fmaccauleycg@photobucket.com,96,449
450,Susy,ssmythech@addtoany.com,100,450
451,Alfie,,39,451
452,Baily,bdewittcj@jimdo.com,40,452
453,Lisbeth,ldibatistack@myspace.com,20,453
454,Clive,csembercl@mashable.com,28,454
455,Linnie,,26,455
456,Sybila,scobbaldcn@thetimes.co.uk,47,456
457,Celesta,cbaintonco@eventbrite.com,25,457
458,Jillie,janstiecp@simplemachines.org,3,458
459,Esteban,eklauercq@xrea.com,21,459
460,Lizzy,lfindleycr@abc.net.au,6,460
461,Gracie,garrcs@github.com,75,461
462,Matilda,,59,462
463,Donielle,,83,463
464,Karita,kdimanchecv@timesonline.co.uk,34,464
465,Gunar,gshentoncw@bing.com,34,465
466,El,edoriecx@psu.edu,42,466
467,Leontine,lfloodcy@jigsy.com,78,467
468,Johnathan,jfrostdykecz@e-recht24.de,26,468
469,Haley,,96,469
470,Krista,kdumbartond1@imgur.com,9,470
471,Erwin,echastandd2@cocolog-nifty.com,19,471
472,Rozelle,ragated3@ted.com,63,472
473,Mari,mlamzedd4@facebook.com,18,473
474,Thorsten,tsanterd5@flickr.com,80,474
475,Donnell,dhulmesd6@google.ca,69,475
476,Vittorio,vmarderd7@phoca.cz,54,476
477,Wilmar,wlyosikd8@addthis.com,80,477
478,Malinda,mmundelld9@homestead.com,30,478
479,Etheline,elemasneyda@vistaprint.com,94,479
480,Chicky,cjoselevitchdb@wp.com,21,480
481,Ramsey,rfeenandc@plala.or.jp,3,481
482,Thane,tlelievredd@stanford.edu,62,482
483,Kendrick,kswinfonde@macromedia.com,14,483
484,Joyce,jheaysmandf@about.com,74,484
485,Emmi,estigelldg@acquirethisname.com,66,485
486,Cortney,citzkovitchdh@virginia.edu,8,486
487,Ferd,fstrowlgerdi@arizona.edu,83,487
488,Antonie,aschalldj@themeforest.net,27,488
489,Carny,cgeggiedk@goodreads.com,70,489
490,Ardine,afeltoedl@eventbrite.com,74,490
491,Lawton,llindenblattdm@linkedin.com,3,491
492,Jimmy,jmatuskiewiczdn@who.int,23,492
493,Betteanne,boutibridgedo@imgur.com,70,493
494,Kev,korisdp@mediafire.com,7,494
495,Zeke,zvelldendq@yahoo.com,76,495
496,Lurlene,lcellierdr@amazon.com,15,496
497,Lonni,lnipperds@narod.ru,14,497
498,Brianne,bhefforddt@meetup.com,2,498
499,Reinwald,relesdu@dailymail.co.uk,22,499
500,Franklin,fpimlockdv@examiner.com,66,500
501,Dasha,,35,501
502,Morgen,,23,502
503,Teriann,tchampleydy@cafepress.com,20,503
504,Padriac,pbrashierdz@nba.com,84,504
505,Dana,dgoulstonee0@amazon.de,40,505
506,Dolly,drosengarte1@google.it,20,506
507,Sara,spetchelle2@phoca.cz,77,507
508,Brett,bdrysdalle3@usda.gov,96,508
509,Beau,bkaese4@epa.gov,9,509
510,Emeline,esmithee5@jimdo.com,29,510
511,Alfonse,aayshe6@ed.gov,51,511
512,Alexine,awedderburne7@ask.com,90,512
513,Maribelle,mromane8@privacy.gov.au,60,513
514,Reba,,60,514
515,Jeramey,jclayfieldea@sun.com,83,515
516,Eb,eperilloeb@shutterfly.com,44,516
517,Beatriz,brenshallec@hhs.gov,77,517
518,Rubi,,22,518
519,Rhetta,rconiffee@ycombinator.com,76,519
520,Jamie,jdejuaresef@wufoo.com,63,520
521,Thomasa,tallswortheg@gov.uk,91,521
522,Henry,htwopennyeh@deviantart.com,28,522
523,Stanislas,smacloughlinei@mac.com,64,523
524,Debbi,,92,524
525,Riane,rfaircliffek@amazon.co.jp,29,525
526,Corrie,cflackel@addthis.com,51,526
527,Arnie,asimantsem@furl.net,65,527
528,Omero,oliddarden@nationalgeographic.com,42,528
529,Emeline,eitzkovwicheo@sfgate.com,34,529
530,Stern,swalickiep@seattletimes.com,99,530
531,Stanfield,sstockilleq@ezinearticles.com,34,531
532,Woodie,wpinneyer@about.com,95,532
533,Athene,aholmeses@technorati.com,88,533
534,Natalina,nbizleyet@unblog.fr,92,534
535,Bay,bpatifieldeu@theatlantic.com,73,535
536,Hailee,hbearblockev@typepad.com,74,536
537,Panchito,pmartinetsew@ucsd.edu,6,537
538,Monti,msemeradex@reuters.com,56,538
539,Zachary,zjennyey@cdbaby.com,7,539
540,Austin,asinncockez@opera.com,93,540
541,Linnell,llaughlinf0@tiny.cc,88,541
542,Ryan,rbrillf1@digg.com,34,542
543,Aldric,acarlettif2@foxnews.com,71,543
544,Alexandro,,28,544
545,Anton,acurnokkf4@wired.com,61,545
546,Marcel,mduckhousef5@elegantthemes.com,95,546
547,Alvina,afreebernef6@sciencedaily.com,92,547
548,Dalila,,85,548
549,Essie,esortonf8@salon.com,67,549
550,Aubrette,aorknayf9@ebay.co.uk,91,550
551,Mellie,mstokerfa@newyorker.com,28,551
552,Chiquia,cboickfb@ebay.co.uk,94,552
553,Emmit,eungarettifc@arizona.edu,83,553
554,Berk,bsandelandfd@adobe.com,44,554
555,Rosella,rallgoodfe@hostgator.com,9,555
556,Bonny,bfurneauxff@indiatimes.com,20,556
557,Gal,gquinetfg@jigsy.com,55,557
558,Melli,msummertonfh@unesco.org,69,558
559,Yank,ylowdwellfi@symantec.com,59,559
560,Cissy,chamnerfj@a8.net,92,560
561,Lonnie,lwoollandfk@techcrunch.com,10,561
562,Loralyn,lgarrickfl@yale.edu,75,562
563,Orran,omelinfm@webs.com,23,563
564,Genny,gduffillfn@w3.org,91,564
565,Hyman,htironfo@studiopress.com,81,565
566,Francine,fblackleyfp@hexun.com,42,566
567,Rois,rduquesnayfq@mashable.com,100,567
568,Dion,dwagnerfr@ifeng.com,76,568
569,Emera,esandilandfs@quantcast.com,95,569
570,Jania,jmuldowneyft@springer.com,89,570
571,Jeffry,jcabrarafu@sfgate.com,10,571
572,Stacey,sdellfv@bravesites.com,55,572
573,Odella,omaginnfw@odnoklassniki.ru,57,573
574,Martha,mklempkefx@hexun.com,89,574
575,Franny,farzufy@pinterest.com,90,575
576,Sarajane,sdeavillefz@youtube.com,5,576
577,Letty,llastg0@boston.com,86,577
578,Bianka,brennardg1@seesaa.net,5,578
579,Alano,awemg2@intel.com,79,579
580,Ronald,rculshewg3@youtube.com,46,580
581,Jonathan,jtameg4@bloglovin.com,85,581
582,Travus,tcrixg5@cdbaby.com,23,582
583,Doti,,22,583
584,Sherrie,skinkadeg7@storify.com,9,584
585,Tiphanie,tjoostg8@usgs.gov,31,585
586,Rheta,rneweyg9@zdnet.com,21,586
587,Janie,jventomga@cloudflare.com,76,587
588,Leroi,,80,588
589,Briny,bsteadegc@msu.edu,48,589
590,Banky,,40,590
591,Ernestus,ebanghamge@xrea.com,79,591
592,Wernher,wweldrakegf@cnbc.com,66,592
593,Gottfried,gkuhlegg@uiuc.edu,25,593
594,Lorain,lsheergh@shutterfly.com,95,594
595,Prince,pbroszkiewiczgi@state.gov,69,595
596,Dominique,dblaschkegj@sun.com,59,596
597,Barrett,bbertlingk@miibeian.gov.cn,35,597
598,Wright,whamongl@yandex.ru,87,598
599,Sibyl,sdurbingm@ed.gov,16,599
600,Braden,brollinsgn@gmpg.org,89,600
601,Erena,edaudgo@skype.com,25,601
602,Sherie,sdwellygp@oaic.gov.au,66,602
603,Mozes,msemorgq@indiatimes.com,97,603
604,Izzy,iparrgr@nhs.uk,78,604
605,Vida,vconduitgs@tripadvisor.com,41,605
606,Ursa,ubifieldgt@live.com,45,606
607,Cristiano,cboothebiegu@so-net.ne.jp,7,607
608,Ced,cmenghigv@unc.edu,65,608
609,Grata,gglayshergw@ucla.edu,97,609
610,Gannie,,94,610
611,Ricoriki,rdrinkhillgy@wordpress.org,100,611
612,Gavra,gdunnegz@businessinsider.com,66,612
613,Vince,vsullerh0@miitbeian.gov.cn,14,613
614,Roddy,rbertomeh1@comsenz.com,19,614
615,Audrie,amatthewh2@qq.com,66,615
616,Cybill,cseageh3@1688.com,80,616
617,Loy,lgeratth4@disqus.com,11,617
618,Denis,dtonerh5@smugmug.com,16,618
619,Simeon,smeechh6@dropbox.com,37,619
620,Carin,colkowiczh7@netscape.com,92,620
621,Cary,cheathwoodh8@latimes.com,47,621
622,Mikel,mjefferdh9@wordpress.org,96,622
623,Colly,,30,623
624,Aguie,agrimmetthb@macromedia.com,16,624
625,Hilarius,,43,625
626,Coretta,cpenritthd@google.fr,76,626
627,Tybi,,73,627
628,Ethel,ecescohf@mashable.com,54,628
629,Eba,eambridgehg@clickbank.net,66,629
630,Albert,amckeatinghh@forbes.com,71,630
631,Jarvis,jsamsworthhi@wisc.edu,2,631
632,Arch,astoltehj@devhub.com,79,632
633,Mart,malberyhk@infoseek.co.jp,84,633
634,Dicky,dshipwayhl@census.gov,61,634
635,Crissie,cloakeshm@cpanel.net,13,635
636,Willow,wgrummitthn@jiathis.com,23,636
637,Gray,gbrufordho@si.edu,4,637
638,Paton,,22,638
639,North,nszymczykhq@sciencedaily.com,99,639
640,Dion,ddukehr@mozilla.org,90,640
641,Sawyere,savelinghs@mapquest.com,34,641
642,Tedi,,17,642
643,Gleda,gsummerillhu@rediff.com,19,643
644,Tremaine,twalklotthv@columbia.edu,6,644
645,Renelle,rbyramhw@tripod.com,60,645
646,Carney,cpennickhx@github.com,35,646
647,Zebedee,zsoeirohy@eepurl.com,36,647
648,Bride,bprantlhz@instagram.com,28,648
649,Pieter,ptithecotei0@wufoo.com,30,649
650,Lily,lmeesi1@clickbank.net,71,650
651,Felike,,68,651
652,Dorry,dmacdunleavyi3@nih.gov,27,652
653,Cirillo,cjessopei4@free.fr,48,653
654,Harriette,hsheddeni5@forbes.com,19,654
655,Amabel,alivezeyi6@sina.com.cn,74,655
656,Brendis,bmccomei7@dailymotion.com,49,656
657,Kiersten,komannioni8@japanpost.jp,96,657
658,Markos,mcostii9@google.ca,20,658
659,Eb,edoogia@comcast.net,95,659
660,Antoni,abruinemannib@nydailynews.com,62,660
661,Ewen,egoteric@yale.edu,84,661
662,Jaquelin,jileyid@google.com.hk,80,662
663,Gerome,gmaccarterie@zdnet.com,81,663
664,Dolly,dfurlongif@nsw.gov.au,23,664
665,Flint,froadknightig@edublogs.org,6,665
666,Elfie,eswithenbyih@stumbleupon.com,54,666
667,Linoel,ltrevorrowii@unc.edu,90,667
668,Teena,tpedrazziij@networkadvertising.org,79,668
669,Marna,mmcclevertyik@fda.gov,12,669
670,Kora,kcastlemanil@cmu.edu,48,670
671,Pacorro,pweathersim@google.it,59,671
672,Alejoa,ashyrein@ca.gov,68,672
673,Rasla,rmacneiceio@ebay.co.uk,9,673
674,Raye,rsaffranip@salon.com,86,674
675,Aaron,arichesiq@reuters.com,77,675
676,Pierrette,plabatir@booking.com,20,676
677,Delinda,,27,677
678,Lindsy,lenderleinit@booking.com,28,678
679,Suzy,,93,679
680,Franny,folehaneiv@discovery.com,71,680
681,Bamby,bbascombeiw@cnn.com,81,681
682,Loy,llabastidaix@sina.com.cn,93,682
683,Antoni,aivakhnoiy@mozilla.com,39,683
684,Carroll,cscotchbrookiz@dot.gov,61,684
685,Chadwick,cvanschafflaerj0@google.co.uk,7,685
686,Standford,sdibollj1@opera.com,28,686
687,Cordie,cswornej2@globo.com,88,687
688,Marleah,mmcveightyj3@xinhuanet.com,88,688
689,Reggie,rdahlj4@mashable.com,18,689
690,Basilio,bdabrowskij5@irs.gov,69,690
691,Milo,mporrettj6@independent.co.uk,32,691
692,Bernice,bpirriej7@rakuten.co.jp,14,692
693,Hanna,hheadlandj8@yahoo.co.jp,84,693
694,Helli,hhaberjamj9@thetimes.co.uk,92,694
695,Josefina,jwoodwinja@i2i.jp,31,695
696,Jacinta,jrakesjb@posterous.com,35,696
697,Gar,gtoaljc@youtube.com,87,697
698,Berget,bluxmoorejd@vkontakte.ru,65,698
699,Estelle,ehadekeje@apache.org,69,699
700,Bertie,belwynjf@yahoo.co.jp,49,700
701,Bernette,bswarbriggjg@jimdo.com,55,701
702,Aloysia,achinnockjh@noaa.gov,77,702
703,Killie,kwhistanji@bing.com,36,703
704,Kermy,ktrustiejj@nba.com,28,704
705,Fredrick,fboathjk@deliciousdays.com,65,705
706,Fabiano,fcullumjl@columbia.edu,68,706
707,Benedicta,bminichijm@ovh.net,75,707
708,Valdemar,vnewartejn@livejournal.com,89,708
709,Norris,nskeathjo@1688.com,18,709
710,Tabbie,thawkinsjp@dion.ne.jp,23,710
711,Ernaline,,38,711
712,Mateo,,90,712
713,Sigfrid,sjannequinjs@un.org,18,713
714,Marshall,mismayjt@desdev.cn,78,714
715,Lesley,,35,715
716,Heida,hrignoldesjv@walmart.com,94,716
717,Hunt,,43,717
718,Caresse,cmiqueletjx@hp.com,35,718
719,Christiano,,38,719
720,Codi,cblakedenjz@yelp.com,58,720
721,Alastair,aalekhovk0@weather.com,4,721
722,Shelia,sglasscottk1@google.nl,89,722
723,Hester,hrook2@ocn.ne.jp,51,723
724,Cordy,cbirchenoughk3@statcounter.com,36,724
725,Riordan,raireyk4@independent.co.uk,5,725
726,Dorris,dosbaldstonek5@toplist.cz,53,726
727,Paola,psymesk6@geocities.com,58,727
728,Hyacintha,hlangtryk7@nba.com,37,728
729,Zebedee,zstormk8@mac.com,62,729
730,Herrick,,81,730
731,Rob,rfuentezka@techcrunch.com,92,731
732,Mavra,mspaduzzakb@ning.com,77,732
733,Gideon,gkeablekc@adobe.com,49,733
734,Jedidiah,jclarabutkd@ihg.com,70,734
735,Gabriele,gmcgeneayke@oakley.com,27,735
736,Rochelle,,67,736
737,Florenza,fevenettkg@geocities.jp,69,737
738,Rodney,rgoaterkh@webmd.com,51,738
739,Cassius,cmccookeki@networkadvertising.org,43,739
740,Northrop,nfidoekj@google.cn,5,740
741,Zelig,,78,741
742,Stefanie,ssimekl@hp.com,57,742
743,Davide,dheintschkm@fc2.com,10,743
744,Debbie,dhousiauxkn@reuters.com,32,744
745,Arabel,agaydenko@chron.com,72,745
746,Patrice,pworledgekp@deliciousdays.com,16,746
747,Rozelle,rmanchesterkq@home.pl,70,747
748,Rebe,rabbekr@aol.com,95,748
749,Boonie,bfearsks@nbcnews.com,15,749
750,Gustavus,ghollingbykt@howstuffworks.com,25,750
751,Darcy,dbroadbridgeku@jigsy.com,76,751
752,Alfonse,afrederickkv@ebay.com,31,752
753,Bronson,bgooldingkw@ibm.com,60,753
754,Harriot,hmahaddykx@intel.com,44,754
755,Gabbie,gpimmockeky@xinhuanet.com,33,755
756,Lewiss,lrigmandkz@ed.gov,2,756
757,Orly,openningtonl0@yandex.ru,4,757
758,Lyle,lferedayl1@berkeley.edu,99,758
759,Herminia,hwilcinskisl2@vkontakte.ru,69,759
760,Emalia,eredhousel3@i2i.jp,66,760
761,Johnny,jritchardl4@comcast.net,76,761
762,Thom,tstallworthyl5@facebook.com,67,762
763,Jania,jchristall6@mlb.com,90,763
764,Daryl,dgensavagel7@tmall.com,35,764
765,Marcelia,mlubel8@mac.com,40,765
766,Ely,emerigonl9@studiopress.com,94,766
767,Abelard,amillthorpela@wikispaces.com,98,767
768,Khalil,klearoydlb@usa.gov,3,768
769,Peirce,pgibbinslc@ibm.com,90,769
770,Nicholle,ntibaltld@arstechnica.com,44,770
771,Honoria,hflahertyle@soundcloud.com,21,771
772,Celinda,,94,772
773,Irwin,,33,773
774,Edvard,ereboullh@who.int,5,774
775,Wain,wspurrittli@etsy.com,20,775
776,Rivkah,rnottingamlj@themeforest.net,69,776
777,Ola,ochiecolk@tamu.edu,62,777
778,Maurice,mstutll@earthlink.net,46,778
779,Eula,etuttiettlm@columbia.edu,53,779
780,Germain,gstickelsln@springer.com,44,780
781,Jamey,jwylielo@fema.gov,89,781
782,Dehlia,dwroughtonlp@ted.com,10,782
783,Concettina,cmummerylq@nifty.com,31,783
784,Monroe,,27,784
785,Benedikta,bashwoodls@buzzfeed.com,11,785
786,Shannon,slonglt@ow.ly,57,786
787,Karmen,kwhitlocklu@cargocollective.com,14,787
788,Gussie,ghobelllv@linkedin.com,14,788
789,Jeremie,,23,789
790,Elroy,,88,790
791,Valerye,vgoadbiely@printfriendly.com,78,791
792,Adda,agallyonlz@ask.com,8,792
793,Burr,,66,793
794,Caldwell,,81,794
795,Emlen,,9,795
796,Jarrad,jhaggardm3@addtoany.com,70,796
797,Dawna,ddunkertonm4@abc.net.au,67,797
798,Cleavland,cgommesm5@time.com,67,798
799,Hussein,hgoffem6@google.de,72,799
800,Rolando,rwhardleym7@unblog.fr,15,800
801,Cozmo,ckincadem8@sourceforge.net,48,801
802,Frank,fdewanm9@yandex.ru,76,802
803,Augie,asultanama@blogger.com,82,803
804,Rayner,rreadingsmb@mtv.com,11,804
805,Dannel,dterrillmc@omniture.com,95,805
806,Hans,hzollnermd@rediff.com,97,806
807,Ketty,kbachelorme@liveinternet.ru,67,807
808,Bartie,bmacdowallmf@google.cn,60,808
809,Athena,ainstonemg@lycos.com,77,809
810,Brandice,bmastersmh@networkadvertising.org,51,810
811,Yolande,ysorriemi@mail.ru,33,811
812,Donnie,dbrosemj@sbwire.com,33,812
813,Constantia,cromerilmk@google.co.jp,48,813
814,Terra,tswarbrickml@cmu.edu,45,814
815,Dorene,dfomichyovmm@earthlink.net,89,815
816,Boote,bstonarymn@stanford.edu,82,816
817,Nancee,nbamboroughmo@bigcartel.com,91,817
818,Cherey,ctallynmp@engadget.com,81,818
819,Vonni,,68,819
820,Kyrstin,karonowitzmr@mac.com,51,820
821,Clay,clisimorems@nymag.com,44,821
822,Hubey,,73,822
823,Alberik,,10,823
824,Vern,vcubittmv@dell.com,74,824
825,Chancey,ceverilmw@jiathis.com,95,825
826,Hasty,hbyartmx@psu.edu,38,826
827,Leeanne,lespasamy@jimdo.com,55,827
828,Annadiana,aberfootmz@symantec.com,94,828
829,Merell,mrouselln0@github.io,78,829
830,Suzette,sskrynen1@nydailynews.com,10,830
831,Yvon,yfurseyn2@examiner.com,39,831
832,Alic,aduchateln3@marriott.com,87,832
833,Lara,llambrickn4@netlog.com,27,833
834,Balduin,bclineckn5@webeden.co.uk,85,834
835,Ring,rcabralesn6@cpanel.net,29,835
836,Gibby,gderisleyn7@ow.ly,38,836
837,Dal,,22,837
838,Vitia,vdespensern9@skype.com,33,838
839,Nonna,nwinsparna@google.com.hk,52,839
840,Ronda,rmenilovenb@answers.com,97,840
841,Ralf,rdamettinc@globo.com,92,841
842,Clareta,,46,842
843,Aldridge,avivienne@163.com,41,843
844,Anna,apetraceknf@elegantthemes.com,62,844
845,Mag,mgudemanng@gnu.org,100,845
846,Bendicty,bbohlensnh@tmall.com,96,846
847,Cornell,clamonbyni@multiply.com,12,847
848,Townsend,thindhaughnj@drupal.org,84,848
849,Emmi,,18,849
850,Thorpe,,49,850
851,Sasha,salennm@uiuc.edu,45,851
852,Linell,ldabnornn@go.com,17,852
853,Tabbie,tlauranceno@taobao.com,13,853
854,Marika,mmalinsonnp@acquirethisname.com,27,854
855,Emelina,,23,855
856,Kristofer,kmacparlannr@comcast.net,78,856
857,Sully,sklaessenns@hhs.gov,47,857
858,Stormy,scliffnt@list-manage.com,5,858
859,Stanislaw,sspindlernu@opensource.org,62,859
860,Alis,avilesnv@archive.org,33,860
861,Jorry,jgrossnw@oakley.com,39,861
862,Kalie,,63,862
863,Quill,qdinniesny@gov.uk,28,863
864,Rutherford,rbaldocknz@virginia.edu,33,864
865,Pat,pfliggo0@purevolume.com,93,865
866,Baldwin,brathjeno1@hatena.ne.jp,79,866
867,Liesa,,25,867
868,Bartholomew,bschaumanno3@patch.com,56,868
869,Issie,itubridyo4@behance.net,93,869
870,Penn,pshovelbottomo5@joomla.org,46,870
871,Lucian,lmargiottao6@webs.com,93,871
872,Glennie,gvanderbeeko7@rambler.ru,18,872
873,Gill,gparadeso8@newyorker.com,91,873
874,Tomi,tgomero9@amazon.co.jp,52,874
875,Carmon,,55,875
876,Blair,blonnonob@statcounter.com,100,876
877,Adria,aiglesiazoc@free.fr,89,877
878,Cori,ctwinningod@blog.com,26,878
879,Archy,abamlettoe@over-blog.com,81,879
880,Scarlett,sleggesof@webnode.com,17,880
881,Ahmad,ahaibelog@gmpg.org,82,881
882,Wendie,wtortisoh@friendfeed.com,33,882
883,Randi,rwillattsoi@weebly.com,10,883
884,Evvy,eblodgettsoj@ca.gov,78,884
885,Aldridge,ajefferyok@tiny.cc,27,885
886,Lynnet,lcorzonol@constantcontact.com,8,886
887,Britni,,59,887
888,Drucy,dsymmerson@joomla.org,29,888
889,Elana,ecavyoo@businesswire.com,99,889
890,Florrie,fswepstoneop@nbcnews.com,72,890
891,Gib,gleeburnoq@gravatar.com,50,891
892,Zacharia,zdanielotor@earthlink.net,67,892
893,Job,jmcgowranos@infoseek.co.jp,15,893
894,Kimball,kricksonot@soundcloud.com,82,894
895,Ronalda,rpittelou@berkeley.edu,41,895
896,Danyelle,dfilyukovov@cyberchimps.com,11,896
897,Lucian,lluceow@samsung.com,83,897
898,Odell,ocantuox@shareasale.com,76,898
899,Elka,everlingoy@dot.gov,20,899
900,Ermanno,,65,900
901,Caroline,cdeanesyp0@twitter.com,70,901
902,Evy,,31,902
903,Abbe,asorep2@economist.com,11,903
904,Simon,scarltonp3@cnn.com,23,904
905,Barrett,,69,905
906,Melantha,mhackingp5@photobucket.com,38,906
907,Tawsha,tscopesp6@census.gov,94,907
908,Cassondra,cbastenp7@cornell.edu,68,908
909,Abdul,ascrivensp8@posterous.com,38,909
910,Laverne,lochterlonyp9@elpais.com,93,910
911,Danielle,dbastonepa@washingtonpost.com,21,911
912,Itch,isimonepb@sfgate.com,40,912
913,Jobina,,66,913
914,Raine,rmatevosianpd@telegraph.co.uk,71,914
915,Pammi,ptilsonpe@usda.gov,31,915
916,Lemar,lthornewellpf@google.cn,91,916
917,Rafa,rmouncherpg@infoseek.co.jp,15,917
918,Julina,jmcclarenceph@tripod.com,35,918
919,Elaina,etriggpi@tiny.cc,19,919
920,Alice,amargrettpj@hc360.com,70,920
921,Jule,jbonifacepk@github.io,36,921
922,Darby,dexerpl@nps.gov,17,922
923,Frederich,,70,923
924,Kort,kshipstonpn@youku.com,70,924
925,Cecil,castillpo@goo.gl,20,925
926,Read,rjulienpp@chicagotribune.com,58,926
927,Corinna,cgoodrumpq@nifty.com,89,927
928,Del,dsheerinpr@tiny.cc,49,928
929,Colette,,74,929
930,Abe,aaldridgept@networkadvertising.org,11,930
931,Merwin,,51,931
932,Cassey,,83,932
933,Devlin,dslaynypw@ezinearticles.com,39,933
934,Odele,olowethpx@amazon.de,97,934
935,Marvin,msimapy@youku.com,4,935
936,Tandi,trickettpz@tiny.cc,35,936
937,Trace,tkennq0@friendfeed.com,95,937
938,Allin,aabdeeq1@cpanel.net,36,938
939,Lindi,lmoralesq2@theglobeandmail.com,39,939
940,Amber,afensomeq3@fda.gov,19,940
941,Kalie,kdakeq4@acquirethisname.com,76,941
942,Shelley,svancasteleq5@ovh.net,12,942
943,Denna,dschulzq6@amazon.co.uk,35,943
944,Maggi,mmunseyq7@nyu.edu,10,944
945,Knox,kkeyserq8@a8.net,85,945
946,Cullie,cflauneq9@tripod.com,93,946
947,Kristofor,kbrislaneqa@aol.com,61,947
948,Emelda,,79,948
949,Neilla,ndavidekqc@acquirethisname.com,50,949
950,Mendy,mgoscarqd@exblog.jp,57,950
951,Tucker,tgorettiqe@omniture.com,19,951
952,Lacy,,40,952
953,Kevina,kcapenorqg@g.co,50,953
954,Deana,dantushevqh@geocities.com,18,954
955,Nils,nsurgeonerqi@phoca.cz,18,955
956,Aliza,,11,956
957,Queenie,qrennlesqk@exblog.jp,51,957
958,Rubetta,rchatenierql@weather.com,71,958
959,Joly,jgreepqm@springer.com,24,959
960,Harmonie,hwinslettqn@narod.ru,34,960
961,Calida,,61,961
962,Leola,lpetyaninqp@nbcnews.com,23,962
963,Cullin,craxworthyqq@newsvine.com,65,963
964,Olin,omaliphantqr@squidoo.com,5,964
965,Sherm,shackingqs@wired.com,86,965
966,Karel,kdowardqt@cmu.edu,9,966
967,Rowe,rblunkettqu@simplemachines.org,54,967
968,Charis,ctornsqv@furl.net,45,968
969,Tanny,tdoughteryqw@e-recht24.de,72,969
970,Kristy,,68,970
971,Gwenora,gstitchqy@state.tx.us,83,971
972,Ignacio,,52,972
973,Moises,malexandrer0@cloudflare.com,7,973
974,Phillie,prussr1@nyu.edu,29,974
975,Faye,fburlingamer2@ycombinator.com,18,975
976,Reade,rminichillor3@baidu.com,45,976
977,Hilda,hstorrsr4@hud.gov,16,977
978,Charlena,cphilcottr5@shop-pro.jp,29,978
979,Elbertine,eramelr6@ucsd.edu,78,979
980,Tessa,,86,980
981,Stanislaw,sblasikr8@free.fr,30,981
982,Skipton,,17,982
983,Corinna,codyvoiera@accuweather.com,2,983
984,Barnabe,broydonrb@google.ru,85,984
985,Loree,lsergeanrc@people.com.cn,60,985
986,Annmarie,aphilippaultrd@wordpress.com,38,986
987,Harlin,hjelleyre@godaddy.com,44,987
988,Lyssa,lfranchionirf@army.mil,6,988
989,Kelley,ktookerg@theglobeandmail.com,46,989
990,Hailee,hlattierh@umn.edu,25,990
991,Hoebart,,94,991
992,Kimble,kmoirrj@si.edu,97,992
993,Umberto,udavydzenkork@netscape.com,33,993
994,Curry,cgaylordrl@ca.gov,18,994
995,Agatha,agironerm@tiny.cc,46,995
996,Nannette,nsmalmanrn@ocn.ne.jp,31,996
997,Bobinette,bgaskillro@sourceforge.net,59,997
998,Gayleen,gcollingworthrp@histats.com,38,998
999,Brandais,bfeldrq@washingtonpost.com,73,999
1000,Barde,,34,1000
