1|Basia Ervine|Female|31|Cogidoo
2|Sollie Clear|Male|58|Roodel
3|Boyd Mattaser|Male|87|Gabtune
4|Jyoti Scarth|Female|41|Zava
5|Tad Sapena|Male|70|Cogidoo
6|Neel Laird|Male|19|Kazu
7|Alexis Barstow|Female|7|Edgeblab
8|Maddalena Oguz|Female|70|Izio
9|Sharlene Giroldo|Female|73|Chatterbridge
10|Joan Soane|Female|40|Lazz
11|Kele Vlach|Male|66|Linkbridge
12|Daren Goodin|Male|18|Linkbuzz
13|Dedie Bail|Female|5|Oba
14|Brietta Pirolini|Female|35|Wordpedia
15|Hort Derington|Male|69|Innojam
16|Alyse Tomkys|Female|92|Quinu
17|Wenona Lealle|Female|40|Voonte
18|Gerianna Backwell|Female|85|Skivee
19|Eddy Barney|Male|34|Shuffletag
20|Dennie Kilbourn|Female|39|Gigabox
21|Bryna Collacombe|Female|12|Skilith
22|Berget Mealiffe|Female|99|Voolia
23|Baily Fassmann|Male|44|Photospace
24|Hanni Rowell|Female|80|Oyondu
25|Wainwright Fulep|Male|3|Feedbug
26|Winny Wratten|Female|41|Youspan
27|Alberto Probbing|Male|30|Brainbox
28|Neala Trevorrow|Female|22|Realpoint
29|Stewart Satterly|Male|78|Photolist
30|Elliot Cochran|Male|23|Avamm
31|Barbabra Pinsent|Female|37|Browsebug
32|Darell Godridge|Female|87|Fivechat
33|Ray Lillgard|Female|47|Eayo
34|Quentin Igounet|Female|3|Yodel
35|Idell Ofield|Female|16|Devcast
36|Cirilo Sandeson|Male|25|Fivechat
37|Staford Woollcott|Male|81|Meeveo
38|Lissi Dries|Female|67|Buzzster
39|Neilla Samart|Female|26|Ntag
40|Agustin Gyse|Male|27|Trunyx
41|Freedman Hindge|Male|65|Agimba
42|Davita Fields|Female|87|Leenti
43|Charlie Matura|Male|32|DabZ
44|Hubert Gillmore|Male|52|Topiczoom
45|Patten Brekonridge|Male|37|Skalith
46|Caprice Duns|Female|97|Innojam
47|Hillary Allsebrook|Female|72|Pixonyx
48|Sidoney Juares|Female|23|Shufflester
49|Jeri Petrus|Female|11|Bluezoom
50|Lewes Piatkow|Male|23|Yakitri
51|Dennie Rijkeseis|Male|62|Youspan
52|Benjie De Gowe|Male|10|Meeveo
53|Tracie Aupol|Female|87|Abata
54|Samara Akister|Female|61|Flashspan
55|Lewes Alldis|Male|67|Voonyx
56|Halette Nibloe|Female|28|Omba
57|Celinka Todari|Female|25|Brightbean
58|Batholomew Kempshall|Male|50|Roombo
59|Tamqrah Mantha|Female|16|Realfire
60|Lilyan Crocket|Female|88|Twitterbeat
61|Bear Roblou|Male|65|Voonte
62|Wynn Jakubovicz|Male|30|Devbug
63|Klarika Farress|Female|5|Brainbox
64|Burk Stamps|Male|63|Yakijo
65|Tobiah Insall|Male|97|Camimbo
66|Farrel Todarello|Male|5|Viva
67|Romonda Pillans|Female|11|Devshare
68|Melosa Alliband|Female|70|Feednation
69|Brigham Birdsall|Male|87|Vimbo
70|Base Ormiston|Male|86|Dynabox
71|Abram Cornil|Male|21|Feedfish
72|Annabela Dignum|Female|62|Dabfeed
73|Bev Astlatt|Male|52|JumpXS
74|Aldridge Berndt|Male|64|Digitube
75|Emmaline Cratchley|Female|75|Quaxo
76|Therine Buckthorpe|Female|7|Twiyo
77|Krista Sommerfeld|Female|26|Photobug
78|Berkly Guerrieri|Male|72|Vitz
79|Jody Waddingham|Male|21|Eadel
80|Hebert Soda|Male|27|Voolia
81|Thorny Leming|Male|92|Edgeclub
82|Lloyd Greetham|Male|3|Twinte
83|Demetris Claypool|Male|11|Skinix
84|Evonne Gudge|Female|14|Ainyx
85|Mahmoud Americi|Male|85|Jayo
86|Norma Burnet|Female|82|Mynte
87|Nathalie Catonne|Female|64|Brainverse
88|Erwin Pollastro|Male|29|Babbleset
89|Inessa Dumingo|Female|1|Yodel
90|Lyn Leander|Female|98|Podcat
91|Roscoe Winks|Male|97|Quamba
92|Johnette Pfeiffer|Female|53|Jetpulse
93|Elwin Garrattley|Male|20|Blognation
94|Hailey Satteford|Male|12|Tavu
95|Thorndike Creffield|Male|24|Jabbersphere
96|Lishe Ranklin|Female|92|Blognation
97|Felicle Rodolico|Female|94|Mycat
98|Keene Swanborough|Male|50|Youtags
99|Toddy Lambart|Male|94|Riffpedia
100|Fenelia Farge|Female|32|Quatz
101|Adria O'Rafferty|Female|12|Fatz
102|Bidget Frunks|Female|71|Avaveo
103|Daphne Kach|Female|55|Flashset
104|Corbett Drew-Clifton|Male|1|Fivebridge
105|Coop Exelby|Male|73|Photojam
106|Anallise O'Sherrin|Female|93|Npath
107|Cathrin Anderson|Female|96|Zazio
108|Barbabas Loughton|Male|97|Vinte
109|Lynsey Sprules|Female|67|Zooveo
110|Tarrance Connow|Male|13|Gabspot
111|Homerus Andrusyak|Male|58|Cogibox
112|Berkie Mardle|Male|63|Leenti
113|Olenka Chaman|Female|42|Skimia
114|Lyda Woodroff|Female|25|Thoughtworks
115|Calli Margaritelli|Female|15|Vidoo
116|Ross Vercruysse|Male|76|Fadeo
117|Aviva Pankethman|Female|54|Trudoo
118|Noah Essex|Male|67|Eire
119|Jacklin Powton|Female|76|Gabtune
120|Rancell Sparham|Male|18|Skiba
121|Armand Stripling|Male|25|Skidoo
122|Channa Sueter|Female|59|Bluejam
123|Fowler Patullo|Male|37|Demivee
124|Daveta Benion|Female|7|Gigashots
125|Friederike Rappa|Female|48|Flashdog
126|Cullie Honnicott|Male|55|Brightbean
127|Cassandra McParland|Female|25|Zoombeat
128|Darrelle Myhan|Female|90|Mycat
129|Julius Walesby|Male|91|Kazu
130|Nial Bullan|Male|94|Abata
131|Kirsti McEvoy|Female|83|Wikibox
132|Lindy Sobieski|Female|88|Quamba
133|Mona Kebell|Female|90|Dabfeed
134|Gunther Fretter|Male|50|Quimm
135|Bay Nutton|Male|57|Gigaclub
136|Wes Heigold|Male|80|Fivebridge
137|Amandie Frane|Female|65|Riffpedia
138|Josey Tyas|Female|92|Jabberstorm
139|Margarette Stert|Female|69|Ozu
140|Kelvin Oldridge|Male|28|LiveZ
141|Edmund Springtorpe|Male|90|Shuffledrive
142|Lin Brew|Male|3|Skyble
143|Caril McKmurrie|Female|4|Twimm
144|Pauly Dowsey|Female|29|Innotype
145|Vivie Cords|Female|67|Skinder
146|Nancie Sudlow|Female|66|Vipe
147|Alf Ackred|Male|36|Roombo
148|Giana Guye|Female|54|Realblab
149|Nil Randall|Male|34|Livepath
150|Valentijn Waterfall|Male|57|Youopia
151|Belle Erlam|Female|99|Aibox
152|Lizzie Sellack|Female|100|Yoveo
153|Rodolfo Furse|Male|92|Fivespan
154|Osbert Weins|Male|82|Oodoo
155|Shela Hadcock|Female|97|Jaxspan
156|Mal Roget|Male|2|Browsecat
157|Cobb Kiddell|Male|30|Tagchat
158|Anderson Sand|Male|76|Agimba
159|Conrado Czadla|Male|15|Divanoodle
160|Arther Sherrard|Male|67|Zoomzone
161|Derk Danat|Male|97|Zoovu
162|Mack Catlette|Male|62|Yacero
163|Felecia Bindley|Female|74|Zooveo
164|Brandi Dawtrey|Female|25|Pixonyx
165|Farris Loades|Male|74|Abata
166|Alice Swaisland|Female|68|Zoombox
167|Delphine Kippie|Female|65|Zoombox
168|Terrel Mattosoff|Male|78|Jabbercube
169|Sonnie Callam|Male|2|Oyoba
170|Waldo Trett|Male|24|Kare
171|Filmer Durrance|Male|20|Wikibox
172|Jessie Deelay|Male|84|Centimia
173|Tasia Archibald|Female|78|Midel
174|Sonia Fleeming|Female|37|Layo
175|Donelle Kielty|Female|14|Flipstorm
176|Sibylla Delucia|Female|5|Mybuzz
177|Saunder Fishe|Male|14|Dabfeed
178|Erie Serraillier|Male|9|Centizu
179|Cash Hawkswell|Male|14|Skinte
180|Karola Walsham|Female|55|Shuffledrive
181|Beilul Dugdale|Female|20|Gabvine
182|Winny Gerholz|Male|28|Skippad
183|Stormie Kissick|Female|71|LiveZ
184|Monique Wreath|Female|64|Photolist
185|Sheena Krabbe|Female|36|Bubbletube
186|Franky Daughtry|Female|74|Lajo
187|Arielle Beeble|Female|75|Gabtune
188|Verile Laslett|Female|40|Twinte
189|Ferdie Lamble|Male|86|Yozio
190|Conny Malkie|Female|60|Voomm
191|Marget Repp|Female|46|Lajo
192|Brina McLucas|Female|36|Dabjam
193|Woody Burk|Male|47|Edgewire
194|Samson Fetherston|Male|43|Realcube
195|Patricio Olivier|Male|28|Demizz
196|Inna Orford|Female|11|Demimbu
197|Jean Facchini|Male|27|Lazz
198|Geraldine Rasp|Female|66|Avamba
199|Tobye Pley|Female|80|Kwideo
200|Calley Burnett|Female|3|Brainbox
201|Harcourt Healey|Male|69|Lazz
202|Ruperto Caveill|Male|10|Twimm
203|Dael Harvison|Male|69|Thoughtblab
204|Deonne Everix|Female|100|Buzzdog
205|Cosette Mixer|Female|6|Topicshots
206|Francois Tullett|Male|42|Camimbo
207|Catriona Noni|Female|10|Katz
208|Oliver McCamish|Male|91|Jetwire
209|Gardner Piggins|Male|10|Podcat
210|Kristin Adenot|Female|67|Meevee
211|Filmer todor|Male|96|Cogidoo
212|Melli Desporte|Female|89|Thoughtmix
213|Ray Keenor|Female|77|Thoughtbeat
214|Kellen Lambeth|Female|75|Innotype
215|Nobe Eggleson|Male|76|Mynte
216|Russell Gambles|Male|70|Talane
217|Brittaney Mulhall|Female|10|Skibox
218|Roseanna Martugin|Female|41|Cogilith
219|Drucy Glancey|Female|15|Browsezoom
220|Janna Bredes|Female|29|Zoomlounge
221|Ricard Pashler|Male|95|Fivebridge
222|Cross Behning|Male|29|Thoughtsphere
223|Sallee Rispine|Female|65|Agivu
224|Maxwell Footitt|Male|29|Yoveo
225|Leslie MacFadzean|Male|55|Pixope
226|Rodolphe Hacking|Male|99|Kimia
227|Deedee Bycraft|Female|75|Kamba
228|Dania Barnewall|Female|25|Jazzy
229|Alric Boorn|Male|84|Dynava
230|Melantha Fundell|Female|29|Voonix
231|Bay Halbert|Male|9|Devpoint
232|Zachariah Worswick|Male|12|Blogspan
233|Reinhard Dixcee|Male|11|LiveZ
234|Coleman Karys|Male|87|Rooxo
235|Dody Fleckney|Female|14|Vipe
236|Ricard Troucher|Male|37|Eayo
237|Gabey Mayes|Female|82|Skimia
238|Octavius Greetham|Male|77|Brightdog
239|Erhart Cloutt|Male|47|Divavu
240|Augie Rosso|Male|21|Skiba
241|Gannon Gammons|Male|29|Trudeo
242|Shoshanna Surgison|Female|86|Wikizz
243|Stace Fake|Female|46|Gigaclub
244|Carissa Garfit|Female|37|Blogtags
245|Gigi Tregust|Female|3|Viva
246|Nicko Pesic|Male|78|Roomm
247|Myron Bunney|Male|42|Quatz
248|Shae Pasley|Male|48|Skippad
249|Ugo Shayes|Male|36|Eire
250|Adelaide Arkil|Female|100|Twitterworks
251|Ulrica Dupoy|Female|6|Blogtags
252|Kermie Crassweller|Male|91|Bubblebox
253|Gilly Casse|Female|69|Browsebug
254|Killian Wimlet|Male|54|Jetwire
255|Selie Wilfling|Female|38|Voomm
256|Junina Episcopi|Female|37|Gevee
257|Jorry Castelluzzi|Female|34|Kimia
258|Darnall Woodcock|Male|80|Thoughtbridge
259|Aron Hayden|Male|71|Divanoodle
260|Gianni Fitzer|Male|3|Gigazoom
261|Shandeigh Grono|Female|62|Yozio
262|Feodora Licari|Female|53|Abata
263|Carroll Dowding|Female|86|Thoughtsphere
264|Fidel Robertsson|Male|95|Tekfly
265|Norah Grebner|Female|95|Voolith
266|Pepe Cullerne|Male|42|Skipfire
267|Stanwood Kohrs|Male|20|Aimbo
268|Casie Bresson|Female|96|Kaymbo
269|Will Brewster|Male|81|Dabvine
270|Morgana Livzey|Female|29|Blognation
271|Irvine Ayscough|Male|83|Photolist
272|Daniele Holleworth|Female|92|Demimbu
273|Conrad Bourdon|Male|75|Zooxo
274|Meredeth Yglesia|Male|15|Youfeed
275|Antonius Jahn|Male|7|Tekfly
276|Verna Jimson|Female|43|Tagpad
277|Leeanne Pagden|Female|51|Omba
278|Junina Bucknall|Female|74|Tagcat
279|Patrick Dare|Male|9|Bubbletube
280|Dilan Brownsword|Male|28|Roodel
281|Aldon Rief|Male|91|Vipe
282|Fonzie Beaman|Male|46|Cogibox
283|Gwynne Maxfield|Female|33|Divape
284|Jody Giffard|Female|71|Jabberstorm
285|Nero Cleave|Male|53|Ainyx
286|Ferdinand Belle|Male|28|Plambee
287|Izzy Germann|Male|58|Devify
288|Kincaid Cullen|Male|59|Eadel
289|Ezmeralda Paolazzi|Female|71|Zava
290|Jessa McQuirk|Female|24|Oyoba
291|Amabel Botley|Female|47|Devbug
292|Erik Tick|Male|20|Fivespan
293|Verina Bearns|Female|90|Skaboo
294|Leta Cathrae|Female|22|Oyoloo
295|Lilias Votier|Female|10|Kwilith
296|Valentijn Amer|Male|20|Twitterlist
297|Jackson McDonald|Male|90|Eare
298|Melody Purkiss|Female|100|Buzzster
299|Christoffer Vasishchev|Male|35|Pixoboo
300|Buffy Pragnall|Female|2|Wordpedia
301|Marna Como|Female|49|Centidel
302|Bealle Pitbladdo|Male|69|Ooba
303|Franky Ditchett|Female|97|Gabcube
304|Farra Lambregts|Female|10|Bluezoom
305|Cornelia Wymer|Female|3|Aivee
306|Caryl Ivanets|Male|49|Rhycero
307|Niccolo Parrott|Male|14|Zooveo
308|Lesya Banner|Female|46|Feedfire
309|Saleem Simmonett|Male|72|Linkbridge
310|Helaina Shotter|Female|34|Zoomcast
311|Anabelle Winram|Female|72|Photofeed
312|Leigh Wheelan|Male|45|Skalith
313|Mora Hardistry|Female|44|Muxo
314|Gussy Tinsey|Female|48|Vitz
315|Orrin Barbery|Male|5|Edgetag
316|Thaine Handyside|Male|26|Devcast
317|Sherri Conlon|Female|41|Zoonder
318|Con Davers|Female|33|Mita
319|Eimile Yeowell|Female|51|Browsebug
320|Reinaldo Dietzler|Male|92|Livetube
321|Elly Morsom|Female|78|Jabberbean
322|Prudy Rebbeck|Female|40|Babbleopia
323|Clair Kairns|Male|53|Dabjam
324|Rhea Pinor|Female|91|Pixonyx
325|Larissa Geroldini|Female|73|Skiptube
326|Riley Juliano|Male|11|Kwinu
327|Matias Corradi|Male|49|Cogidoo
328|Nanny Chalcraft|Female|29|Katz
329|Bekki Muzzollo|Female|1|Wikido
330|Sarge Farnill|Male|44|Mita
331|Jess Arndell|Female|92|Realmix
332|Wiley Strafen|Male|17|Meemm
333|Maggie Parkinson|Female|94|Zoomlounge
334|Phaedra Plott|Female|47|Tagchat
335|Goddart Bolesworth|Male|56|Meevee
336|Alie Lyne|Female|5|Buzzster
337|Erl McElroy|Male|24|Divavu
338|Marylin Dunckley|Female|57|Trilith
339|Julita Alldis|Female|23|Tavu
340|Raphael Feighry|Male|39|Feedbug
341|Cristiano Massey|Male|30|Skippad
342|Kinsley Merrison|Male|94|Photojam
343|Mirella Alldritt|Female|6|Roombo
344|Anthe Olesen|Female|44|Linkbridge
345|Charmine L'Hommee|Female|74|Vidoo
346|Nelia Raithby|Female|17|Twitterlist
347|Barbi Swatridge|Female|61|Bubblemix
348|Christine Gossop|Female|73|Wordify
349|Tulley Purves|Male|11|Babbleopia
350|Darda Hars|Female|90|Centidel
351|Jard Baly|Male|9|Twitterbeat
352|Alison Klais|Female|88|Digitube
353|Donavon Van der Beek|Male|62|Tagopia
354|Jamaal Bolderson|Male|81|Voonyx
355|Analiese Glassford|Female|20|Gabvine
356|Lorraine Warriner|Female|53|Leenti
357|Wilma Brogan|Female|23|Jaloo
358|Bond Yoell|Male|38|Photobug
359|Angelico Jiru|Male|18|Flashspan
360|Demetria Zielinski|Female|78|Gabcube
361|Booth Bullion|Male|97|Mymm
362|Allyce Kirkman|Female|18|Voonix
363|Jobi Lessmare|Female|58|Shufflester
364|Kacie Perrott|Female|60|Kimia
365|Alastair Fridaye|Male|49|Riffwire
366|Vivyan Killingworth|Female|33|Jetpulse
367|Karly Grinishin|Female|64|Twinte
368|Elisabeth Gladdifh|Female|57|Yacero
369|Leopold Shuard|Male|93|Bluejam
370|Dennet Lippiatt|Male|10|Gabspot
371|Sigismund Cornilleau|Male|56|Viva
372|Clementina Littledike|Female|99|Browseblab
373|Jase Grahamslaw|Male|43|Yombu
374|Jameson Shepstone|Male|20|Jetpulse
375|Chris Jedras|Male|68|Oba
376|Cristian Rhead|Male|92|Rhycero
377|Meridith Gajewski|Female|92|Skyba
378|Caryn Banville|Female|74|Tambee
379|Osbert Middlemiss|Male|63|Yotz
380|Shaw Aishford|Male|51|Kamba
381|Don Verdon|Male|53|Quamba
382|Jan Vamplus|Male|64|Rhynoodle
383|Brett Canet|Male|80|Meezzy
384|Kim Belin|Male|57|Mita
385|Den Legrice|Male|70|Shuffledrive
386|Dill Issacov|Male|76|Plambee
387|Sammy McCaughey|Male|31|Tagpad
388|Daron Forson|Male|66|Flashset
389|Debbi Woods|Female|77|Reallinks
390|May Skellern|Female|74|Oba
391|Glenda Wrathmall|Female|76|Devify
392|Derk Crippell|Male|100|Riffpath
393|Wilbur Rozanski|Male|17|Myworks
394|Ralina Houliston|Female|73|Jayo
395|Lovell Pomphrett|Male|80|Skyvu
396|Zelda Crichten|Female|19|Zoozzy
397|Aurelea Drinkel|Female|3|Katz
398|Helga Sliman|Female|65|Katz
399|Ali Goch|Male|75|Voolia
400|Reube Grabb|Male|2|Jetpulse
401|Adena Stinson|Female|91|Blognation
402|Ethelin Bungey|Female|87|Tagchat
403|Fremont Duthy|Male|68|Midel
404|Reece Farnorth|Male|77|Twitternation
405|Honor Menichi|Female|34|Tavu
406|Fraze Hainge|Male|98|Livetube
407|Phil Whitham|Female|68|Eadel
408|Leila Camilleri|Female|68|Mynte
409|Heda Bossom|Female|83|Pixonyx
410|Emelita Grissett|Female|3|Skyba
411|Clementine Downage|Female|77|Skidoo
412|Lark Winterscale|Female|91|Zoovu
413|Neely Jeduch|Female|74|BlogXS
414|Orsa Urvoy|Female|1|Fivechat
415|Tedie Snel|Male|36|Devbug
416|Rory Fludder|Male|48|Skyba
417|Emma Dunley|Female|19|Edgetag
418|Forrester Merwood|Male|70|Miboo
419|Ann Shimmings|Female|58|Skivee
420|Garvin Brewerton|Male|3|Tambee
421|Rob Curnick|Male|20|Dabjam
422|Arlene Duding|Female|10|Jaloo
423|Ermentrude Bohman|Female|97|Twitterbeat
424|Kirby Tinniswood|Male|28|Roombo
425|Elmer Minors|Male|25|Jetpulse
426|Michaelina Itzhayek|Female|22|Buzzster
427|Blinny Inker|Female|30|Yodoo
428|Gerty Beaver|Female|70|Muxo
429|Vinny Sivil|Female|3|Realpoint
430|Nickola Darcey|Male|11|Aibox
431|Augy Reicharz|Male|54|Linkbridge
432|Prentice Durdy|Male|27|Browsedrive
433|Minerva Drohun|Female|67|Buzzster
434|Christean Auchinleck|Female|37|Muxo
435|Molli Kemme|Female|80|Dynazzy
436|Ezmeralda Strickler|Female|71|Camido
437|Kalvin Manon|Male|24|Voonyx
438|Wadsworth Shildrick|Male|6|Livetube
439|Adah Asaaf|Female|75|Photojam
440|Gunner Hovie|Male|8|Tagtune
441|Livy O'Crigane|Female|31|Photojam
442|Niel Sherborne|Male|54|Divape
443|Phyllida Jossel|Female|8|Kwimbee
444|Bertie Fernant|Female|3|Zoozzy
445|Trish Hollier|Female|87|Jaxworks
446|Kristin Burford|Female|76|Cogilith
447|Pepito Russell|Male|12|Devify
448|Odilia Esser|Female|43|Aivee
449|Freda MacCauley|Female|96|Eire
450|Susy Smythe|Female|100|Yakijo
451|Alfie Maneylaws|Male|39|Brainbox
452|Baily De Witt|Male|40|Kwimbee
453|Lisbeth Di Batista|Female|20|Zoomcast
454|Clive Sember|Male|28|Zoonoodle
455|Linnie Smurfitt|Female|26|Topicshots
456|Sybila Cobbald|Female|47|Trudoo
457|Celesta Bainton|Female|25|Mybuzz
458|Jillie Anstie|Female|3|Aimbu
459|Esteban Klauer|Male|21|Leexo
460|Lizzy Findley|Female|6|Aivee
461|Gracie Arr|Female|75|Skyvu
462|Matilda Renouf|Female|59|Vinte
463|Donielle Essery|Female|83|Livetube
464|Karita Dimanche|Female|34|Flashset
465|Gunar Shenton|Male|34|Oyoba
466|El Dorie|Male|42|Ooba
467|Leontine Flood|Female|78|Zazio
468|Johnathan Frostdyke|Male|26|LiveZ
469|Haley Macy|Female|96|Thoughtstorm
470|Krista Dumbarton|Female|9|Yambee
471|Erwin Chastand|Male|19|DabZ
472|Rozelle Agate|Female|63|Chatterpoint
473|Mari Lamzed|Female|18|Feedfire
474|Thorsten Santer|Male|80|Dynazzy
475|Donnell Hulmes|Male|69|Gigazoom
476|Vittorio Marder|Male|54|Meemm
477|Wilmar Lyosik|Male|80|Buzzdog
478|Malinda Mundell|Female|30|Twinder
479|Etheline Lemasney|Female|94|Tagtune
480|Chicky Joselevitch|Male|21|Yamia
481|Ramsey Feenan|Male|3|Wikido
482|Thane Lelievre|Male|62|Browseblab
483|Kendrick Swinfon|Male|14|Meeveo
484|Joyce Heaysman|Female|74|Dabjam
485|Emmi Stigell|Female|66|Devbug
486|Cortney Itzkovitch|Female|8|Quinu
487|Ferd Strowlger|Male|83|Roombo
488|Antonie Schall|Female|27|Ainyx
489|Carny Geggie|Male|70|Muxo
490|Ardine Feltoe|Female|74|Edgeclub
491|Lawton Lindenblatt|Male|3|Twimbo
492|Jimmy Matuskiewicz|Male|23|Skivee
493|Betteanne Outibridge|Female|70|Blogpad
494|Kev Oris|Male|7|Realbridge
495|Zeke Vellden|Male|76|Voomm
496|Lurlene Cellier|Female|15|Skynoodle
497|Lonni Nipper|Female|14|Twitterbridge
498|Brianne Hefford|Female|2|Kaymbo
499|Reinwald Eles|Male|22|Thoughtbeat
500|Franklin Pimlock|Male|66|Bluejam
501|Dasha Franzolini|Female|35|Eamia
502|Morgen Dicey|Male|23|Skimia
503|Teriann Champley|Female|20|Ailane
504|Padriac Brashier|Male|84|Aimbu
505|Dana Goulstone|Female|40|Feedfish
506|Dolly Rosengart|Female|20|Topiclounge
507|Sara Petchell|Female|77|Kazu
508|Brett Drysdall|Male|96|Twimm
509|Beau Kaes|Male|9|Edgeblab
510|Emeline Smithe|Female|29|Rhyzio
511|Alfonse Aysh|Male|51|Twitterbeat
512|Alexine Wedderburn|Female|90|Edgeclub
513|Maribelle Roman|Female|60|Quamba
514|Reba Parvin|Female|60|Voonte
515|Jeramey Clayfield|Male|83|Brainsphere
516|Eb Perillo|Male|44|Linklinks
517|Beatriz Renshall|Female|77|Brightdog
518|Rubi Elcoate|Female|22|Mymm
519|Rhetta Coniff|Female|76|Mybuzz
520|Jamie de Juares|Male|63|Leenti
521|Thomasa Allsworth|Female|91|Vitz
522|Henry Twopenny|Male|28|Thoughtworks
523|Stanislas MacLoughlin|Male|64|Gigabox
524|Debbi Sijmons|Female|92|Skipstorm
525|Riane Faircliff|Female|29|Skipfire
526|Corrie Flack|Male|51|Skilith
527|Arnie Simants|Male|65|Buzzdog
528|Omero Liddard|Male|42|Yotz
529|Emeline Itzkovwich|Female|34|Oyoyo
530|Stern Walicki|Male|99|Quatz
531|Stanfield Stockill|Male|34|Dabshots
532|Woodie Pinney|Male|95|Eayo
533|Athene holmes|Female|88|Blogspan
534|Natalina Bizley|Female|92|Omba
535|Bay Patifield|Male|73|Dabshots
536|Hailee Bearblock|Female|74|DabZ
537|Panchito Martinets|Male|6|Camimbo
538|Monti Semerad|Male|56|Oozz
539|Zachary Jenny|Male|7|Edgeify
540|Austin Sinncock|Male|93|Vipe
541|Linnell Laughlin|Female|88|Eadel
542|Ryan Brill|Male|34|Yombu
543|Aldric Carletti|Male|71|Realpoint
544|Alexandro Matis|Male|28|Ailane
545|Anton Curnokk|Male|61|Devify
546|Marcel Duckhouse|Male|95|Twiyo
547|Alvina Freeberne|Female|92|Camimbo
548|Dalila Sponer|Female|85|Skimia
549|Essie Sorton|Female|67|Eadel
550|Aubrette Orknay|Female|91|Thoughtstorm
551|Mellie Stoker|Female|28|Pixope
552|Chiquia Boick|Female|94|Devbug
553|Emmit Ungaretti|Male|83|Skipstorm
554|Berk Sandeland|Male|44|Meemm
555|Rosella Allgood|Female|9|Topicshots
556|Bonny Furneaux|Female|20|Buzzshare
557|Gal Quinet|Male|55|Mynte
558|Melli Summerton|Female|69|Myworks
559|Yank Lowdwell|Male|59|Rooxo
560|Cissy Hamner|Female|92|Ntags
561|Lonnie Woolland|Male|10|Lazzy
562|Loralyn Garrick|Female|75|Oloo
563|Orran Melin|Male|23|Centidel
564|Genny Duffill|Female|91|Dabfeed
565|Hyman Tiron|Male|81|Linkbuzz
566|Francine Blackley|Female|42|Jabbercube
567|Rois Duquesnay|Female|100|Meeveo
568|Dion Wagner|Female|76|Fanoodle
569|Emera Sandiland|Female|95|Reallinks
570|Jania Muldowney|Female|89|Devcast
571|Jeffry Cabrara|Male|10|Rhynyx
572|Stacey Dell|Female|55|Brainverse
573|Odella Maginn|Female|57|Photospace
574|Martha Klempke|Female|89|Minyx
575|Franny Arzu|Female|90|Podcat
576|Sarajane Deaville|Female|5|Twinte
577|Letty Last|Female|86|Abata
578|Bianka Rennard|Female|5|Miboo
579|Alano Wem|Male|79|Quatz
580|Ronald Culshew|Male|46|Nlounge
581|Jonathan Tame|Male|85|Edgeclub
582|Travus Crix|Male|23|Rhyloo
583|Doti Race|Female|22|Mynte
584|Sherrie Kinkade|Female|9|Fliptune
585|Tiphanie Joost|Female|31|Roombo
586|Rheta Newey|Female|21|Myworks
587|Janie Ventom|Female|76|Demivee
588|Leroi Illwell|Male|80|Cogidoo
589|Briny Steade|Female|48|Jazzy
590|Banky Dorant|Male|40|Mydeo
591|Ernestus Bangham|Male|79|Aivee
592|Wernher Weldrake|Male|66|Flipbug
593|Gottfried Kuhle|Male|25|Roodel
594|Lorain Sheer|Female|95|Babbleopia
595|Prince Broszkiewicz|Male|69|Brainsphere
596|Dominique Blaschke|Female|59|Skiba
597|Barrett Bertlin|Male|35|Mydeo
598|Wright Hamon|Male|87|Quinu
599|Sibyl Durbin|Female|16|Brightdog
600|Braden Rollins|Male|89|Voonyx
601|Erena Daud|Female|25|Twitterbridge
602|Sherie Dwelly|Female|66|Voomm
603|Mozes Semor|Male|97|Tagopia
604|Izzy Parr|Male|78|Zava
605|Vida Conduit|Female|41|Oba
606|Ursa Bifield|Female|45|Photobug
607|Cristiano Boothebie|Male|7|Jabbercube
608|Ced Menghi|Male|65|Blogpad
609|Grata Glaysher|Female|97|Skibox
610|Gannie Castanares|Male|94|Trupe
611|Ricoriki Drinkhill|Male|100|Kazu
612|Gavra Dunne|Female|66|Twitterworks
613|Vince Suller|Male|14|Leenti
614|Roddy Bertome|Male|19|Yata
615|Audrie Matthew|Female|66|Photobean
616|Cybill Seage|Female|80|Jayo
617|Loy Geratt|Male|11|Divavu
618|Denis Toner|Male|16|Quimm
619|Simeon Meech|Male|37|Pixonyx
620|Carin Olkowicz|Female|92|Livepath
621|Cary Heathwood|Male|47|Yadel
622|Mikel Jefferd|Male|96|Skivee
623|Colly Tiltman|Female|30|Yotz
624|Aguie Grimmett|Male|16|Twitterbridge
625|Hilarius Chantrell|Male|43|Kazu
626|Coretta Penritt|Female|76|Yoveo
627|Tybi Patterfield|Female|73|Twinder
628|Ethel Cesco|Female|54|Voolith
629|Eba Ambridge|Female|66|Thoughtstorm
630|Albert McKeating|Male|71|Divape
631|Jarvis Samsworth|Male|2|Devify
632|Arch Stolte|Male|79|Youbridge
633|Mart Albery|Male|84|Topicblab
634|Dicky Shipway|Male|61|Devpulse
635|Crissie Loakes|Female|13|Yakitri
636|Willow Grummitt|Female|23|Kamba
637|Gray Bruford|Female|4|Eadel
638|Paton Pleace|Male|22|Avaveo
639|North Szymczyk|Male|99|Eayo
640|Dion Duke|Female|90|Camimbo
641|Sawyere Aveling|Male|34|Edgeclub
642|Tedi Filby|Female|17|Dynava
643|Gleda Summerill|Female|19|Thoughtsphere
644|Tremaine Walklott|Male|6|Camimbo
645|Renelle Byram|Female|60|Flashdog
646|Carney Pennick|Male|35|Dabjam
647|Zebedee Soeiro|Male|36|Twimm
648|Bride Prantl|Female|28|Dynava
649|Pieter Tithecote|Male|30|Realbridge
650|Lily Mees|Female|71|Eayo
651|Felike Beirne|Male|68|Innojam
652|Dorry MacDunleavy|Female|27|Feedspan
653|Cirillo Jessope|Male|48|Zooveo
654|Harriette Shedden|Female|19|Trunyx
655|Amabel Livezey|Female|74|Thoughtsphere
656|Brendis McCome|Male|49|Skyndu
657|Kiersten O'Mannion|Female|96|Quatz
658|Markos Costi|Male|20|Wikido
659|Eb Doog|Male|95|Livepath
660|Antoni Bruinemann|Male|62|Eazzy
661|Ewen Goter|Male|84|Oozz
662|Jaquelin Iley|Female|80|Voolia
663|Gerome MacCarter|Male|81|Fiveclub
664|Dolly Furlong|Female|23|Edgepulse
665|Flint Roadknight|Male|6|Livefish
666|Elfie Swithenby|Female|54|Feedfire
667|Linoel Trevorrow|Male|90|Bubblebox
668|Teena Pedrazzi|Female|79|Viva
669|Marna McCleverty|Female|12|Skaboo
670|Kora Castleman|Female|48|Feedmix
671|Pacorro Weathers|Male|59|Tazzy
672|Alejoa Shyre|Male|68|Meevee
673|Rasla MacNeice|Female|9|Roomm
674|Raye Saffran|Female|86|Browsecat
675|Aaron Riches|Male|77|Dabjam
676|Pierrette Labat|Female|20|Layo
677|Delinda Dana|Female|27|LiveZ
678|Lindsy Enderlein|Female|28|Zoonder
679|Suzy Miebes|Female|93|Eidel
680|Franny O'Lehane|Female|71|Oyondu
681|Bamby Bascombe|Female|81|Tazzy
682|Loy LaBastida|Male|93|Avavee
683|Antoni Ivakhno|Male|39|Miboo
684|Carroll Scotchbrook|Male|61|Jabberbean
685|Chadwick Van Schaffla|Male|7|Twitterbridge
686|Standford Diboll|Male|28|Vimbo
687|Cordie Sworne|Male|88|Brightbean
688|Marleah McVeighty|Female|88|Vidoo
689|Reggie Dahl|Female|18|Zoonder
690|Basilio Dabrowski|Male|69|Devshare
691|Milo Porrett|Male|32|Chatterpoint
692|Bernice Pirrie|Female|14|Wordware
693|Hanna Headland|Female|84|Tagtune
694|Helli Haberjam|Female|92|Flashspan
695|Josefina Woodwin|Female|31|Skalith
696|Jacinta Rakes|Female|35|Oyoloo
697|Gar Toal|Male|87|Reallinks
698|Berget Luxmoore|Female|65|Eayo
699|Estelle Hadeke|Female|69|Trunyx
700|Bertie Elwyn|Female|49|Zoomcast
701|Bernette Swarbrigg|Female|55|Vipe
702|Aloysia Chinnock|Female|77|Photolist
703|Killie Whistan|Male|36|Kare
704|Kermy Trustie|Male|28|Babbleblab
705|Fredrick Boath|Male|65|Agivu
706|Fabiano Cullum|Male|68|Yodoo
707|Benedicta Minichi|Female|75|Realfire
708|Valdemar Newarte|Male|89|Fliptune
709|Norris Skeath|Male|18|Mynte
710|Tabbie Hawkins|Male|23|Quatz
711|Ernaline Ghelardi|Female|38|Twitterbeat
712|Mateo Weekly|Male|90|Twiyo
713|Sigfrid Jannequin|Male|18|Mydo
714|Marshall Ismay|Male|78|Skyndu
715|Lesley Wickstead|Male|35|Ainyx
716|Heida Rignoldes|Female|94|Shuffletag
717|Hunt Prester|Male|43|Skajo
718|Caresse Miquelet|Female|35|Kwilith
719|Christiano Akett|Male|38|Twitterbridge
720|Codi Blakeden|Female|58|Rhycero
721|Alastair Alekhov|Male|4|Kwideo
722|Shelia Glasscott|Female|89|Voolia
723|Hester Roo|Female|51|Devpulse
724|Cordy Birchenough|Male|36|Vimbo
725|Riordan Airey|Male|5|Oba
726|Dorris Osbaldstone|Female|53|Babblestorm
727|Paola Symes|Female|58|Shuffletag
728|Hyacintha Langtry|Female|37|Realblab
729|Zebedee Storm|Male|62|Meemm
730|Herrick Craighill|Male|81|Dynazzy
731|Rob Fuentez|Male|92|Wikido
732|Mavra Spaduzza|Female|77|Topiclounge
733|Gideon Keable|Male|49|Tambee
734|Jedidiah Clarabut|Male|70|Fivespan
735|Gabriele McGeneay|Male|27|Twitterworks
736|Rochelle Whiteman|Female|67|Topiclounge
737|Florenza Evenett|Female|69|Fadeo
738|Rodney Goater|Male|51|Livefish
739|Cassius McCooke|Male|43|LiveZ
740|Northrop Fidoe|Male|5|Ntag
741|Zelig Rigard|Male|78|Devpulse
742|Stefanie Sime|Female|57|Dabshots
743|Davide Heintsch|Male|10|Fadeo
744|Debbie Housiaux|Female|32|Rhybox
745|Arabel Gayden|Female|72|Eidel
746|Patrice Worledge|Male|16|Avamba
747|Rozelle Manchester|Female|70|Bubblemix
748|Rebe Abbe|Female|95|Mita
749|Boonie Fears|Male|15|Centizu
750|Gustavus Hollingby|Male|25|Feedbug
751|Darcy Broadbridge|Male|76|Mynte
752|Alfonse Frederick|Male|31|Leenti
753|Bronson Goolding|Male|60|Ainyx
754|Harriot Mahaddy|Female|44|Linkbuzz
755|Gabbie Pimmocke|Male|33|Fliptune
756|Lewiss Rigmand|Male|2|Ainyx
757|Orly Pennington|Female|4|Demizz
758|Lyle Fereday|Male|99|Edgeclub
759|Herminia Wilcinskis|Female|69|Oyoloo
760|Emalia Redhouse|Female|66|Gabcube
761|Johnny Ritchard|Male|76|Edgeblab
762|Thom Stallworthy|Male|67|Lazz
763|Jania Christal|Female|90|Tagcat
764|Daryl Gensavage|Male|35|Yotz
765|Marcelia Lube|Female|40|Aimbu
766|Ely Merigon|Male|94|Brightbean
767|Abelard Millthorpe|Male|98|Fiveclub
768|Khalil Learoyd|Male|3|Jabbersphere
769|Peirce Gibbins|Male|90|Linkbuzz
770|Nicholle Tibalt|Female|44|Browseblab
771|Honoria Flaherty|Female|21|Vitz
772|Celinda Fairhurst|Female|94|Brainsphere
773|Irwin Varfolomeev|Male|33|Jabbersphere
774|Edvard Reboul|Male|5|Flashpoint
775|Wain Spurritt|Male|20|Tagfeed
776|Rivkah Nottingam|Female|69|Eare
777|Ola Chieco|Female|62|Gabvine
778|Maurice Stut|Male|46|Vitz
779|Eula Tuttiett|Female|53|Tagopia
780|Germain Stickels|Male|44|Quire
781|Jamey Wylie|Male|89|Topdrive
782|Dehlia Wroughton|Female|10|Topicshots
783|Concettina Mummery|Female|31|Mycat
784|Monroe Endicott|Male|27|Fivechat
785|Benedikta Ashwood|Female|11|Buzzshare
786|Shannon Long|Female|57|Roodel
787|Karmen Whitlock|Female|14|Skinder
788|Gussie Hobell|Female|14|Nlounge
789|Jeremie Shayler|Male|23|Rhycero
790|Elroy Fleg|Male|88|Pixonyx
791|Valerye Goadbie|Female|78|Twinte
792|Adda Gallyon|Female|8|Kaymbo
793|Burr Breedy|Male|66|Zoombeat
794|Caldwell Slessor|Male|81|Kayveo
795|Emlen O'Fallowne|Male|9|Twiyo
796|Jarrad Haggard|Male|70|Twimbo
797|Dawna Dunkerton|Female|67|Camido
798|Cleavland Gommes|Male|67|Trudoo
799|Hussein Goffe|Male|72|Shufflester
800|Rolando Whardley|Male|15|Voonix
801|Cozmo Kincade|Male|48|Zoombox
802|Frank Dewan|Male|76|Browseblab
803|Augie Sultana|Male|82|Flashdog
804|Rayner Readings|Male|11|Fivechat
805|Dannel Terrill|Male|95|Janyx
806|Hans Zollner|Male|97|Minyx
807|Ketty Bachelor|Female|67|Cogilith
808|Bartie MacDowall|Male|60|Jabberbean
809|Athena Instone|Female|77|Mybuzz
810|Brandice Masters|Female|51|Oba
811|Yolande Sorrie|Female|33|Buzzshare
812|Donnie Brose|Male|33|Quamba
813|Constantia Romeril|Female|48|Oyonder
814|Terra Swarbrick|Female|45|Centimia
815|Dorene Fomichyov|Female|89|DabZ
816|Boote Stonary|Male|82|Gabcube
817|Nancee Bamborough|Female|91|Skyba
818|Cherey Tallyn|Female|81|Kayveo
819|Vonni Sponer|Female|68|Edgewire
820|Kyrstin Aronowitz|Female|51|Photospace
821|Clay Lisimore|Male|44|Cogidoo
822|Hubey Tolfrey|Male|73|Flashset
823|Alberik MacAdam|Male|10|Rhyloo
824|Vern Cubitt|Male|74|Reallinks
825|Chancey Everil|Male|95|Meevee
826|Hasty Byart|Male|38|Twimbo
827|Leeanne Espasa|Female|55|Dynava
828|Annadiana Berfoot|Female|94|Voomm
829|Merell Rousell|Male|78|Dabtype
830|Suzette Skryne|Female|10|Mita
831|Yvon Fursey|Male|39|Thoughtsphere
832|Alic Duchatel|Male|87|Oozz
833|Lara Lambrick|Female|27|Gigabox
834|Balduin Clineck|Male|85|Voomm
835|Ring Cabrales|Male|29|Flashset
836|Gibby Derisley|Male|38|Vipe
837|Dal Robertacci|Male|22|Jabberstorm
838|Vitia Despenser|Female|33|Realbridge
839|Nonna Winspar|Female|52|Roombo
840|Ronda Menilove|Female|97|Tagchat
841|Ralf Dametti|Male|92|Brainsphere
842|Clareta Stoffer|Female|46|Rhybox
843|Aldridge Vivien|Male|41|Thoughtstorm
844|Anna Petracek|Female|62|Realfire
845|Mag Gudeman|Female|100|Dabshots
846|Bendicty Bohlens|Male|96|Miboo
847|Cornell Lamonby|Male|12|Divanoodle
848|Townsend Hindhaugh|Male|84|Flashspan
849|Emmi Dearan|Female|18|Wikido
850|Thorpe Kamiyama|Male|49|Youspan
851|Sasha Alen|Male|45|Camimbo
852|Linell Dabnor|Female|17|Livetube
853|Tabbie Laurance|Female|13|Jabberbean
854|Marika Malinson|Female|27|Avavee
855|Emelina Soldi|Female|23|Zoozzy
856|Kristofer MacParlan|Male|78|Tazzy
857|Sully Klaessen|Male|47|Divape
858|Stormy Cliff|Female|5|Chatterpoint
859|Stanislaw Spindler|Male|62|Centimia
860|Alis Viles|Female|33|InnoZ
861|Jorry Gross|Female|39|Fivespan
862|Kalie Planke|Female|63|Avavee
863|Quill Dinnies|Male|28|Quimba
864|Rutherford Baldock|Male|33|Gigaclub
865|Pat Fligg|Male|93|Topiclounge
866|Baldwin Rathjen|Male|79|Thoughtstorm
867|Liesa Cutteridge|Female|25|Izio
868|Bartholomew Schaumann|Male|56|Tekfly
869|Issie Tubridy|Female|93|Brainlounge
870|Penn Shovelbottom|Male|46|Yambee
871|Lucian Margiotta|Male|93|Meezzy
872|Glennie Van der Beek|Female|18|Tanoodle
873|Gill Parades|Male|91|Bubbletube
874|Tomi Gomer|Female|52|Cogilith
875|Carmon Ferrick|Female|55|Devbug
876|Blair Lonnon|Female|100|Zoombox
877|Adria Iglesiaz|Female|89|Pixope
878|Cori Twinning|Female|26|Viva
879|Archy Bamlett|Male|81|Trudeo
880|Scarlett Legges|Female|17|Teklist
881|Ahmad Haibel|Male|82|Myworks
882|Wendie Tortis|Female|33|Zoomzone
883|Randi Willatts|Female|10|Tavu
884|Evvy Blodgetts|Female|78|Thoughtbridge
885|Aldridge Jeffery|Male|27|Edgepulse
886|Lynnet Corzon|Female|8|Tagpad
887|Britni Padkin|Female|59|Aimbo
888|Drucy Symmers|Female|29|Miboo
889|Elana Cavy|Female|99|Dynazzy
890|Florrie Swepstone|Female|72|Jaxworks
891|Gib Leeburn|Male|50|Trudeo
892|Zacharia Danielot|Male|67|Quimm
893|Job McGowran|Male|15|Livetube
894|Kimball Rickson|Male|82|Cogilith
895|Ronalda Pittel|Female|41|Linkbridge
896|Danyelle Filyukov|Female|11|Fivespan
897|Lucian Luce|Male|83|Ainyx
898|Odell Cantu|Male|76|Realblab
899|Elka Verling|Female|20|Devpulse
900|Ermanno Alvarado|Male|65|Kamba
901|Caroline De Anesy|Female|70|Fadeo
902|Evy Stodd|Female|31|Npath
903|Abbe Sore|Female|11|Mynte
904|Simon Carlton|Male|23|Twitterbeat
905|Barrett Zemler|Male|69|Livetube
906|Melantha Hacking|Female|38|Skimia
907|Tawsha Scopes|Female|94|Dabvine
908|Cassondra Basten|Female|68|Zoombox
909|Abdul Scrivens|Male|38|Vitz
910|Laverne Ochterlony|Female|93|Geba
911|Danielle Bastone|Female|21|Voonte
912|Itch Simone|Male|40|Riffpedia
913|Jobina Siggery|Female|66|Realbridge
914|Raine Matevosian|Female|71|Yozio
915|Pammi Tilson|Female|31|Kwinu
916|Lemar Thornewell|Male|91|Kwimbee
917|Rafa Mouncher|Female|15|Zoozzy
918|Julina McClarence|Female|35|Quimm
919|Elaina Trigg|Female|19|Topiclounge
920|Alice Margrett|Female|70|Eazzy
921|Jule Boniface|Male|36|Zoovu
922|Darby Exer|Female|17|Edgeblab
923|Frederich Siaskowski|Male|70|Photofeed
924|Kort Shipston|Male|70|Yakitri
925|Cecil Astill|Female|20|Katz
926|Read Julien|Male|58|Skinix
927|Corinna Goodrum|Female|89|Skilith
928|Del Sheerin|Female|49|Leexo
929|Colette Cranna|Female|74|Jazzy
930|Abe Aldridge|Male|11|Linkbuzz
931|Merwin Horsey|Male|51|Voomm
932|Cassey Islip|Female|83|Mydeo
933|Devlin Slayny|Male|39|Jatri
934|Odele Loweth|Female|97|Zoombox
935|Marvin Sima|Male|4|Demimbu
936|Tandi Rickett|Female|35|Flipbug
937|Trace Kenn|Male|95|Quire
938|Allin Abdee|Male|36|LiveZ
939|Lindi Morales|Female|39|Jabbercube
940|Amber Fensome|Female|19|Devshare
941|Kalie Dake|Female|76|Dabjam
942|Shelley Van Castele|Male|12|Jamia
943|Denna Schulz|Female|35|Skippad
944|Maggi Munsey|Female|10|Photolist
945|Knox Keyser|Male|85|Brainverse
946|Cullie Flaune|Male|93|Demizz
947|Kristofor Brislane|Male|61|Kaymbo
948|Emelda Olivetti|Female|79|Oozz
949|Neilla Davidek|Female|50|Voonyx
950|Mendy Goscar|Male|57|Twitterbeat
951|Tucker Goretti|Male|19|Gigashots
952|Lacy Dubery|Female|40|Leenti
953|Kevina Capenor|Female|50|Voonix
954|Deana Antushev|Female|18|Dabvine
955|Nils Surgeoner|Male|18|Twitterlist
956|Aliza Brabant|Female|11|Skidoo
957|Queenie Rennles|Female|51|Meembee
958|Rubetta Chatenier|Female|71|Fadeo
959|Joly Greep|Female|24|Yakidoo
960|Harmonie Winslett|Female|34|Fliptune
961|Calida MacDunleavy|Female|61|Minyx
962|Leola Petyanin|Female|23|Avavee
963|Cullin Raxworthy|Male|65|Vidoo
964|Olin Maliphant|Male|5|Demivee
965|Sherm Hacking|Male|86|BlogXS
966|Karel Doward|Male|9|Janyx
967|Rowe Blunkett|Female|54|Browsedrive
968|Charis Torns|Female|45|Fliptune
969|Tanny Doughtery|Male|72|Youfeed
970|Kristy Kingham|Female|68|Yodoo
971|Gwenora Stitch|Female|83|Realbridge
972|Ignacio Ramsay|Male|52|Shufflester
973|Moises Alexandre|Male|7|Mydeo
974|Phillie Russ|Female|29|Eabox
975|Faye Burlingame|Female|18|Voolith
976|Reade Minichillo|Male|45|Wikibox
977|Hilda Storrs|Female|16|Talane
978|Charlena Philcott|Female|29|Buzzbean
979|Elbertine Ramel|Female|78|Thoughtstorm
980|Tessa Kearn|Female|86|Tazz
981|Stanislaw Blasik|Male|30|Bubblebox
982|Skipton Botger|Male|17|Trudoo
983|Corinna O'Dyvoie|Female|2|Blogpad
984|Barnabe Roydon|Male|85|Agivu
985|Loree Sergean|Female|60|Reallinks
986|Annmarie Philippault|Female|38|Oba
987|Harlin Jelley|Male|44|Dazzlesphere
988|Lyssa Franchioni|Female|6|Wordtune
989|Kelley Tooke|Female|46|Meejo
990|Hailee Lattie|Female|25|Realfire
991|Hoebart Sutherden|Male|94|Shufflester
992|Kimble Moir|Male|97|Livepath
993|Umberto Davydzenko|Male|33|Devpoint
994|Curry Gaylord|Male|18|Topiczoom
995|Agatha Girone|Female|46|Kayveo
996|Nannette Smalman|Female|31|Realpoint
997|Bobinette Gaskill|Female|59|Jaloo
998|Gayleen Collingworth|Female|38|Skyble
999|Brandais Feld|Female|73|Dynazzy
1000|Barde Kegg|Male|34|Flashdog
