6,Neel,nlaird5@auda.org.au,Male,19
7,Alexis,abarstow6@creativecommons.org,Female,7
12,Daren,,Male,18
13,Dedie,dbailc@oracle.com,Female,5
21,Bryna,,Female,12
25,Wainwright,,Male,3
28,Neala,ntrevorrowr@discuz.net,Female,22
30,Elliot,ecochrant@csmonitor.com,Male,23
34,Quentin,qigounetx@salon.com,Female,3
35,Idell,iofieldy@example.com,Female,16
36,Cirilo,csandesonz@sina.com.cn,Male,25
39,Neilla,nsamart12@washingtonpost.com,Female,26
40,Agustin,agyse13@desdev.cn,Male,27
48,Sidoney,sjuares1b@about.com,Female,23
49,Jeri,jpetrus1c@abc.net.au,Female,11
50,Lewes,lpiatkow1d@chron.com,Male,23
52,Benjie,bdegowe1f@comcast.net,Male,10
56,Halette,hnibloe1j@sciencedaily.com,Female,28
57,Celinka,ctodari1k@vimeo.com,Female,25
59,Tamqrah,tmantha1m@usa.gov,Female,16
63,Klarika,kfarress1q@opensource.org,Female,5
66,Farrel,ftodarello1t@apple.com,Male,5
67,Romonda,rpillans1u@mapy.cz,Female,11
71,Abram,acornil1y@reuters.com,Male,21
76,Therine,tbuckthorpe23@naver.com,Female,7
77,Krista,ksommerfeld24@globo.com,Female,26
79,Jody,jwaddingham26@netlog.com,Male,21
80,Hebert,hsoda27@cnet.com,Male,27
82,Lloyd,,Male,3
83,Demetris,dclaypool2a@phpbb.com,Male,11
84,Evonne,egudge2b@utexas.edu,Female,14
88,Erwin,,Male,29
89,Inessa,idumingo2g@zimbio.com,Female,1
93,Elwin,,Male,20
94,Hailey,,Male,12
95,Thorndike,tcreffield2m@1688.com,Male,24
101,Adria,aorafferty2s@amazonaws.com,Female,12
104,Corbett,cdrewclifton2v@aboutads.info,Male,1
110,Tarrance,tconnow31@mozilla.com,Male,13
114,Lyda,lwoodroff35@aol.com,Female,25
115,Calli,cmargaritelli36@google.es,Female,15
120,Rancell,rsparham3b@linkedin.com,Male,18
121,Armand,astripling3c@senate.gov,Male,25
124,Daveta,dbenion3f@deviantart.com,Female,7
127,Cassandra,cmcparland3i@ezinearticles.com,Female,25
140,Kelvin,koldridge3v@si.edu,Male,28
142,Lin,lbrew3x@ucla.edu,Male,3
143,Caril,cmckmurrie3y@hostgator.com,Female,4
144,Pauly,pdowsey3z@aol.com,Female,29
156,Mal,mroget4b@hatena.ne.jp,Male,2
159,Conrado,cczadla4e@angelfire.com,Male,15
164,Brandi,bdawtrey4j@github.com,Female,25
169,Sonnie,scallam4o@oracle.com,Male,2
170,Waldo,,Male,24
171,Filmer,fdurrance4q@diigo.com,Male,20
175,Donelle,dkielty4u@acquirethisname.com,Female,14
176,Sibylla,sdelucia4v@google.ca,Female,5
177,Saunder,sfishe4w@odnoklassniki.ru,Male,14
178,Erie,eserraillier4x@vk.com,Male,9
179,Cash,chawkswell4y@berkeley.edu,Male,14
181,Beilul,bdugdale50@youtube.com,Female,20
182,Winny,wgerholz51@dagondesign.com,Male,28
195,Patricio,polivier5e@theatlantic.com,Male,28
196,Inna,iorford5f@ezinearticles.com,Female,11
197,Jean,jfacchini5g@examiner.com,Male,27
200,Calley,cburnett5j@wunderground.com,Female,3
202,Ruperto,rcaveill5l@wiley.com,Male,10
205,Cosette,,Female,6
207,Catriona,cnoni5q@gnu.org,Female,10
209,Gardner,gpiggins5s@constantcontact.com,Male,10
217,Brittaney,bmulhall60@wired.com,Female,10
219,Drucy,dglancey62@ucoz.com,Female,15
220,Janna,,Female,29
222,Cross,cbehning65@bandcamp.com,Male,29
224,Maxwell,mfootitt67@slate.com,Male,29
228,Dania,dbarnewall6b@histats.com,Female,25
230,Melantha,,Female,29
231,Bay,bhalbert6e@go.com,Male,9
232,Zachariah,zworswick6f@answers.com,Male,12
233,Reinhard,rdixcee6g@zimbio.com,Male,11
235,Dody,dfleckney6i@foxnews.com,Female,14
240,Augie,arosso6n@tinyurl.com,Male,21
241,Gannon,ggammons6o@google.com.hk,Male,29
245,Gigi,gtregust6s@vinaora.com,Female,3
251,Ulrica,,Female,6
260,Gianni,,Male,3
267,Stanwood,skohrs7e@zdnet.com,Male,20
270,Morgana,,Female,29
274,Meredeth,myglesia7l@zdnet.com,Male,15
275,Antonius,ajahn7m@mapy.cz,Male,7
279,Patrick,pdare7q@toplist.cz,Male,9
280,Dilan,dbrownsword7r@yellowbook.com,Male,28
286,Ferdinand,fbelle7x@princeton.edu,Male,28
290,Jessa,jmcquirk81@taobao.com,Female,24
292,Erik,etick83@timesonline.co.uk,Male,20
294,Leta,,Female,22
295,Lilias,,Female,10
296,Valentijn,vamer87@ucsd.edu,Male,20
300,Buffy,bpragnall8b@army.mil,Female,2
304,Farra,flambregts8f@freewebs.com,Female,10
305,Cornelia,cwymer8g@npr.org,Female,3
307,Niccolo,nparrott8i@huffingtonpost.com,Male,14
315,Orrin,obarbery8q@wikispaces.com,Male,5
316,Thaine,thandyside8r@reference.com,Male,26
326,Riley,rjuliano91@cbslocal.com,Male,11
328,Nanny,nchalcraft93@1und1.de,Female,29
329,Bekki,bmuzzollo94@twitpic.com,Female,1
332,Wiley,,Male,17
336,Alie,,Female,5
337,Erl,emcelroy9c@boston.com,Male,24
339,Julita,jalldis9e@china.com.cn,Female,23
343,Mirella,malldritt9i@bravesites.com,Female,6
346,Nelia,nraithby9l@nationalgeographic.com,Female,17
349,Tulley,tpurves9o@diigo.com,Male,11
351,Jard,jbaly9q@arizona.edu,Male,9
355,Analiese,aglassford9u@jiathis.com,Female,20
357,Wilma,,Female,23
359,Angelico,ajiru9y@ca.gov,Male,18
362,Allyce,akirkmana1@sciencedirect.com,Female,18
370,Dennet,,Male,10
374,Jameson,jshepstonead@imdb.com,Male,20
393,Wilbur,wrozanskiaw@sciencedaily.com,Male,17
396,Zelda,zcrichtenaz@theglobeandmail.com,Female,19
397,Aurelea,adrinkelb0@clickbank.net,Female,3
400,Reube,rgrabbb3@linkedin.com,Male,2
410,Emelita,egrissettbd@ask.com,Female,3
414,Orsa,ourvoybh@google.cn,Female,1
417,Emma,edunleybk@ucoz.ru,Female,19
420,Garvin,gbrewertonbn@weebly.com,Male,3
421,Rob,rcurnickbo@blinklist.com,Male,20
422,Arlene,adudingbp@gmpg.org,Female,10
424,Kirby,ktinniswoodbr@ted.com,Male,28
425,Elmer,eminorsbs@youtu.be,Male,25
426,Michaelina,mitzhayekbt@walmart.com,Female,22
429,Vinny,vsivilbw@symantec.com,Female,3
430,Nickola,,Male,11
432,Prentice,pdurdybz@tiny.cc,Male,27
437,Kalvin,kmanonc4@imgur.com,Male,24
438,Wadsworth,wshildrickc5@europa.eu,Male,6
440,Gunner,,Male,8
443,Phyllida,pjosselca@army.mil,Female,8
444,Bertie,bfernantcb@mayoclinic.com,Female,3
447,Pepito,prussellce@hc360.com,Male,12
453,Lisbeth,ldibatistack@myspace.com,Female,20
454,Clive,csembercl@mashable.com,Male,28
455,Linnie,,Female,26
457,Celesta,cbaintonco@eventbrite.com,Female,25
458,Jillie,janstiecp@simplemachines.org,Female,3
459,Esteban,eklauercq@xrea.com,Male,21
460,Lizzy,lfindleycr@abc.net.au,Female,6
468,Johnathan,jfrostdykecz@e-recht24.de,Male,26
470,Krista,kdumbartond1@imgur.com,Female,9
471,Erwin,echastandd2@cocolog-nifty.com,Male,19
473,Mari,mlamzedd4@facebook.com,Female,18
480,Chicky,cjoselevitchdb@wp.com,Male,21
481,Ramsey,rfeenandc@plala.or.jp,Male,3
483,Kendrick,kswinfonde@macromedia.com,Male,14
486,Cortney,citzkovitchdh@virginia.edu,Female,8
488,Antonie,aschalldj@themeforest.net,Female,27
491,Lawton,llindenblattdm@linkedin.com,Male,3
492,Jimmy,jmatuskiewiczdn@who.int,Male,23
494,Kev,korisdp@mediafire.com,Male,7
496,Lurlene,lcellierdr@amazon.com,Female,15
497,Lonni,lnipperds@narod.ru,Female,14
498,Brianne,bhefforddt@meetup.com,Female,2
499,Reinwald,relesdu@dailymail.co.uk,Male,22
502,Morgen,,Male,23
503,Teriann,tchampleydy@cafepress.com,Female,20
506,Dolly,drosengarte1@google.it,Female,20
509,Beau,bkaese4@epa.gov,Male,9
510,Emeline,esmithee5@jimdo.com,Female,29
518,Rubi,,Female,22
522,Henry,htwopennyeh@deviantart.com,Male,28
525,Riane,rfaircliffek@amazon.co.jp,Female,29
537,Panchito,pmartinetsew@ucsd.edu,Male,6
539,Zachary,zjennyey@cdbaby.com,Male,7
544,Alexandro,,Male,28
551,Mellie,mstokerfa@newyorker.com,Female,28
555,Rosella,rallgoodfe@hostgator.com,Female,9
556,Bonny,bfurneauxff@indiatimes.com,Female,20
561,Lonnie,lwoollandfk@techcrunch.com,Male,10
563,Orran,omelinfm@webs.com,Male,23
571,Jeffry,jcabrarafu@sfgate.com,Male,10
576,Sarajane,sdeavillefz@youtube.com,Female,5
578,Bianka,brennardg1@seesaa.net,Female,5
582,Travus,tcrixg5@cdbaby.com,Male,23
583,Doti,,Female,22
584,Sherrie,skinkadeg7@storify.com,Female,9
586,Rheta,rneweyg9@zdnet.com,Female,21
593,Gottfried,gkuhlegg@uiuc.edu,Male,25
599,Sibyl,sdurbingm@ed.gov,Female,16
601,Erena,edaudgo@skype.com,Female,25
607,Cristiano,cboothebiegu@so-net.ne.jp,Male,7
613,Vince,vsullerh0@miitbeian.gov.cn,Male,14
614,Roddy,rbertomeh1@comsenz.com,Male,19
617,Loy,lgeratth4@disqus.com,Male,11
618,Denis,dtonerh5@smugmug.com,Male,16
624,Aguie,agrimmetthb@macromedia.com,Male,16
631,Jarvis,jsamsworthhi@wisc.edu,Male,2
635,Crissie,cloakeshm@cpanel.net,Female,13
636,Willow,wgrummitthn@jiathis.com,Female,23
637,Gray,gbrufordho@si.edu,Female,4
638,Paton,,Male,22
642,Tedi,,Female,17
643,Gleda,gsummerillhu@rediff.com,Female,19
644,Tremaine,twalklotthv@columbia.edu,Male,6
648,Bride,bprantlhz@instagram.com,Female,28
652,Dorry,dmacdunleavyi3@nih.gov,Female,27
654,Harriette,hsheddeni5@forbes.com,Female,19
658,Markos,mcostii9@google.ca,Male,20
664,Dolly,dfurlongif@nsw.gov.au,Female,23
665,Flint,froadknightig@edublogs.org,Male,6
669,Marna,mmcclevertyik@fda.gov,Female,12
673,Rasla,rmacneiceio@ebay.co.uk,Female,9
676,Pierrette,plabatir@booking.com,Female,20
677,Delinda,,Female,27
678,Lindsy,lenderleinit@booking.com,Female,28
685,Chadwick,cvanschafflaerj0@google.co.uk,Male,7
686,Standford,sdibollj1@opera.com,Male,28
689,Reggie,rdahlj4@mashable.com,Female,18
692,Bernice,bpirriej7@rakuten.co.jp,Female,14
704,Kermy,ktrustiejj@nba.com,Male,28
709,Norris,nskeathjo@1688.com,Male,18
710,Tabbie,thawkinsjp@dion.ne.jp,Male,23
713,Sigfrid,sjannequinjs@un.org,Male,18
721,Alastair,aalekhovk0@weather.com,Male,4
725,Riordan,raireyk4@independent.co.uk,Male,5
735,Gabriele,gmcgeneayke@oakley.com,Male,27
740,Northrop,nfidoekj@google.cn,Male,5
743,Davide,dheintschkm@fc2.com,Male,10
746,Patrice,pworledgekp@deliciousdays.com,Male,16
749,Boonie,bfearsks@nbcnews.com,Male,15
750,Gustavus,ghollingbykt@howstuffworks.com,Male,25
756,Lewiss,lrigmandkz@ed.gov,Male,2
757,Orly,openningtonl0@yandex.ru,Female,4
768,Khalil,klearoydlb@usa.gov,Male,3
771,Honoria,hflahertyle@soundcloud.com,Female,21
774,Edvard,ereboullh@who.int,Male,5
775,Wain,wspurrittli@etsy.com,Male,20
782,Dehlia,dwroughtonlp@ted.com,Female,10
784,Monroe,,Male,27
785,Benedikta,bashwoodls@buzzfeed.com,Female,11
787,Karmen,kwhitlocklu@cargocollective.com,Female,14
788,Gussie,ghobelllv@linkedin.com,Female,14
789,Jeremie,,Male,23
792,Adda,agallyonlz@ask.com,Female,8
795,Emlen,,Male,9
800,Rolando,rwhardleym7@unblog.fr,Male,15
804,Rayner,rreadingsmb@mtv.com,Male,11
823,Alberik,,Male,10
830,Suzette,sskrynen1@nydailynews.com,Female,10
833,Lara,llambrickn4@netlog.com,Female,27
835,Ring,rcabralesn6@cpanel.net,Male,29
837,Dal,,Male,22
847,Cornell,clamonbyni@multiply.com,Male,12
849,Emmi,,Female,18
852,Linell,ldabnornn@go.com,Female,17
853,Tabbie,tlauranceno@taobao.com,Female,13
854,Marika,mmalinsonnp@acquirethisname.com,Female,27
855,Emelina,,Female,23
858,Stormy,scliffnt@list-manage.com,Female,5
863,Quill,qdinniesny@gov.uk,Male,28
867,Liesa,,Female,25
872,Glennie,gvanderbeeko7@rambler.ru,Female,18
878,Cori,ctwinningod@blog.com,Female,26
880,Scarlett,sleggesof@webnode.com,Female,17
883,Randi,rwillattsoi@weebly.com,Female,10
885,Aldridge,ajefferyok@tiny.cc,Male,27
886,Lynnet,lcorzonol@constantcontact.com,Female,8
888,Drucy,dsymmerson@joomla.org,Female,29
893,Job,jmcgowranos@infoseek.co.jp,Male,15
896,Danyelle,dfilyukovov@cyberchimps.com,Female,11
899,Elka,everlingoy@dot.gov,Female,20
903,Abbe,asorep2@economist.com,Female,11
904,Simon,scarltonp3@cnn.com,Male,23
911,Danielle,dbastonepa@washingtonpost.com,Female,21
917,Rafa,rmouncherpg@infoseek.co.jp,Female,15
919,Elaina,etriggpi@tiny.cc,Female,19
922,Darby,dexerpl@nps.gov,Female,17
925,Cecil,castillpo@goo.gl,Female,20
930,Abe,aaldridgept@networkadvertising.org,Male,11
935,Marvin,msimapy@youku.com,Male,4
940,Amber,afensomeq3@fda.gov,Female,19
942,Shelley,svancasteleq5@ovh.net,Male,12
944,Maggi,mmunseyq7@nyu.edu,Female,10
951,Tucker,tgorettiqe@omniture.com,Male,19
954,Deana,dantushevqh@geocities.com,Female,18
955,Nils,nsurgeonerqi@phoca.cz,Male,18
956,Aliza,,Female,11
959,Joly,jgreepqm@springer.com,Female,24
962,Leola,lpetyaninqp@nbcnews.com,Female,23
964,Olin,omaliphantqr@squidoo.com,Male,5
966,Karel,kdowardqt@cmu.edu,Male,9
973,Moises,malexandrer0@cloudflare.com,Male,7
974,Phillie,prussr1@nyu.edu,Female,29
975,Faye,fburlingamer2@ycombinator.com,Female,18
977,Hilda,hstorrsr4@hud.gov,Female,16
978,Charlena,cphilcottr5@shop-pro.jp,Female,29
982,Skipton,,Male,17
983,Corinna,codyvoiera@accuweather.com,Female,2
988,Lyssa,lfranchionirf@army.mil,Female,6
990,Hailee,hlattierh@umn.edu,Female,25
994,Curry,cgaylordrl@ca.gov,Male,18
