2,Sollie,sclear1@google.it,Male,58
4,Jyoti,jscarth3@wsj.com,Female,41
10,Joan,jsoane9@4shared.com,Female,40
14,Brietta,bpirolinid@cbsnews.com,Female,35
17,Wenona,wlealleg@live.com,Female,40
19,Eddy,,Male,34
20,Dennie,,Female,39
23,Baily,bfassmannm@homestead.com,Male,44
26,Winny,wwrattenp@over-blog.com,Female,41
31,Barbabra,bpinsentu@mail.ru,Female,37
33,Ray,rlillgardw@wired.com,Female,47
43,Charlie,cmatura16@google.cn,Male,32
44,Hubert,hgillmore17@joomla.org,Male,52
45,Patten,pbrekonridge18@360.cn,Male,37
58,Batholomew,bkempshall1l@usatoday.com,Male,50
73,Bev,bastlatt20@google.co.jp,Male,52
92,Johnette,jpfeiffer2j@utexas.edu,Female,53
98,Keene,,Male,50
100,Fenelia,ffarge2r@fotki.com,Female,32
103,Daphne,dkach2u@myspace.com,Female,55
111,Homerus,handrusyak32@goo.ne.jp,Male,58
113,Olenka,ochaman34@drupal.org,Female,42
117,Aviva,,Female,54
122,Channa,csueter3d@dailymail.co.uk,Female,59
123,Fowler,,Male,37
125,Friederike,frappa3g@usatoday.com,Female,48
126,Cullie,chonnicott3h@spiegel.de,Male,55
134,Gunther,,Male,50
135,Bay,bnutton3q@stanford.edu,Male,57
147,Alf,aackred42@fc2.com,Male,36
148,Giana,gguye43@nifty.com,Female,54
149,Nil,nrandall44@wired.com,Male,34
150,Valentijn,vwaterfall45@ucsd.edu,Male,57
174,Sonia,sfleeming4t@themeforest.net,Female,37
180,Karola,kwalsham4z@dagondesign.com,Female,55
185,Sheena,skrabbe54@fema.gov,Female,36
188,Verile,vlaslett57@omniture.com,Female,40
191,Marget,mrepp5a@shop-pro.jp,Female,46
192,Brina,bmclucas5b@dion.ne.jp,Female,36
193,Woody,wburk5c@cmu.edu,Male,47
194,Samson,sfetherston5d@hubpages.com,Male,43
206,Francois,ftullett5p@uol.com.br,Male,42
218,Roseanna,rmartugin61@blogtalkradio.com,Female,41
225,Leslie,,Male,55
236,Ricard,rtroucher6j@pcworld.com,Male,37
239,Erhart,ecloutt6m@google.ca,Male,47
243,Stace,sfake6q@4shared.com,Female,46
244,Carissa,cgarfit6r@desdev.cn,Female,37
247,Myron,mbunney6u@google.com.au,Male,42
248,Shae,spasley6v@baidu.com,Male,48
249,Ugo,ushayes6w@shop-pro.jp,Male,36
254,Killian,kwimlet71@hexun.com,Male,54
255,Selie,,Female,38
256,Junina,jepiscopi73@jalbum.net,Female,37
257,Jorry,jcastelluzzi74@dion.ne.jp,Female,34
262,Feodora,flicari79@bloglines.com,Female,53
266,Pepe,pcullerne7d@auda.org.au,Male,42
276,Verna,vjimson7n@tmall.com,Female,43
277,Leeanne,lpagden7o@berkeley.edu,Female,51
282,Fonzie,fbeaman7t@ow.ly,Male,46
283,Gwynne,gmaxfield7u@google.cn,Female,33
285,Nero,ncleave7w@discovery.com,Male,53
287,Izzy,igermann7y@oracle.com,Male,58
288,Kincaid,kcullen7z@un.org,Male,59
291,Amabel,abotley82@cisco.com,Female,47
299,Christoffer,cvasishchev8a@edublogs.org,Male,35
301,Marna,mcomo8c@time.com,Female,49
306,Caryl,civanets8h@ted.com,Male,49
308,Lesya,lbanner8j@domainmarket.com,Female,46
310,Helaina,hshotter8l@cam.ac.uk,Female,34
312,Leigh,lwheelan8n@edublogs.org,Male,45
313,Mora,mhardistry8o@ovh.net,Female,44
314,Gussy,,Female,48
317,Sherri,sconlon8s@comcast.net,Female,41
318,Con,cdavers8t@wordpress.org,Female,33
319,Eimile,eyeowell8u@google.it,Female,51
322,Prudy,prebbeck8x@imdb.com,Female,40
323,Clair,ckairns8y@hubpages.com,Male,53
327,Matias,mcorradi92@businessweek.com,Male,49
330,Sarge,,Male,44
334,Phaedra,pplott99@webs.com,Female,47
335,Goddart,gbolesworth9a@ocn.ne.jp,Male,56
338,Marylin,mdunckley9d@moonfruit.com,Female,57
340,Raphael,rfeighry9f@photobucket.com,Male,39
344,Anthe,,Female,44
356,Lorraine,lwarriner9v@jalbum.net,Female,53
358,Bond,,Male,38
363,Jobi,jlessmarea2@wikipedia.org,Female,58
365,Alastair,afridayea4@umn.edu,Male,49
366,Vivyan,vkillingwortha5@networkadvertising.org,Female,33
368,Elisabeth,egladdifha7@sitemeter.com,Female,57
371,Sigismund,scornilleauaa@mayoclinic.com,Male,56
373,Jase,jgrahamslawac@elegantthemes.com,Male,43
380,Shaw,saishfordaj@springer.com,Male,51
381,Don,dverdonak@fda.gov,Male,53
384,Kim,kbelinan@google.com.hk,Male,57
405,Honor,hmenichib8@jimdo.com,Female,34
415,Tedie,tsnelbi@uiuc.edu,Male,36
416,Rory,rfludderbj@google.de,Male,48
419,Ann,ashimmingsbm@trellian.com,Female,58
431,Augy,areicharzby@wufoo.com,Male,54
434,Christean,cauchinleckc1@usnews.com,Female,37
442,Niel,nsherbornec9@instagram.com,Male,54
448,Odilia,oessercf@sakura.ne.jp,Female,43
451,Alfie,,Male,39
452,Baily,bdewittcj@jimdo.com,Male,40
456,Sybila,scobbaldcn@thetimes.co.uk,Female,47
462,Matilda,,Female,59
464,Karita,kdimanchecv@timesonline.co.uk,Female,34
465,Gunar,gshentoncw@bing.com,Male,34
466,El,edoriecx@psu.edu,Male,42
476,Vittorio,vmarderd7@phoca.cz,Male,54
501,Dasha,,Female,35
505,Dana,dgoulstonee0@amazon.de,Female,40
511,Alfonse,aayshe6@ed.gov,Male,51
516,Eb,eperilloeb@shutterfly.com,Male,44
526,Corrie,cflackel@addthis.com,Male,51
528,Omero,oliddarden@nationalgeographic.com,Male,42
529,Emeline,eitzkovwicheo@sfgate.com,Female,34
531,Stanfield,sstockilleq@ezinearticles.com,Male,34
538,Monti,msemeradex@reuters.com,Male,56
542,Ryan,rbrillf1@digg.com,Male,34
554,Berk,bsandelandfd@adobe.com,Male,44
557,Gal,gquinetfg@jigsy.com,Male,55
559,Yank,ylowdwellfi@symantec.com,Male,59
566,Francine,fblackleyfp@hexun.com,Female,42
572,Stacey,sdellfv@bravesites.com,Female,55
573,Odella,omaginnfw@odnoklassniki.ru,Female,57
580,Ronald,rculshewg3@youtube.com,Male,46
589,Briny,bsteadegc@msu.edu,Female,48
590,Banky,,Male,40
596,Dominique,dblaschkegj@sun.com,Female,59
597,Barrett,bbertlingk@miibeian.gov.cn,Male,35
605,Vida,vconduitgs@tripadvisor.com,Female,41
606,Ursa,ubifieldgt@live.com,Female,45
619,Simeon,smeechh6@dropbox.com,Male,37
621,Cary,cheathwoodh8@latimes.com,Male,47
625,Hilarius,,Male,43
628,Ethel,ecescohf@mashable.com,Female,54
641,Sawyere,savelinghs@mapquest.com,Male,34
646,Carney,cpennickhx@github.com,Male,35
647,Zebedee,zsoeirohy@eepurl.com,Male,36
653,Cirillo,cjessopei4@free.fr,Male,48
656,Brendis,bmccomei7@dailymotion.com,Male,49
666,Elfie,eswithenbyih@stumbleupon.com,Female,54
670,Kora,kcastlemanil@cmu.edu,Female,48
671,Pacorro,pweathersim@google.it,Male,59
683,Antoni,aivakhnoiy@mozilla.com,Male,39
691,Milo,mporrettj6@independent.co.uk,Male,32
696,Jacinta,jrakesjb@posterous.com,Female,35
700,Bertie,belwynjf@yahoo.co.jp,Female,49
701,Bernette,bswarbriggjg@jimdo.com,Female,55
703,Killie,kwhistanji@bing.com,Male,36
711,Ernaline,,Female,38
715,Lesley,,Male,35
717,Hunt,,Male,43
718,Caresse,cmiqueletjx@hp.com,Female,35
719,Christiano,,Male,38
720,Codi,cblakedenjz@yelp.com,Female,58
723,Hester,hrook2@ocn.ne.jp,Female,51
724,Cordy,cbirchenoughk3@statcounter.com,Male,36
726,Dorris,dosbaldstonek5@toplist.cz,Female,53
727,Paola,psymesk6@geocities.com,Female,58
728,Hyacintha,hlangtryk7@nba.com,Female,37
733,Gideon,gkeablekc@adobe.com,Male,49
738,Rodney,rgoaterkh@webmd.com,Male,51
739,Cassius,cmccookeki@networkadvertising.org,Male,43
742,Stefanie,ssimekl@hp.com,Female,57
744,Debbie,dhousiauxkn@reuters.com,Female,32
754,Harriot,hmahaddykx@intel.com,Female,44
755,Gabbie,gpimmockeky@xinhuanet.com,Male,33
764,Daryl,dgensavagel7@tmall.com,Male,35
765,Marcelia,mlubel8@mac.com,Female,40
770,Nicholle,ntibaltld@arstechnica.com,Female,44
773,Irwin,,Male,33
778,Maurice,mstutll@earthlink.net,Male,46
779,Eula,etuttiettlm@columbia.edu,Female,53
780,Germain,gstickelsln@springer.com,Male,44
786,Shannon,slonglt@ow.ly,Female,57
801,Cozmo,ckincadem8@sourceforge.net,Male,48
810,Brandice,bmastersmh@networkadvertising.org,Female,51
811,Yolande,ysorriemi@mail.ru,Female,33
812,Donnie,dbrosemj@sbwire.com,Male,33
813,Constantia,cromerilmk@google.co.jp,Female,48
814,Terra,tswarbrickml@cmu.edu,Female,45
820,Kyrstin,karonowitzmr@mac.com,Female,51
821,Clay,clisimorems@nymag.com,Male,44
826,Hasty,hbyartmx@psu.edu,Male,38
827,Leeanne,lespasamy@jimdo.com,Female,55
831,Yvon,yfurseyn2@examiner.com,Male,39
836,Gibby,gderisleyn7@ow.ly,Male,38
838,Vitia,vdespensern9@skype.com,Female,33
839,Nonna,nwinsparna@google.com.hk,Female,52
842,Clareta,,Female,46
843,Aldridge,avivienne@163.com,Male,41
850,Thorpe,,Male,49
851,Sasha,salennm@uiuc.edu,Male,45
857,Sully,sklaessenns@hhs.gov,Male,47
860,Alis,avilesnv@archive.org,Female,33
861,Jorry,jgrossnw@oakley.com,Female,39
864,Rutherford,rbaldocknz@virginia.edu,Male,33
868,Bartholomew,bschaumanno3@patch.com,Male,56
870,Penn,pshovelbottomo5@joomla.org,Male,46
874,Tomi,tgomero9@amazon.co.jp,Female,52
875,Carmon,,Female,55
882,Wendie,wtortisoh@friendfeed.com,Female,33
887,Britni,,Female,59
891,Gib,gleeburnoq@gravatar.com,Male,50
895,Ronalda,rpittelou@berkeley.edu,Female,41
906,Melantha,mhackingp5@photobucket.com,Female,38
909,Abdul,ascrivensp8@posterous.com,Male,38
912,Itch,isimonepb@sfgate.com,Male,40
918,Julina,jmcclarenceph@tripod.com,Female,35
921,Jule,jbonifacepk@github.io,Male,36
926,Read,rjulienpp@chicagotribune.com,Male,58
928,Del,dsheerinpr@tiny.cc,Female,49
931,Merwin,,Male,51
933,Devlin,dslaynypw@ezinearticles.com,Male,39
936,Tandi,trickettpz@tiny.cc,Female,35
938,Allin,aabdeeq1@cpanel.net,Male,36
939,Lindi,lmoralesq2@theglobeandmail.com,Female,39
943,Denna,dschulzq6@amazon.co.uk,Female,35
949,Neilla,ndavidekqc@acquirethisname.com,Female,50
950,Mendy,mgoscarqd@exblog.jp,Male,57
952,Lacy,,Female,40
953,Kevina,kcapenorqg@g.co,Female,50
957,Queenie,qrennlesqk@exblog.jp,Female,51
960,Harmonie,hwinslettqn@narod.ru,Female,34
967,Rowe,rblunkettqu@simplemachines.org,Female,54
968,Charis,ctornsqv@furl.net,Female,45
972,Ignacio,,Male,52
976,Reade,rminichillor3@baidu.com,Male,45
986,Annmarie,aphilippaultrd@wordpress.com,Female,38
987,Harlin,hjelleyre@godaddy.com,Male,44
989,Kelley,ktookerg@theglobeandmail.com,Female,46
993,Umberto,udavydzenkork@netscape.com,Male,33
995,Agatha,agironerm@tiny.cc,Female,46
997,Bobinette,bgaskillro@sourceforge.net,Female,59
998,Gayleen,gcollingworthrp@histats.com,Female,38
1000,Barde,,Male,34
