3,Boyd,bmattaser2@jigsy.com,Male,87
5,Tad,tsapena4@businessinsider.com,Male,70
8,Maddalena,moguz7@thetimes.co.uk,Female,70
9,Sharlene,sgiroldo8@state.gov,Female,73
11,Kele,kvlacha@weebly.com,Male,66
15,Hort,hderingtone@dailymail.co.uk,Male,69
16,Alyse,atomkysf@reference.com,Female,92
18,Gerianna,gbackwellh@nih.gov,Female,85
22,Berget,bmealiffel@google.cn,Female,99
24,Hanni,hrowelln@i2i.jp,Female,80
29,Stewart,ssatterlys@samsung.com,Male,78
32,Darell,dgodridgev@merriam-webster.com,Female,87
37,Staford,swoollcott10@bloglines.com,Male,81
38,Lissi,ldries11@irs.gov,Female,67
41,Freedman,fhindge14@tmall.com,Male,65
42,Davita,dfields15@topsy.com,Female,87
46,Caprice,cduns19@github.com,Female,97
47,Hillary,,Female,72
51,Dennie,drijkeseis1e@independent.co.uk,Male,62
53,Tracie,,Female,87
54,Samara,sakister1h@gov.uk,Female,61
55,Lewes,lalldis1i@bravesites.com,Male,67
60,Lilyan,lcrocket1n@google.ru,Female,88
61,Bear,broblou1o@hibu.com,Male,65
64,Burk,bstamps1r@huffingtonpost.com,Male,63
65,Tobiah,tinsall1s@who.int,Male,97
68,Melosa,malliband1v@yellowbook.com,Female,70
69,Brigham,bbirdsall1w@wiley.com,Male,87
70,Base,,Male,86
72,Annabela,,Female,62
74,Aldridge,aberndt21@1und1.de,Male,64
75,Emmaline,ecratchley22@aboutads.info,Female,75
78,Berkly,bguerrieri25@phpbb.com,Male,72
81,Thorny,tleming28@liveinternet.ru,Male,92
85,Mahmoud,,Male,85
86,Norma,nburnet2d@sakura.ne.jp,Female,82
87,Nathalie,ncatonne2e@archive.org,Female,64
90,Lyn,lleander2h@examiner.com,Female,98
91,Roscoe,,Male,97
96,Lishe,lranklin2n@alibaba.com,Female,92
97,Felicle,frodolico2o@bloglines.com,Female,94
99,Toddy,tlambart2q@whitehouse.gov,Male,94
102,Bidget,bfrunks2t@istockphoto.com,Female,71
105,Coop,cexelby2w@cam.ac.uk,Male,73
106,Anallise,aosherrin2x@guardian.co.uk,Female,93
107,Cathrin,canderson2y@msn.com,Female,96
108,Barbabas,bloughton2z@youtube.com,Male,97
109,Lynsey,lsprules30@parallels.com,Female,67
112,Berkie,bmardle33@mac.com,Male,63
116,Ross,rvercruysse37@bandcamp.com,Male,76
118,Noah,nessex39@addtoany.com,Male,67
119,Jacklin,,Female,76
128,Darrelle,dmyhan3j@flavors.me,Female,90
129,Julius,jwalesby3k@addtoany.com,Male,91
130,Nial,nbullan3l@ehow.com,Male,94
131,Kirsti,kmcevoy3m@webs.com,Female,83
132,Lindy,lsobieski3n@people.com.cn,Female,88
133,Mona,mkebell3o@blogs.com,Female,90
136,Wes,wheigold3r@cmu.edu,Male,80
137,Amandie,afrane3s@ezinearticles.com,Female,65
138,Josey,,Female,92
139,Margarette,mstert3u@dyndns.org,Female,69
141,Edmund,,Male,90
145,Vivie,vcords40@bbc.co.uk,Female,67
146,Nancie,nsudlow41@cnbc.com,Female,66
151,Belle,berlam46@auda.org.au,Female,99
152,Lizzie,lsellack47@diigo.com,Female,100
153,Rodolfo,rfurse48@bloglovin.com,Male,92
154,Osbert,oweins49@facebook.com,Male,82
155,Shela,shadcock4a@lulu.com,Female,97
158,Anderson,asand4d@soundcloud.com,Male,76
160,Arther,asherrard4f@wufoo.com,Male,67
161,Derk,ddanat4g@alibaba.com,Male,97
162,Mack,mcatlette4h@slashdot.org,Male,62
163,Felecia,fbindley4i@jalbum.net,Female,74
165,Farris,floades4k@aboutads.info,Male,74
166,Alice,aswaisland4l@europa.eu,Female,68
167,Delphine,dkippie4m@whitehouse.gov,Female,65
168,Terrel,tmattosoff4n@craigslist.org,Male,78
172,Jessie,jdeelay4r@xinhuanet.com,Male,84
173,Tasia,tarchibald4s@addtoany.com,Female,78
183,Stormie,skissick52@indiatimes.com,Female,71
184,Monique,mwreath53@auda.org.au,Female,64
186,Franky,fdaughtry55@jiathis.com,Female,74
187,Arielle,abeeble56@mit.edu,Female,75
189,Ferdie,flamble58@issuu.com,Male,86
198,Geraldine,,Female,66
199,Tobye,tpley5i@wikispaces.com,Female,80
201,Harcourt,hhealey5k@hud.gov,Male,69
203,Dael,dharvison5m@typepad.com,Male,69
204,Deonne,deverix5n@so-net.ne.jp,Female,100
208,Oliver,omccamish5r@purevolume.com,Male,91
210,Kristin,kadenot5t@deviantart.com,Female,67
211,Filmer,ftodor5u@ow.ly,Male,96
212,Melli,mdesporte5v@dailymotion.com,Female,89
213,Ray,rkeenor5w@yahoo.com,Female,77
214,Kellen,klambeth5x@usatoday.com,Female,75
215,Nobe,neggleson5y@reuters.com,Male,76
216,Russell,rgambles5z@wisc.edu,Male,70
221,Ricard,rpashler64@fema.gov,Male,95
223,Sallee,,Female,65
226,Rodolphe,,Male,99
227,Deedee,dbycraft6a@alibaba.com,Female,75
229,Alric,aboorn6c@dedecms.com,Male,84
234,Coleman,,Male,87
237,Gabey,gmayes6k@odnoklassniki.ru,Female,82
238,Octavius,ogreetham6l@nasa.gov,Male,77
242,Shoshanna,ssurgison6p@people.com.cn,Female,86
246,Nicko,npesic6t@goo.ne.jp,Male,78
250,Adelaide,aarkil6x@amazon.co.uk,Female,100
252,Kermie,kcrassweller6z@berkeley.edu,Male,91
253,Gilly,gcasse70@blogger.com,Female,69
258,Darnall,dwoodcock75@apache.org,Male,80
259,Aron,ahayden76@webs.com,Male,71
261,Shandeigh,sgrono78@exblog.jp,Female,62
263,Carroll,cdowding7a@nih.gov,Female,86
264,Fidel,frobertsson7b@elegantthemes.com,Male,95
265,Norah,ngrebner7c@imageshack.us,Female,95
268,Casie,cbresson7f@usnews.com,Female,96
269,Will,wbrewster7g@blinklist.com,Male,81
271,Irvine,iayscough7i@miibeian.gov.cn,Male,83
272,Daniele,dholleworth7j@bloglines.com,Female,92
273,Conrad,cbourdon7k@wordpress.org,Male,75
278,Junina,jbucknall7p@naver.com,Female,74
281,Aldon,arief7s@amazon.co.jp,Male,91
284,Jody,jgiffard7v@go.com,Female,71
289,Ezmeralda,epaolazzi80@fotki.com,Female,71
293,Verina,vbearns84@creativecommons.org,Female,90
297,Jackson,jmcdonald88@jimdo.com,Male,90
298,Melody,,Female,100
302,Bealle,bpitbladdo8d@google.cn,Male,69
303,Franky,fditchett8e@yellowbook.com,Female,97
309,Saleem,ssimmonett8k@hhs.gov,Male,72
311,Anabelle,awinram8m@dyndns.org,Female,72
320,Reinaldo,rdietzler8v@latimes.com,Male,92
321,Elly,emorsom8w@ted.com,Female,78
324,Rhea,rpinor8z@mapquest.com,Female,91
325,Larissa,lgeroldini90@rambler.ru,Female,73
331,Jess,jarndell96@netscape.com,Female,92
333,Maggie,,Female,94
342,Kinsley,kmerrison9h@webs.com,Male,94
345,Charmine,clhommee9k@harvard.edu,Female,74
347,Barbi,bswatridge9m@studiopress.com,Female,61
348,Christine,cgossop9n@istockphoto.com,Female,73
350,Darda,dhars9p@woothemes.com,Female,90
352,Alison,aklais9r@dailymotion.com,Female,88
353,Donavon,dvanderbeek9s@hatena.ne.jp,Male,62
354,Jamaal,jbolderson9t@howstuffworks.com,Male,81
360,Demetria,dzielinski9z@tinyurl.com,Female,78
361,Booth,bbulliona0@webnode.com,Male,97
367,Karly,kgrinishina6@ucla.edu,Female,64
369,Leopold,lshuarda8@auda.org.au,Male,93
372,Clementina,clittledikeab@fema.gov,Female,99
375,Chris,cjedrasae@nydailynews.com,Male,68
376,Cristian,crheadaf@dyndns.org,Male,92
377,Meridith,mgajewskiag@fastcompany.com,Female,92
378,Caryn,cbanvilleah@a8.net,Female,74
379,Osbert,omiddlemissai@washington.edu,Male,63
382,Jan,jvamplusal@archive.org,Male,64
383,Brett,bcanetam@stanford.edu,Male,80
385,Den,dlegriceao@skyrock.com,Male,70
386,Dill,dissacovap@themeforest.net,Male,76
388,Daron,dforsonar@nifty.com,Male,66
389,Debbi,dwoodsas@wix.com,Female,77
390,May,mskellernat@studiopress.com,Female,74
391,Glenda,gwrathmallau@marriott.com,Female,76
392,Derk,dcrippellav@dot.gov,Male,100
394,Ralina,rhoulistonax@friendfeed.com,Female,73
395,Lovell,lpomphrettay@europa.eu,Male,80
398,Helga,hslimanb1@tumblr.com,Female,65
399,Ali,agochb2@blogspot.com,Male,75
401,Adena,astinsonb4@rakuten.co.jp,Female,91
402,Ethelin,ebungeyb5@xinhuanet.com,Female,87
403,Fremont,fduthyb6@wp.com,Male,68
404,Reece,rfarnorthb7@typepad.com,Male,77
406,Fraze,fhaingeb9@engadget.com,Male,98
407,Phil,pwhithamba@unblog.fr,Female,68
408,Leila,lcamilleribb@simplemachines.org,Female,68
409,Heda,hbossombc@gov.uk,Female,83
411,Clementine,cdownagebe@usgs.gov,Female,77
412,Lark,lwinterscalebf@ovh.net,Female,91
413,Neely,njeduchbg@cisco.com,Female,74
418,Forrester,fmerwoodbl@tamu.edu,Male,70
423,Ermentrude,ebohmanbq@ft.com,Female,97
428,Gerty,gbeaverbv@twitpic.com,Female,70
433,Minerva,mdrohunc0@ucoz.com,Female,67
435,Molli,mkemmec2@barnesandnoble.com,Female,80
436,Ezmeralda,estricklerc3@miitbeian.gov.cn,Female,71
439,Adah,aasaafc6@smh.com.au,Female,75
445,Trish,tholliercc@unesco.org,Female,87
446,Kristin,kburfordcd@blog.com,Female,76
449,Freda,fmaccauleycg@photobucket.com,Female,96
450,Susy,ssmythech@addtoany.com,Female,100
461,Gracie,garrcs@github.com,Female,75
463,Donielle,,Female,83
467,Leontine,lfloodcy@jigsy.com,Female,78
469,Haley,,Female,96
472,Rozelle,ragated3@ted.com,Female,63
474,Thorsten,tsanterd5@flickr.com,Male,80
475,Donnell,dhulmesd6@google.ca,Male,69
477,Wilmar,wlyosikd8@addthis.com,Male,80
479,Etheline,elemasneyda@vistaprint.com,Female,94
482,Thane,tlelievredd@stanford.edu,Male,62
484,Joyce,jheaysmandf@about.com,Female,74
485,Emmi,estigelldg@acquirethisname.com,Female,66
487,Ferd,fstrowlgerdi@arizona.edu,Male,83
489,Carny,cgeggiedk@goodreads.com,Male,70
490,Ardine,afeltoedl@eventbrite.com,Female,74
493,Betteanne,boutibridgedo@imgur.com,Female,70
495,Zeke,zvelldendq@yahoo.com,Male,76
500,Franklin,fpimlockdv@examiner.com,Male,66
504,Padriac,pbrashierdz@nba.com,Male,84
507,Sara,spetchelle2@phoca.cz,Female,77
508,Brett,bdrysdalle3@usda.gov,Male,96
512,Alexine,awedderburne7@ask.com,Female,90
515,Jeramey,jclayfieldea@sun.com,Male,83
517,Beatriz,brenshallec@hhs.gov,Female,77
519,Rhetta,rconiffee@ycombinator.com,Female,76
520,Jamie,jdejuaresef@wufoo.com,Male,63
521,Thomasa,tallswortheg@gov.uk,Female,91
523,Stanislas,smacloughlinei@mac.com,Male,64
524,Debbi,,Female,92
527,Arnie,asimantsem@furl.net,Male,65
530,Stern,swalickiep@seattletimes.com,Male,99
532,Woodie,wpinneyer@about.com,Male,95
533,Athene,aholmeses@technorati.com,Female,88
534,Natalina,nbizleyet@unblog.fr,Female,92
535,Bay,bpatifieldeu@theatlantic.com,Male,73
536,Hailee,hbearblockev@typepad.com,Female,74
540,Austin,asinncockez@opera.com,Male,93
541,Linnell,llaughlinf0@tiny.cc,Female,88
543,Aldric,acarlettif2@foxnews.com,Male,71
545,Anton,acurnokkf4@wired.com,Male,61
546,Marcel,mduckhousef5@elegantthemes.com,Male,95
547,Alvina,afreebernef6@sciencedaily.com,Female,92
548,Dalila,,Female,85
549,Essie,esortonf8@salon.com,Female,67
550,Aubrette,aorknayf9@ebay.co.uk,Female,91
552,Chiquia,cboickfb@ebay.co.uk,Female,94
553,Emmit,eungarettifc@arizona.edu,Male,83
558,Melli,msummertonfh@unesco.org,Female,69
560,Cissy,chamnerfj@a8.net,Female,92
562,Loralyn,lgarrickfl@yale.edu,Female,75
564,Genny,gduffillfn@w3.org,Female,91
565,Hyman,htironfo@studiopress.com,Male,81
567,Rois,rduquesnayfq@mashable.com,Female,100
568,Dion,dwagnerfr@ifeng.com,Female,76
569,Emera,esandilandfs@quantcast.com,Female,95
570,Jania,jmuldowneyft@springer.com,Female,89
574,Martha,mklempkefx@hexun.com,Female,89
575,Franny,farzufy@pinterest.com,Female,90
577,Letty,llastg0@boston.com,Female,86
579,Alano,awemg2@intel.com,Male,79
581,Jonathan,jtameg4@bloglovin.com,Male,85
587,Janie,jventomga@cloudflare.com,Female,76
588,Leroi,,Male,80
591,Ernestus,ebanghamge@xrea.com,Male,79
592,Wernher,wweldrakegf@cnbc.com,Male,66
594,Lorain,lsheergh@shutterfly.com,Female,95
595,Prince,pbroszkiewiczgi@state.gov,Male,69
598,Wright,whamongl@yandex.ru,Male,87
600,Braden,brollinsgn@gmpg.org,Male,89
602,Sherie,sdwellygp@oaic.gov.au,Female,66
603,Mozes,msemorgq@indiatimes.com,Male,97
604,Izzy,iparrgr@nhs.uk,Male,78
608,Ced,cmenghigv@unc.edu,Male,65
609,Grata,gglayshergw@ucla.edu,Female,97
610,Gannie,,Male,94
611,Ricoriki,rdrinkhillgy@wordpress.org,Male,100
612,Gavra,gdunnegz@businessinsider.com,Female,66
615,Audrie,amatthewh2@qq.com,Female,66
616,Cybill,cseageh3@1688.com,Female,80
620,Carin,colkowiczh7@netscape.com,Female,92
622,Mikel,mjefferdh9@wordpress.org,Male,96
626,Coretta,cpenritthd@google.fr,Female,76
627,Tybi,,Female,73
629,Eba,eambridgehg@clickbank.net,Female,66
630,Albert,amckeatinghh@forbes.com,Male,71
632,Arch,astoltehj@devhub.com,Male,79
633,Mart,malberyhk@infoseek.co.jp,Male,84
634,Dicky,dshipwayhl@census.gov,Male,61
639,North,nszymczykhq@sciencedaily.com,Male,99
640,Dion,ddukehr@mozilla.org,Female,90
650,Lily,lmeesi1@clickbank.net,Female,71
651,Felike,,Male,68
655,Amabel,alivezeyi6@sina.com.cn,Female,74
657,Kiersten,komannioni8@japanpost.jp,Female,96
659,Eb,edoogia@comcast.net,Male,95
660,Antoni,abruinemannib@nydailynews.com,Male,62
661,Ewen,egoteric@yale.edu,Male,84
662,Jaquelin,jileyid@google.com.hk,Female,80
663,Gerome,gmaccarterie@zdnet.com,Male,81
667,Linoel,ltrevorrowii@unc.edu,Male,90
668,Teena,tpedrazziij@networkadvertising.org,Female,79
672,Alejoa,ashyrein@ca.gov,Male,68
674,Raye,rsaffranip@salon.com,Female,86
675,Aaron,arichesiq@reuters.com,Male,77
679,Suzy,,Female,93
680,Franny,folehaneiv@discovery.com,Female,71
681,Bamby,bbascombeiw@cnn.com,Female,81
682,Loy,llabastidaix@sina.com.cn,Male,93
684,Carroll,cscotchbrookiz@dot.gov,Male,61
687,Cordie,cswornej2@globo.com,Male,88
688,Marleah,mmcveightyj3@xinhuanet.com,Female,88
690,Basilio,bdabrowskij5@irs.gov,Male,69
693,Hanna,hheadlandj8@yahoo.co.jp,Female,84
694,Helli,hhaberjamj9@thetimes.co.uk,Female,92
697,Gar,gtoaljc@youtube.com,Male,87
698,Berget,bluxmoorejd@vkontakte.ru,Female,65
699,Estelle,ehadekeje@apache.org,Female,69
702,Aloysia,achinnockjh@noaa.gov,Female,77
705,Fredrick,fboathjk@deliciousdays.com,Male,65
706,Fabiano,fcullumjl@columbia.edu,Male,68
707,Benedicta,bminichijm@ovh.net,Female,75
708,Valdemar,vnewartejn@livejournal.com,Male,89
712,Mateo,,Male,90
714,Marshall,mismayjt@desdev.cn,Male,78
716,Heida,hrignoldesjv@walmart.com,Female,94
722,Shelia,sglasscottk1@google.nl,Female,89
729,Zebedee,zstormk8@mac.com,Male,62
730,Herrick,,Male,81
731,Rob,rfuentezka@techcrunch.com,Male,92
732,Mavra,mspaduzzakb@ning.com,Female,77
734,Jedidiah,jclarabutkd@ihg.com,Male,70
736,Rochelle,,Female,67
737,Florenza,fevenettkg@geocities.jp,Female,69
741,Zelig,,Male,78
745,Arabel,agaydenko@chron.com,Female,72
747,Rozelle,rmanchesterkq@home.pl,Female,70
748,Rebe,rabbekr@aol.com,Female,95
751,Darcy,dbroadbridgeku@jigsy.com,Male,76
758,Lyle,lferedayl1@berkeley.edu,Male,99
759,Herminia,hwilcinskisl2@vkontakte.ru,Female,69
760,Emalia,eredhousel3@i2i.jp,Female,66
761,Johnny,jritchardl4@comcast.net,Male,76
762,Thom,tstallworthyl5@facebook.com,Male,67
763,Jania,jchristall6@mlb.com,Female,90
766,Ely,emerigonl9@studiopress.com,Male,94
767,Abelard,amillthorpela@wikispaces.com,Male,98
769,Peirce,pgibbinslc@ibm.com,Male,90
772,Celinda,,Female,94
776,Rivkah,rnottingamlj@themeforest.net,Female,69
777,Ola,ochiecolk@tamu.edu,Female,62
781,Jamey,jwylielo@fema.gov,Male,89
790,Elroy,,Male,88
791,Valerye,vgoadbiely@printfriendly.com,Female,78
793,Burr,,Male,66
794,Caldwell,,Male,81
796,Jarrad,jhaggardm3@addtoany.com,Male,70
797,Dawna,ddunkertonm4@abc.net.au,Female,67
798,Cleavland,cgommesm5@time.com,Male,67
799,Hussein,hgoffem6@google.de,Male,72
802,Frank,fdewanm9@yandex.ru,Male,76
803,Augie,asultanama@blogger.com,Male,82
805,Dannel,dterrillmc@omniture.com,Male,95
806,Hans,hzollnermd@rediff.com,Male,97
807,Ketty,kbachelorme@liveinternet.ru,Female,67
809,Athena,ainstonemg@lycos.com,Female,77
815,Dorene,dfomichyovmm@earthlink.net,Female,89
816,Boote,bstonarymn@stanford.edu,Male,82
817,Nancee,nbamboroughmo@bigcartel.com,Female,91
818,Cherey,ctallynmp@engadget.com,Female,81
819,Vonni,,Female,68
822,Hubey,,Male,73
824,Vern,vcubittmv@dell.com,Male,74
825,Chancey,ceverilmw@jiathis.com,Male,95
828,Annadiana,aberfootmz@symantec.com,Female,94
829,Merell,mrouselln0@github.io,Male,78
832,Alic,aduchateln3@marriott.com,Male,87
834,Balduin,bclineckn5@webeden.co.uk,Male,85
840,Ronda,rmenilovenb@answers.com,Female,97
841,Ralf,rdamettinc@globo.com,Male,92
844,Anna,apetraceknf@elegantthemes.com,Female,62
845,Mag,mgudemanng@gnu.org,Female,100
846,Bendicty,bbohlensnh@tmall.com,Male,96
848,Townsend,thindhaughnj@drupal.org,Male,84
856,Kristofer,kmacparlannr@comcast.net,Male,78
859,Stanislaw,sspindlernu@opensource.org,Male,62
862,Kalie,,Female,63
865,Pat,pfliggo0@purevolume.com,Male,93
866,Baldwin,brathjeno1@hatena.ne.jp,Male,79
869,Issie,itubridyo4@behance.net,Female,93
871,Lucian,lmargiottao6@webs.com,Male,93
873,Gill,gparadeso8@newyorker.com,Male,91
876,Blair,blonnonob@statcounter.com,Female,100
877,Adria,aiglesiazoc@free.fr,Female,89
879,Archy,abamlettoe@over-blog.com,Male,81
881,Ahmad,ahaibelog@gmpg.org,Male,82
884,Evvy,eblodgettsoj@ca.gov,Female,78
889,Elana,ecavyoo@businesswire.com,Female,99
890,Florrie,fswepstoneop@nbcnews.com,Female,72
892,Zacharia,zdanielotor@earthlink.net,Male,67
894,Kimball,kricksonot@soundcloud.com,Male,82
897,Lucian,lluceow@samsung.com,Male,83
898,Odell,ocantuox@shareasale.com,Male,76
900,Ermanno,,Male,65
901,Caroline,cdeanesyp0@twitter.com,Female,70
905,Barrett,,Male,69
907,Tawsha,tscopesp6@census.gov,Female,94
908,Cassondra,cbastenp7@cornell.edu,Female,68
910,Laverne,lochterlonyp9@elpais.com,Female,93
913,Jobina,,Female,66
914,Raine,rmatevosianpd@telegraph.co.uk,Female,71
916,Lemar,lthornewellpf@google.cn,Male,91
920,Alice,amargrettpj@hc360.com,Female,70
923,Frederich,,Male,70
924,Kort,kshipstonpn@youku.com,Male,70
927,Corinna,cgoodrumpq@nifty.com,Female,89
929,Colette,,Female,74
932,Cassey,,Female,83
934,Odele,olowethpx@amazon.de,Female,97
937,Trace,tkennq0@friendfeed.com,Male,95
941,Kalie,kdakeq4@acquirethisname.com,Female,76
945,Knox,kkeyserq8@a8.net,Male,85
946,Cullie,cflauneq9@tripod.com,Male,93
947,Kristofor,kbrislaneqa@aol.com,Male,61
948,Emelda,,Female,79
958,Rubetta,rchatenierql@weather.com,Female,71
961,Calida,,Female,61
963,Cullin,craxworthyqq@newsvine.com,Male,65
965,Sherm,shackingqs@wired.com,Male,86
969,Tanny,tdoughteryqw@e-recht24.de,Male,72
970,Kristy,,Female,68
971,Gwenora,gstitchqy@state.tx.us,Female,83
979,Elbertine,eramelr6@ucsd.edu,Female,78
980,Tessa,,Female,86
984,Barnabe,broydonrb@google.ru,Male,85
991,Hoebart,,Male,94
992,Kimble,kmoirrj@si.edu,Male,97
999,Brandais,bfeldrq@washingtonpost.com,Female,73
