1,Basia,122,Aetna,Newjersey,USA
2,Sollie,122,Aetna,Newjersey,USA
3,Boyd,122,Aetna,Newjersey,USA
4,Jyoti,122,Aetna,Newjersey,USA
5,Tad,122,Aetna,Newjersey,USA
6,Neel,123,Cigna,Sanfrancisco,USA
7,Alexis,122,Aetna,Newjersey,USA
8,Maddalena,122,Aetna,Newjersey,USA
9,Sharlene,123,Cigna,Sanfrancisco,USA
10,Joan,123,Cigna,Sanfrancisco,USA
11,Kele,122,Aetna,Newjersey,USA
12,Daren,123,Cigna,Sanfrancisco,USA
13,Dedie,122,Aetna,Newjersey,USA
14,Brietta,123,Cigna,Sanfrancisco,USA
15,Hort,123,Cigna,Sanfrancisco,USA
16,Alyse,123,Cigna,Sanfrancisco,USA
17,Wenona,123,Cigna,Sanfrancisco,USA
18,Gerianna,123,Cigna,Sanfrancisco,USA
19,Eddy,122,Aetna,Newjersey,USA
20,Dennie,123,Cigna,Sanfrancisco,USA
21,Bryna,123,Cigna,Sanfrancisco,USA
22,Berget,122,Aetna,Newjersey,USA
23,Baily,122,Aetna,Newjersey,USA
24,Hanni,123,Cigna,Sanfrancisco,USA
25,Wainwright,123,Cigna,Sanfrancisco,USA
26,Winny,122,Aetna,Newjersey,USA
27,Alberto,122,Aetna,Newjersey,USA
28,Neala,122,Aetna,Newjersey,USA
29,Stewart,123,Cigna,Sanfrancisco,USA
30,Elliot,123,Cigna,Sanfrancisco,USA
31,Barbabra,122,Aetna,Newjersey,USA
32,Darell,123,Cigna,Sanfrancisco,USA
33,Ray,123,Cigna,Sanfrancisco,USA
34,Quentin,122,Aetna,Newjersey,USA
35,Idell,123,Cigna,Sanfrancisco,USA
36,Cirilo,123,Cigna,Sanfrancisco,USA
37,Staford,122,Aetna,Newjersey,USA
38,Lissi,123,Cigna,Sanfrancisco,USA
39,Neilla,122,Aetna,Newjersey,USA
40,Agustin,123,Cigna,Sanfrancisco,USA
41,Freedman,122,Aetna,Newjersey,USA
42,Davita,122,Aetna,Newjersey,USA
43,Charlie,123,Cigna,Sanfrancisco,USA
44,Hubert,122,Aetna,Newjersey,USA
45,Patten,122,Aetna,Newjersey,USA
46,Caprice,123,Cigna,Sanfrancisco,USA
47,Hillary,123,Cigna,Sanfrancisco,USA
48,Sidoney,123,Cigna,Sanfrancisco,USA
49,Jeri,122,Aetna,Newjersey,USA
50,Lewes,122,Aetna,Newjersey,USA
51,Dennie,123,Cigna,Sanfrancisco,USA
52,Benjie,123,Cigna,Sanfrancisco,USA
53,Tracie,123,Cigna,Sanfrancisco,USA
54,Samara,123,Cigna,Sanfrancisco,USA
55,Lewes,123,Cigna,Sanfrancisco,USA
56,Halette,122,Aetna,Newjersey,USA
57,Celinka,122,Aetna,Newjersey,USA
58,Batholomew,123,Cigna,Sanfrancisco,USA
59,Tamqrah,122,Aetna,Newjersey,USA
60,Lilyan,123,Cigna,Sanfrancisco,USA
61,Bear,122,Aetna,Newjersey,USA
62,Wynn,122,Aetna,Newjersey,USA
63,Klarika,122,Aetna,Newjersey,USA
64,Burk,122,Aetna,Newjersey,USA
65,Tobiah,122,Aetna,Newjersey,USA
66,Farrel,123,Cigna,Sanfrancisco,USA
67,Romonda,123,Cigna,Sanfrancisco,USA
68,Melosa,123,Cigna,Sanfrancisco,USA
69,Brigham,122,Aetna,Newjersey,USA
70,Base,122,Aetna,Newjersey,USA
71,Abram,122,Aetna,Newjersey,USA
72,Annabela,123,Cigna,Sanfrancisco,USA
73,Bev,123,Cigna,Sanfrancisco,USA
74,Aldridge,123,Cigna,Sanfrancisco,USA
75,Emmaline,122,Aetna,Newjersey,USA
76,Therine,122,Aetna,Newjersey,USA
77,Krista,122,Aetna,Newjersey,USA
78,Berkly,123,Cigna,Sanfrancisco,USA
79,Jody,122,Aetna,Newjersey,USA
80,Hebert,122,Aetna,Newjersey,USA
81,Thorny,122,Aetna,Newjersey,USA
82,Lloyd,123,Cigna,Sanfrancisco,USA
83,Demetris,122,Aetna,Newjersey,USA
84,Evonne,123,Cigna,Sanfrancisco,USA
85,Mahmoud,123,Cigna,Sanfrancisco,USA
86,Norma,122,Aetna,Newjersey,USA
87,Nathalie,122,Aetna,Newjersey,USA
88,Erwin,123,Cigna,Sanfrancisco,USA
89,Inessa,122,Aetna,Newjersey,USA
90,Lyn,123,Cigna,Sanfrancisco,USA
91,Roscoe,122,Aetna,Newjersey,USA
92,Johnette,122,Aetna,Newjersey,USA
93,Elwin,123,Cigna,Sanfrancisco,USA
94,Hailey,122,Aetna,Newjersey,USA
95,Thorndike,122,Aetna,Newjersey,USA
96,Lishe,123,Cigna,Sanfrancisco,USA
97,Felicle,122,Aetna,Newjersey,USA
98,Keene,122,Aetna,Newjersey,USA
99,Toddy,122,Aetna,Newjersey,USA
100,Fenelia,123,Cigna,Sanfrancisco,USA
101,Adria,122,Aetna,Newjersey,USA
102,Bidget,123,Cigna,Sanfrancisco,USA
103,Daphne,122,Aetna,Newjersey,USA
104,Corbett,122,Aetna,Newjersey,USA
105,Coop,122,Aetna,Newjersey,USA
106,Anallise,122,Aetna,Newjersey,USA
107,Cathrin,122,Aetna,Newjersey,USA
108,Barbabas,123,Cigna,Sanfrancisco,USA
109,Lynsey,122,Aetna,Newjersey,USA
110,Tarrance,122,Aetna,Newjersey,USA
111,Homerus,123,Cigna,Sanfrancisco,USA
112,Berkie,123,Cigna,Sanfrancisco,USA
113,Olenka,122,Aetna,Newjersey,USA
114,Lyda,123,Cigna,Sanfrancisco,USA
115,Calli,123,Cigna,Sanfrancisco,USA
116,Ross,123,Cigna,Sanfrancisco,USA
117,Aviva,123,Cigna,Sanfrancisco,USA
118,Noah,122,Aetna,Newjersey,USA
119,Jacklin,123,Cigna,Sanfrancisco,USA
120,Rancell,123,Cigna,Sanfrancisco,USA
121,Armand,123,Cigna,Sanfrancisco,USA
122,Channa,122,Aetna,Newjersey,USA
123,Fowler,122,Aetna,Newjersey,USA
124,Daveta,122,Aetna,Newjersey,USA
125,Friederike,123,Cigna,Sanfrancisco,USA
126,Cullie,123,Cigna,Sanfrancisco,USA
127,Cassandra,122,Aetna,Newjersey,USA
128,Darrelle,122,Aetna,Newjersey,USA
129,Julius,123,Cigna,Sanfrancisco,USA
130,Nial,122,Aetna,Newjersey,USA
131,Kirsti,123,Cigna,Sanfrancisco,USA
132,Lindy,122,Aetna,Newjersey,USA
133,Mona,123,Cigna,Sanfrancisco,USA
134,Gunther,123,Cigna,Sanfrancisco,USA
135,Bay,122,Aetna,Newjersey,USA
136,Wes,123,Cigna,Sanfrancisco,USA
137,Amandie,123,Cigna,Sanfrancisco,USA
138,Josey,123,Cigna,Sanfrancisco,USA
139,Margarette,122,Aetna,Newjersey,USA
140,Kelvin,122,Aetna,Newjersey,USA
141,Edmund,123,Cigna,Sanfrancisco,USA
142,Lin,122,Aetna,Newjersey,USA
143,Caril,122,Aetna,Newjersey,USA
144,Pauly,122,Aetna,Newjersey,USA
145,Vivie,122,Aetna,Newjersey,USA
146,Nancie,123,Cigna,Sanfrancisco,USA
147,Alf,123,Cigna,Sanfrancisco,USA
148,Giana,122,Aetna,Newjersey,USA
149,Nil,122,Aetna,Newjersey,USA
150,Valentijn,123,Cigna,Sanfrancisco,USA
151,Belle,122,Aetna,Newjersey,USA
152,Lizzie,122,Aetna,Newjersey,USA
153,Rodolfo,123,Cigna,Sanfrancisco,USA
154,Osbert,123,Cigna,Sanfrancisco,USA
155,Shela,122,Aetna,Newjersey,USA
156,Mal,123,Cigna,Sanfrancisco,USA
157,Cobb,122,Aetna,Newjersey,USA
158,Anderson,122,Aetna,Newjersey,USA
159,Conrado,122,Aetna,Newjersey,USA
160,Arther,122,Aetna,Newjersey,USA
161,Derk,123,Cigna,Sanfrancisco,USA
162,Mack,122,Aetna,Newjersey,USA
163,Felecia,122,Aetna,Newjersey,USA
164,Brandi,123,Cigna,Sanfrancisco,USA
165,Farris,123,Cigna,Sanfrancisco,USA
166,Alice,123,Cigna,Sanfrancisco,USA
167,Delphine,123,Cigna,Sanfrancisco,USA
168,Terrel,122,Aetna,Newjersey,USA
169,Sonnie,122,Aetna,Newjersey,USA
170,Waldo,122,Aetna,Newjersey,USA
171,Filmer,122,Aetna,Newjersey,USA
172,Jessie,122,Aetna,Newjersey,USA
173,Tasia,122,Aetna,Newjersey,USA
174,Sonia,122,Aetna,Newjersey,USA
175,Donelle,123,Cigna,Sanfrancisco,USA
176,Sibylla,123,Cigna,Sanfrancisco,USA
177,Saunder,123,Cigna,Sanfrancisco,USA
178,Erie,123,Cigna,Sanfrancisco,USA
179,Cash,123,Cigna,Sanfrancisco,USA
180,Karola,123,Cigna,Sanfrancisco,USA
181,Beilul,123,Cigna,Sanfrancisco,USA
182,Winny,122,Aetna,Newjersey,USA
183,Stormie,123,Cigna,Sanfrancisco,USA
184,Monique,123,Cigna,Sanfrancisco,USA
185,Sheena,123,Cigna,Sanfrancisco,USA
186,Franky,123,Cigna,Sanfrancisco,USA
187,Arielle,122,Aetna,Newjersey,USA
188,Verile,123,Cigna,Sanfrancisco,USA
189,Ferdie,122,Aetna,Newjersey,USA
190,Conny,123,Cigna,Sanfrancisco,USA
191,Marget,123,Cigna,Sanfrancisco,USA
192,Brina,123,Cigna,Sanfrancisco,USA
193,Woody,122,Aetna,Newjersey,USA
194,Samson,122,Aetna,Newjersey,USA
195,Patricio,122,Aetna,Newjersey,USA
196,Inna,122,Aetna,Newjersey,USA
197,Jean,123,Cigna,Sanfrancisco,USA
198,Geraldine,123,Cigna,Sanfrancisco,USA
199,Tobye,123,Cigna,Sanfrancisco,USA
200,Calley,122,Aetna,Newjersey,USA
201,Harcourt,123,Cigna,Sanfrancisco,USA
202,Ruperto,122,Aetna,Newjersey,USA
203,Dael,123,Cigna,Sanfrancisco,USA
204,Deonne,122,Aetna,Newjersey,USA
205,Cosette,123,Cigna,Sanfrancisco,USA
206,Francois,122,Aetna,Newjersey,USA
207,Catriona,123,Cigna,Sanfrancisco,USA
208,Oliver,122,Aetna,Newjersey,USA
209,Gardner,122,Aetna,Newjersey,USA
210,Kristin,123,Cigna,Sanfrancisco,USA
211,Filmer,122,Aetna,Newjersey,USA
212,Melli,123,Cigna,Sanfrancisco,USA
213,Ray,122,Aetna,Newjersey,USA
214,Kellen,123,Cigna,Sanfrancisco,USA
215,Nobe,123,Cigna,Sanfrancisco,USA
216,Russell,122,Aetna,Newjersey,USA
217,Brittaney,123,Cigna,Sanfrancisco,USA
218,Roseanna,123,Cigna,Sanfrancisco,USA
219,Drucy,122,Aetna,Newjersey,USA
220,Janna,122,Aetna,Newjersey,USA
221,Ricard,122,Aetna,Newjersey,USA
222,Cross,123,Cigna,Sanfrancisco,USA
223,Sallee,123,Cigna,Sanfrancisco,USA
224,Maxwell,122,Aetna,Newjersey,USA
225,Leslie,123,Cigna,Sanfrancisco,USA
226,Rodolphe,122,Aetna,Newjersey,USA
227,Deedee,122,Aetna,Newjersey,USA
228,Dania,123,Cigna,Sanfrancisco,USA
229,Alric,122,Aetna,Newjersey,USA
230,Melantha,122,Aetna,Newjersey,USA
231,Bay,123,Cigna,Sanfrancisco,USA
232,Zachariah,122,Aetna,Newjersey,USA
233,Reinhard,122,Aetna,Newjersey,USA
234,Coleman,122,Aetna,Newjersey,USA
235,Dody,122,Aetna,Newjersey,USA
236,Ricard,123,Cigna,Sanfrancisco,USA
237,Gabey,123,Cigna,Sanfrancisco,USA
238,Octavius,122,Aetna,Newjersey,USA
239,Erhart,123,Cigna,Sanfrancisco,USA
240,Augie,122,Aetna,Newjersey,USA
241,Gannon,122,Aetna,Newjersey,USA
242,Shoshanna,123,Cigna,Sanfrancisco,USA
243,Stace,123,Cigna,Sanfrancisco,USA
244,Carissa,122,Aetna,Newjersey,USA
245,Gigi,123,Cigna,Sanfrancisco,USA
246,Nicko,123,Cigna,Sanfrancisco,USA
247,Myron,123,Cigna,Sanfrancisco,USA
248,Shae,122,Aetna,Newjersey,USA
249,Ugo,122,Aetna,Newjersey,USA
250,Adelaide,123,Cigna,Sanfrancisco,USA
251,Ulrica,123,Cigna,Sanfrancisco,USA
252,Kermie,123,Cigna,Sanfrancisco,USA
253,Gilly,122,Aetna,Newjersey,USA
254,Killian,123,Cigna,Sanfrancisco,USA
255,Selie,123,Cigna,Sanfrancisco,USA
256,Junina,122,Aetna,Newjersey,USA
257,Jorry,123,Cigna,Sanfrancisco,USA
258,Darnall,123,Cigna,Sanfrancisco,USA
259,Aron,123,Cigna,Sanfrancisco,USA
260,Gianni,123,Cigna,Sanfrancisco,USA
261,Shandeigh,122,Aetna,Newjersey,USA
262,Feodora,123,Cigna,Sanfrancisco,USA
263,Carroll,122,Aetna,Newjersey,USA
264,Fidel,123,Cigna,Sanfrancisco,USA
265,Norah,123,Cigna,Sanfrancisco,USA
266,Pepe,122,Aetna,Newjersey,USA
267,Stanwood,123,Cigna,Sanfrancisco,USA
268,Casie,123,Cigna,Sanfrancisco,USA
269,Will,122,Aetna,Newjersey,USA
270,Morgana,123,Cigna,Sanfrancisco,USA
271,Irvine,123,Cigna,Sanfrancisco,USA
272,Daniele,122,Aetna,Newjersey,USA
273,Conrad,123,Cigna,Sanfrancisco,USA
274,Meredeth,122,Aetna,Newjersey,USA
275,Antonius,123,Cigna,Sanfrancisco,USA
276,Verna,122,Aetna,Newjersey,USA
277,Leeanne,122,Aetna,Newjersey,USA
278,Junina,123,Cigna,Sanfrancisco,USA
279,Patrick,123,Cigna,Sanfrancisco,USA
280,Dilan,122,Aetna,Newjersey,USA
281,Aldon,122,Aetna,Newjersey,USA
282,Fonzie,122,Aetna,Newjersey,USA
283,Gwynne,123,Cigna,Sanfrancisco,USA
284,Jody,122,Aetna,Newjersey,USA
285,Nero,122,Aetna,Newjersey,USA
286,Ferdinand,122,Aetna,Newjersey,USA
287,Izzy,122,Aetna,Newjersey,USA
288,Kincaid,123,Cigna,Sanfrancisco,USA
289,Ezmeralda,122,Aetna,Newjersey,USA
290,Jessa,123,Cigna,Sanfrancisco,USA
291,Amabel,122,Aetna,Newjersey,USA
292,Erik,122,Aetna,Newjersey,USA
293,Verina,123,Cigna,Sanfrancisco,USA
294,Leta,122,Aetna,Newjersey,USA
295,Lilias,123,Cigna,Sanfrancisco,USA
296,Valentijn,122,Aetna,Newjersey,USA
297,Jackson,123,Cigna,Sanfrancisco,USA
298,Melody,122,Aetna,Newjersey,USA
299,Christoffer,123,Cigna,Sanfrancisco,USA
300,Buffy,122,Aetna,Newjersey,USA
301,Marna,123,Cigna,Sanfrancisco,USA
302,Bealle,123,Cigna,Sanfrancisco,USA
303,Franky,123,Cigna,Sanfrancisco,USA
304,Farra,122,Aetna,Newjersey,USA
305,Cornelia,123,Cigna,Sanfrancisco,USA
306,Caryl,123,Cigna,Sanfrancisco,USA
307,Niccolo,122,Aetna,Newjersey,USA
308,Lesya,122,Aetna,Newjersey,USA
309,Saleem,123,Cigna,Sanfrancisco,USA
310,Helaina,123,Cigna,Sanfrancisco,USA
311,Anabelle,123,Cigna,Sanfrancisco,USA
312,Leigh,123,Cigna,Sanfrancisco,USA
313,Mora,123,Cigna,Sanfrancisco,USA
314,Gussy,122,Aetna,Newjersey,USA
315,Orrin,123,Cigna,Sanfrancisco,USA
316,Thaine,123,Cigna,Sanfrancisco,USA
317,Sherri,123,Cigna,Sanfrancisco,USA
318,Con,122,Aetna,Newjersey,USA
319,Eimile,122,Aetna,Newjersey,USA
320,Reinaldo,123,Cigna,Sanfrancisco,USA
321,Elly,123,Cigna,Sanfrancisco,USA
322,Prudy,122,Aetna,Newjersey,USA
323,Clair,122,Aetna,Newjersey,USA
324,Rhea,123,Cigna,Sanfrancisco,USA
325,Larissa,122,Aetna,Newjersey,USA
326,Riley,123,Cigna,Sanfrancisco,USA
327,Matias,123,Cigna,Sanfrancisco,USA
328,Nanny,122,Aetna,Newjersey,USA
329,Bekki,123,Cigna,Sanfrancisco,USA
330,Sarge,122,Aetna,Newjersey,USA
331,Jess,122,Aetna,Newjersey,USA
332,Wiley,122,Aetna,Newjersey,USA
333,Maggie,122,Aetna,Newjersey,USA
334,Phaedra,122,Aetna,Newjersey,USA
335,Goddart,122,Aetna,Newjersey,USA
336,Alie,123,Cigna,Sanfrancisco,USA
337,Erl,123,Cigna,Sanfrancisco,USA
338,Marylin,123,Cigna,Sanfrancisco,USA
339,Julita,122,Aetna,Newjersey,USA
340,Raphael,122,Aetna,Newjersey,USA
341,Cristiano,122,Aetna,Newjersey,USA
342,Kinsley,123,Cigna,Sanfrancisco,USA
343,Mirella,122,Aetna,Newjersey,USA
344,Anthe,123,Cigna,Sanfrancisco,USA
345,Charmine,122,Aetna,Newjersey,USA
346,Nelia,123,Cigna,Sanfrancisco,USA
347,Barbi,123,Cigna,Sanfrancisco,USA
348,Christine,122,Aetna,Newjersey,USA
349,Tulley,123,Cigna,Sanfrancisco,USA
350,Darda,122,Aetna,Newjersey,USA
351,Jard,122,Aetna,Newjersey,USA
352,Alison,122,Aetna,Newjersey,USA
353,Donavon,122,Aetna,Newjersey,USA
354,Jamaal,123,Cigna,Sanfrancisco,USA
355,Analiese,123,Cigna,Sanfrancisco,USA
356,Lorraine,123,Cigna,Sanfrancisco,USA
357,Wilma,122,Aetna,Newjersey,USA
358,Bond,123,Cigna,Sanfrancisco,USA
359,Angelico,123,Cigna,Sanfrancisco,USA
360,Demetria,122,Aetna,Newjersey,USA
361,Booth,122,Aetna,Newjersey,USA
362,Allyce,123,Cigna,Sanfrancisco,USA
363,Jobi,122,Aetna,Newjersey,USA
364,Kacie,123,Cigna,Sanfrancisco,USA
365,Alastair,123,Cigna,Sanfrancisco,USA
366,Vivyan,123,Cigna,Sanfrancisco,USA
367,Karly,122,Aetna,Newjersey,USA
368,Elisabeth,123,Cigna,Sanfrancisco,USA
369,Leopold,123,Cigna,Sanfrancisco,USA
370,Dennet,122,Aetna,Newjersey,USA
371,Sigismund,122,Aetna,Newjersey,USA
372,Clementina,123,Cigna,Sanfrancisco,USA
373,Jase,123,Cigna,Sanfrancisco,USA
374,Jameson,122,Aetna,Newjersey,USA
375,Chris,123,Cigna,Sanfrancisco,USA
376,Cristian,123,Cigna,Sanfrancisco,USA
377,Meridith,122,Aetna,Newjersey,USA
378,Caryn,122,Aetna,Newjersey,USA
379,Osbert,122,Aetna,Newjersey,USA
380,Shaw,123,Cigna,Sanfrancisco,USA
381,Don,122,Aetna,Newjersey,USA
382,Jan,122,Aetna,Newjersey,USA
383,Brett,122,Aetna,Newjersey,USA
384,Kim,122,Aetna,Newjersey,USA
385,Den,122,Aetna,Newjersey,USA
386,Dill,123,Cigna,Sanfrancisco,USA
387,Sammy,122,Aetna,Newjersey,USA
388,Daron,122,Aetna,Newjersey,USA
389,Debbi,123,Cigna,Sanfrancisco,USA
390,May,122,Aetna,Newjersey,USA
391,Glenda,122,Aetna,Newjersey,USA
392,Derk,122,Aetna,Newjersey,USA
393,Wilbur,122,Aetna,Newjersey,USA
394,Ralina,123,Cigna,Sanfrancisco,USA
395,Lovell,121,United health,Newyork,USA
396,Zelda,121,United health,Newyork,USA
397,Aurelea,123,Cigna,Sanfrancisco,USA
398,Helga,121,United health,Newyork,USA
399,Ali,123,Cigna,Sanfrancisco,USA
400,Reube,121,United health,Newyork,USA
401,Adena,121,United health,Newyork,USA
402,Ethelin,121,United health,Newyork,USA
403,Fremont,123,Cigna,Sanfrancisco,USA
404,Reece,123,Cigna,Sanfrancisco,USA
405,Honor,123,Cigna,Sanfrancisco,USA
406,Fraze,123,Cigna,Sanfrancisco,USA
407,Phil,123,Cigna,Sanfrancisco,USA
408,Leila,125,Humana,Illinois,USA
409,Heda,125,Humana,Illinois,USA
410,Emelita,125,Humana,Illinois,USA
411,Clementine,125,Humana,Illinois,USA
412,Lark,121,United health,Newyork,USA
413,Neely,121,United health,Newyork,USA
414,Orsa,125,Humana,Illinois,USA
415,Tedie,125,Humana,Illinois,USA
416,Rory,121,United health,Newyork,USA
417,Emma,121,United health,Newyork,USA
418,Forrester,121,United health,Newyork,USA
419,Ann,125,Humana,Illinois,USA
420,Garvin,125,Humana,Illinois,USA
421,Rob,125,Humana,Illinois,USA
422,Arlene,125,Humana,Illinois,USA
423,Ermentrude,125,Humana,Illinois,USA
424,Kirby,125,Humana,Illinois,USA
425,Elmer,125,Humana,Illinois,USA
426,Michaelina,121,United health,Newyork,USA
427,Blinny,125,Humana,Illinois,USA
428,Gerty,121,United health,Newyork,USA
429,Vinny,121,United health,Newyork,USA
430,Nickola,121,United health,Newyork,USA
431,Augy,125,Humana,Illinois,USA
432,Prentice,125,Humana,Illinois,USA
433,Minerva,125,Humana,Illinois,USA
434,Christean,121,United health,Newyork,USA
435,Molli,125,Humana,Illinois,USA
436,Ezmeralda,121,United health,Newyork,USA
437,Kalvin,121,United health,Newyork,USA
438,Wadsworth,121,United health,Newyork,USA
439,Adah,121,United health,Newyork,USA
440,Gunner,125,Humana,Illinois,USA
441,Livy,125,Humana,Illinois,USA
442,Niel,121,United health,Newyork,USA
443,Phyllida,121,United health,Newyork,USA
444,Bertie,121,United health,Newyork,USA
445,Trish,121,United health,Newyork,USA
446,Kristin,121,United health,Newyork,USA
447,Pepito,125,Humana,Illinois,USA
448,Odilia,125,Humana,Illinois,USA
449,Freda,121,United health,Newyork,USA
450,Susy,121,United health,Newyork,USA
451,Alfie,125,Humana,Illinois,USA
452,Baily,125,Humana,Illinois,USA
453,Lisbeth,121,United health,Newyork,USA
454,Clive,121,United health,Newyork,USA
455,Linnie,125,Humana,Illinois,USA
456,Sybila,121,United health,Newyork,USA
457,Celesta,125,Humana,Illinois,USA
458,Jillie,121,United health,Newyork,USA
459,Esteban,125,Humana,Illinois,USA
460,Lizzy,125,Humana,Illinois,USA
461,Gracie,125,Humana,Illinois,USA
462,Matilda,121,United health,Newyork,USA
463,Donielle,125,Humana,Illinois,USA
464,Karita,121,United health,Newyork,USA
465,Gunar,121,United health,Newyork,USA
466,El,121,United health,Newyork,USA
467,Leontine,125,Humana,Illinois,USA
468,Johnathan,125,Humana,Illinois,USA
469,Haley,121,United health,Newyork,USA
470,Krista,125,Humana,Illinois,USA
471,Erwin,125,Humana,Illinois,USA
472,Rozelle,125,Humana,Illinois,USA
473,Mari,125,Humana,Illinois,USA
474,Thorsten,125,Humana,Illinois,USA
475,Donnell,121,United health,Newyork,USA
476,Vittorio,121,United health,Newyork,USA
477,Wilmar,125,Humana,Illinois,USA
478,Malinda,121,United health,Newyork,USA
479,Etheline,121,United health,Newyork,USA
480,Chicky,121,United health,Newyork,USA
481,Ramsey,125,Humana,Illinois,USA
482,Thane,125,Humana,Illinois,USA
483,Kendrick,121,United health,Newyork,USA
484,Joyce,125,Humana,Illinois,USA
485,Emmi,125,Humana,Illinois,USA
486,Cortney,125,Humana,Illinois,USA
487,Ferd,125,Humana,Illinois,USA
488,Antonie,125,Humana,Illinois,USA
489,Carny,121,United health,Newyork,USA
490,Ardine,125,Humana,Illinois,USA
491,Lawton,125,Humana,Illinois,USA
492,Jimmy,125,Humana,Illinois,USA
493,Betteanne,125,Humana,Illinois,USA
494,Kev,121,United health,Newyork,USA
495,Zeke,125,Humana,Illinois,USA
496,Lurlene,125,Humana,Illinois,USA
497,Lonni,121,United health,Newyork,USA
498,Brianne,121,United health,Newyork,USA
499,Reinwald,121,United health,Newyork,USA
500,Franklin,125,Humana,Illinois,USA
501,Dasha,125,Humana,Illinois,USA
502,Morgen,121,United health,Newyork,USA
503,Teriann,125,Humana,Illinois,USA
504,Padriac,121,United health,Newyork,USA
505,Dana,125,Humana,Illinois,USA
506,Dolly,121,United health,Newyork,USA
507,Sara,121,United health,Newyork,USA
508,Brett,125,Humana,Illinois,USA
509,Beau,121,United health,Newyork,USA
510,Emeline,121,United health,Newyork,USA
511,Alfonse,121,United health,Newyork,USA
512,Alexine,121,United health,Newyork,USA
513,Maribelle,125,Humana,Illinois,USA
514,Reba,121,United health,Newyork,USA
515,Jeramey,125,Humana,Illinois,USA
516,Eb,125,Humana,Illinois,USA
517,Beatriz,125,Humana,Illinois,USA
518,Rubi,125,Humana,Illinois,USA
519,Rhetta,125,Humana,Illinois,USA
520,Jamie,121,United health,Newyork,USA
521,Thomasa,121,United health,Newyork,USA
522,Henry,125,Humana,Illinois,USA
523,Stanislas,121,United health,Newyork,USA
524,Debbi,121,United health,Newyork,USA
525,Riane,121,United health,Newyork,USA
526,Corrie,125,Humana,Illinois,USA
527,Arnie,125,Humana,Illinois,USA
528,Omero,125,Humana,Illinois,USA
529,Emeline,121,United health,Newyork,USA
530,Stern,125,Humana,Illinois,USA
531,Stanfield,121,United health,Newyork,USA
532,Woodie,125,Humana,Illinois,USA
533,Athene,121,United health,Newyork,USA
534,Natalina,125,Humana,Illinois,USA
535,Bay,125,Humana,Illinois,USA
536,Hailee,121,United health,Newyork,USA
537,Panchito,125,Humana,Illinois,USA
538,Monti,121,United health,Newyork,USA
539,Zachary,125,Humana,Illinois,USA
540,Austin,125,Humana,Illinois,USA
541,Linnell,121,United health,Newyork,USA
542,Ryan,125,Humana,Illinois,USA
543,Aldric,125,Humana,Illinois,USA
544,Alexandro,121,United health,Newyork,USA
545,Anton,125,Humana,Illinois,USA
546,Marcel,121,United health,Newyork,USA
547,Alvina,125,Humana,Illinois,USA
548,Dalila,121,United health,Newyork,USA
549,Essie,121,United health,Newyork,USA
550,Aubrette,125,Humana,Illinois,USA
551,Mellie,121,United health,Newyork,USA
552,Chiquia,121,United health,Newyork,USA
553,Emmit,121,United health,Newyork,USA
554,Berk,125,Humana,Illinois,USA
555,Rosella,125,Humana,Illinois,USA
556,Bonny,121,United health,Newyork,USA
557,Gal,125,Humana,Illinois,USA
558,Melli,125,Humana,Illinois,USA
559,Yank,125,Humana,Illinois,USA
560,Cissy,125,Humana,Illinois,USA
561,Lonnie,125,Humana,Illinois,USA
562,Loralyn,125,Humana,Illinois,USA
563,Orran,121,United health,Newyork,USA
564,Genny,125,Humana,Illinois,USA
565,Hyman,125,Humana,Illinois,USA
566,Francine,121,United health,Newyork,USA
567,Rois,125,Humana,Illinois,USA
568,Dion,125,Humana,Illinois,USA
569,Emera,121,United health,Newyork,USA
570,Jania,125,Humana,Illinois,USA
571,Jeffry,121,United health,Newyork,USA
572,Stacey,125,Humana,Illinois,USA
573,Odella,125,Humana,Illinois,USA
574,Martha,121,United health,Newyork,USA
575,Franny,125,Humana,Illinois,USA
576,Sarajane,125,Humana,Illinois,USA
577,Letty,121,United health,Newyork,USA
578,Bianka,121,United health,Newyork,USA
579,Alano,121,United health,Newyork,USA
580,Ronald,121,United health,Newyork,USA
581,Jonathan,125,Humana,Illinois,USA
582,Travus,125,Humana,Illinois,USA
583,Doti,121,United health,Newyork,USA
584,Sherrie,121,United health,Newyork,USA
585,Tiphanie,125,Humana,Illinois,USA
586,Rheta,121,United health,Newyork,USA
587,Janie,125,Humana,Illinois,USA
588,Leroi,125,Humana,Illinois,USA
589,Briny,121,United health,Newyork,USA
590,Banky,121,United health,Newyork,USA
591,Ernestus,125,Humana,Illinois,USA
592,Wernher,121,United health,Newyork,USA
593,Gottfried,125,Humana,Illinois,USA
594,Lorain,125,Humana,Illinois,USA
595,Prince,121,United health,Newyork,USA
596,Dominique,121,United health,Newyork,USA
597,Barrett,125,Humana,Illinois,USA
598,Wright,125,Humana,Illinois,USA
599,Sibyl,121,United health,Newyork,USA
600,Braden,125,Humana,Illinois,USA
601,Erena,125,Humana,Illinois,USA
602,Sherie,121,United health,Newyork,USA
603,Mozes,121,United health,Newyork,USA
604,Izzy,121,United health,Newyork,USA
605,Vida,125,Humana,Illinois,USA
606,Ursa,125,Humana,Illinois,USA
607,Cristiano,121,United health,Newyork,USA
608,Ced,121,United health,Newyork,USA
609,Grata,121,United health,Newyork,USA
610,Gannie,125,Humana,Illinois,USA
611,Ricoriki,125,Humana,Illinois,USA
612,Gavra,121,United health,Newyork,USA
613,Vince,121,United health,Newyork,USA
614,Roddy,121,United health,Newyork,USA
615,Audrie,125,Humana,Illinois,USA
616,Cybill,121,United health,Newyork,USA
617,Loy,125,Humana,Illinois,USA
618,Denis,125,Humana,Illinois,USA
619,Simeon,121,United health,Newyork,USA
620,Carin,121,United health,Newyork,USA
621,Cary,121,United health,Newyork,USA
622,Mikel,125,Humana,Illinois,USA
623,Colly,125,Humana,Illinois,USA
624,Aguie,121,United health,Newyork,USA
625,Hilarius,125,Humana,Illinois,USA
626,Coretta,125,Humana,Illinois,USA
627,Tybi,121,United health,Newyork,USA
628,Ethel,125,Humana,Illinois,USA
629,Eba,125,Humana,Illinois,USA
630,Albert,121,United health,Newyork,USA
631,Jarvis,121,United health,Newyork,USA
632,Arch,121,United health,Newyork,USA
633,Mart,125,Humana,Illinois,USA
634,Dicky,121,United health,Newyork,USA
635,Crissie,121,United health,Newyork,USA
636,Willow,125,Humana,Illinois,USA
637,Gray,121,United health,Newyork,USA
638,Paton,125,Humana,Illinois,USA
639,North,125,Humana,Illinois,USA
640,Dion,121,United health,Newyork,USA
641,Sawyere,121,United health,Newyork,USA
642,Tedi,125,Humana,Illinois,USA
643,Gleda,125,Humana,Illinois,USA
644,Tremaine,121,United health,Newyork,USA
645,Renelle,125,Humana,Illinois,USA
646,Carney,121,United health,Newyork,USA
647,Zebedee,121,United health,Newyork,USA
648,Bride,125,Humana,Illinois,USA
649,Pieter,121,United health,Newyork,USA
650,Lily,121,United health,Newyork,USA
651,Felike,125,Humana,Illinois,USA
652,Dorry,125,Humana,Illinois,USA
653,Cirillo,125,Humana,Illinois,USA
654,Harriette,125,Humana,Illinois,USA
655,Amabel,125,Humana,Illinois,USA
656,Brendis,121,United health,Newyork,USA
657,Kiersten,125,Humana,Illinois,USA
658,Markos,121,United health,Newyork,USA
659,Eb,125,Humana,Illinois,USA
660,Antoni,121,United health,Newyork,USA
661,Ewen,121,United health,Newyork,USA
662,Jaquelin,121,United health,Newyork,USA
663,Gerome,121,United health,Newyork,USA
664,Dolly,121,United health,Newyork,USA
665,Flint,125,Humana,Illinois,USA
666,Elfie,125,Humana,Illinois,USA
667,Linoel,121,United health,Newyork,USA
668,Teena,121,United health,Newyork,USA
669,Marna,125,Humana,Illinois,USA
670,Kora,125,Humana,Illinois,USA
671,Pacorro,121,United health,Newyork,USA
672,Alejoa,121,United health,Newyork,USA
673,Rasla,125,Humana,Illinois,USA
674,Raye,121,United health,Newyork,USA
675,Aaron,121,United health,Newyork,USA
676,Pierrette,121,United health,Newyork,USA
677,Delinda,125,Humana,Illinois,USA
678,Lindsy,125,Humana,Illinois,USA
679,Suzy,121,United health,Newyork,USA
680,Franny,121,United health,Newyork,USA
681,Bamby,125,Humana,Illinois,USA
682,Loy,125,Humana,Illinois,USA
683,Antoni,125,Humana,Illinois,USA
684,Carroll,125,Humana,Illinois,USA
685,Chadwick,121,United health,Newyork,USA
686,Standford,125,Humana,Illinois,USA
687,Cordie,125,Humana,Illinois,USA
688,Marleah,125,Humana,Illinois,USA
689,Reggie,121,United health,Newyork,USA
690,Basilio,121,United health,Newyork,USA
691,Milo,121,United health,Newyork,USA
692,Bernice,121,United health,Newyork,USA
693,Hanna,121,United health,Newyork,USA
694,Helli,125,Humana,Illinois,USA
695,Josefina,121,United health,Newyork,USA
696,Jacinta,121,United health,Newyork,USA
697,Gar,121,United health,Newyork,USA
698,Berget,125,Humana,Illinois,USA
699,Estelle,125,Humana,Illinois,USA
700,Bertie,125,Humana,Illinois,USA
701,Bernette,125,Humana,Illinois,USA
702,Aloysia,125,Humana,Illinois,USA
703,Killie,121,United health,Newyork,USA
704,Kermy,121,United health,Newyork,USA
705,Fredrick,121,United health,Newyork,USA
706,Fabiano,125,Humana,Illinois,USA
707,Benedicta,121,United health,Newyork,USA
708,Valdemar,121,United health,Newyork,USA
709,Norris,125,Humana,Illinois,USA
710,Tabbie,121,United health,Newyork,USA
711,Ernaline,121,United health,Newyork,USA
712,Mateo,121,United health,Newyork,USA
713,Sigfrid,121,United health,Newyork,USA
714,Marshall,121,United health,Newyork,USA
715,Lesley,125,Humana,Illinois,USA
716,Heida,125,Humana,Illinois,USA
717,Hunt,121,United health,Newyork,USA
718,Caresse,121,United health,Newyork,USA
719,Christiano,125,Humana,Illinois,USA
720,Codi,121,United health,Newyork,USA
721,Alastair,125,Humana,Illinois,USA
722,Shelia,125,Humana,Illinois,USA
723,Hester,121,United health,Newyork,USA
724,Cordy,121,United health,Newyork,USA
725,Riordan,121,United health,Newyork,USA
726,Dorris,121,United health,Newyork,USA
727,Paola,125,Humana,Illinois,USA
728,Hyacintha,121,United health,Newyork,USA
729,Zebedee,121,United health,Newyork,USA
730,Herrick,121,United health,Newyork,USA
731,Rob,121,United health,Newyork,USA
732,Mavra,121,United health,Newyork,USA
733,Gideon,125,Humana,Illinois,USA
734,Jedidiah,121,United health,Newyork,USA
735,Gabriele,125,Humana,Illinois,USA
736,Rochelle,125,Humana,Illinois,USA
737,Florenza,121,United health,Newyork,USA
738,Rodney,125,Humana,Illinois,USA
739,Cassius,121,United health,Newyork,USA
740,Northrop,121,United health,Newyork,USA
741,Zelig,125,Humana,Illinois,USA
742,Stefanie,125,Humana,Illinois,USA
743,Davide,121,United health,Newyork,USA
744,Debbie,121,United health,Newyork,USA
745,Arabel,121,United health,Newyork,USA
746,Patrice,125,Humana,Illinois,USA
747,Rozelle,121,United health,Newyork,USA
748,Rebe,121,United health,Newyork,USA
749,Boonie,125,Humana,Illinois,USA
750,Gustavus,121,United health,Newyork,USA
751,Darcy,121,United health,Newyork,USA
752,Alfonse,121,United health,Newyork,USA
753,Bronson,121,United health,Newyork,USA
754,Harriot,125,Humana,Illinois,USA
755,Gabbie,121,United health,Newyork,USA
756,Lewiss,121,United health,Newyork,USA
757,Orly,121,United health,Newyork,USA
758,Lyle,125,Humana,Illinois,USA
759,Herminia,121,United health,Newyork,USA
760,Emalia,125,Humana,Illinois,USA
761,Johnny,125,Humana,Illinois,USA
762,Thom,121,United health,Newyork,USA
763,Jania,125,Humana,Illinois,USA
764,Daryl,125,Humana,Illinois,USA
765,Marcelia,121,United health,Newyork,USA
766,Ely,125,Humana,Illinois,USA
767,Abelard,125,Humana,Illinois,USA
768,Khalil,125,Humana,Illinois,USA
769,Peirce,125,Humana,Illinois,USA
770,Nicholle,125,Humana,Illinois,USA
771,Honoria,125,Humana,Illinois,USA
772,Celinda,125,Humana,Illinois,USA
773,Irwin,121,United health,Newyork,USA
774,Edvard,125,Humana,Illinois,USA
775,Wain,125,Humana,Illinois,USA
776,Rivkah,121,United health,Newyork,USA
777,Ola,125,Humana,Illinois,USA
778,Maurice,125,Humana,Illinois,USA
779,Eula,121,United health,Newyork,USA
780,Germain,125,Humana,Illinois,USA
781,Jamey,121,United health,Newyork,USA
782,Dehlia,125,Humana,Illinois,USA
783,Concettina,121,United health,Newyork,USA
784,Monroe,121,United health,Newyork,USA
785,Benedikta,125,Humana,Illinois,USA
786,Shannon,125,Humana,Illinois,USA
787,Karmen,125,Humana,Illinois,USA
788,Gussie,121,United health,Newyork,USA
789,Jeremie,121,United health,Newyork,USA
790,Elroy,121,United health,Newyork,USA
791,Valerye,121,United health,Newyork,USA
792,Adda,125,Humana,Illinois,USA
793,Burr,125,Humana,Illinois,USA
794,Caldwell,125,Humana,Illinois,USA
795,Emlen,121,United health,Newyork,USA
796,Jarrad,125,Humana,Illinois,USA
797,Dawna,125,Humana,Illinois,USA
798,Cleavland,125,Humana,Illinois,USA
799,Hussein,121,United health,Newyork,USA
800,Rolando,121,United health,Newyork,USA
801,Cozmo,125,Humana,Illinois,USA
802,Frank,125,Humana,Illinois,USA
803,Augie,121,United health,Newyork,USA
804,Rayner,125,Humana,Illinois,USA
805,Dannel,125,Humana,Illinois,USA
806,Hans,125,Humana,Illinois,USA
807,Ketty,125,Humana,Illinois,USA
808,Bartie,121,United health,Newyork,USA
809,Athena,125,Humana,Illinois,USA
810,Brandice,125,Humana,Illinois,USA
811,Yolande,125,Humana,Illinois,USA
812,Donnie,125,Humana,Illinois,USA
813,Constantia,121,United health,Newyork,USA
814,Terra,125,Humana,Illinois,USA
815,Dorene,125,Humana,Illinois,USA
816,Boote,125,Humana,Illinois,USA
817,Nancee,121,United health,Newyork,USA
818,Cherey,121,United health,Newyork,USA
819,Vonni,121,United health,Newyork,USA
820,Kyrstin,125,Humana,Illinois,USA
821,Clay,125,Humana,Illinois,USA
822,Hubey,121,United health,Newyork,USA
823,Alberik,125,Humana,Illinois,USA
824,Vern,125,Humana,Illinois,USA
825,Chancey,121,United health,Newyork,USA
826,Hasty,121,United health,Newyork,USA
827,Leeanne,121,United health,Newyork,USA
828,Annadiana,121,United health,Newyork,USA
829,Merell,121,United health,Newyork,USA
830,Suzette,121,United health,Newyork,USA
831,Yvon,125,Humana,Illinois,USA
832,Alic,125,Humana,Illinois,USA
833,Lara,121,United health,Newyork,USA
834,Balduin,125,Humana,Illinois,USA
835,Ring,121,United health,Newyork,USA
836,Gibby,121,United health,Newyork,USA
837,Dal,121,United health,Newyork,USA
838,Vitia,125,Humana,Illinois,USA
839,Nonna,121,United health,Newyork,USA
840,Ronda,125,Humana,Illinois,USA
841,Ralf,125,Humana,Illinois,USA
842,Clareta,125,Humana,Illinois,USA
843,Aldridge,125,Humana,Illinois,USA
844,Anna,121,United health,Newyork,USA
845,Mag,121,United health,Newyork,USA
846,Bendicty,121,United health,Newyork,USA
847,Cornell,121,United health,Newyork,USA
848,Townsend,121,United health,Newyork,USA
849,Emmi,121,United health,Newyork,USA
850,Thorpe,121,United health,Newyork,USA
851,Sasha,125,Humana,Illinois,USA
852,Linell,121,United health,Newyork,USA
853,Tabbie,121,United health,Newyork,USA
854,Marika,125,Humana,Illinois,USA
855,Emelina,121,United health,Newyork,USA
856,Kristofer,125,Humana,Illinois,USA
857,Sully,125,Humana,Illinois,USA
858,Stormy,125,Humana,Illinois,USA
859,Stanislaw,125,Humana,Illinois,USA
860,Alis,121,United health,Newyork,USA
861,Jorry,121,United health,Newyork,USA
862,Kalie,125,Humana,Illinois,USA
863,Quill,125,Humana,Illinois,USA
864,Rutherford,121,United health,Newyork,USA
865,Pat,121,United health,Newyork,USA
866,Baldwin,121,United health,Newyork,USA
867,Liesa,121,United health,Newyork,USA
868,Bartholomew,125,Humana,Illinois,USA
869,Issie,125,Humana,Illinois,USA
870,Penn,125,Humana,Illinois,USA
871,Lucian,125,Humana,Illinois,USA
872,Glennie,125,Humana,Illinois,USA
873,Gill,125,Humana,Illinois,USA
874,Tomi,121,United health,Newyork,USA
875,Carmon,125,Humana,Illinois,USA
876,Blair,121,United health,Newyork,USA
877,Adria,125,Humana,Illinois,USA
878,Cori,125,Humana,Illinois,USA
879,Archy,125,Humana,Illinois,USA
880,Scarlett,121,United health,Newyork,USA
881,Ahmad,125,Humana,Illinois,USA
882,Wendie,121,United health,Newyork,USA
883,Randi,121,United health,Newyork,USA
884,Evvy,125,Humana,Illinois,USA
885,Aldridge,125,Humana,Illinois,USA
886,Lynnet,121,United health,Newyork,USA
887,Britni,121,United health,Newyork,USA
888,Drucy,125,Humana,Illinois,USA
889,Elana,121,United health,Newyork,USA
890,Florrie,125,Humana,Illinois,USA
891,Gib,125,Humana,Illinois,USA
892,Zacharia,121,United health,Newyork,USA
893,Job,125,Humana,Illinois,USA
894,Kimball,125,Humana,Illinois,USA
895,Ronalda,125,Humana,Illinois,USA
896,Danyelle,125,Humana,Illinois,USA
897,Lucian,121,United health,Newyork,USA
898,Odell,125,Humana,Illinois,USA
899,Elka,121,United health,Newyork,USA
900,Ermanno,125,Humana,Illinois,USA
901,Caroline,125,Humana,Illinois,USA
902,Evy,125,Humana,Illinois,USA
903,Abbe,121,United health,Newyork,USA
904,Simon,125,Humana,Illinois,USA
905,Barrett,125,Humana,Illinois,USA
906,Melantha,121,United health,Newyork,USA
907,Tawsha,125,Humana,Illinois,USA
908,Cassondra,121,United health,Newyork,USA
909,Abdul,125,Humana,Illinois,USA
910,Laverne,121,United health,Newyork,USA
911,Danielle,125,Humana,Illinois,USA
912,Itch,121,United health,Newyork,USA
913,Jobina,121,United health,Newyork,USA
914,Raine,121,United health,Newyork,USA
915,Pammi,125,Humana,Illinois,USA
916,Lemar,121,United health,Newyork,USA
917,Rafa,125,Humana,Illinois,USA
918,Julina,121,United health,Newyork,USA
919,Elaina,125,Humana,Illinois,USA
920,Alice,121,United health,Newyork,USA
921,Jule,121,United health,Newyork,USA
922,Darby,125,Humana,Illinois,USA
923,Frederich,125,Humana,Illinois,USA
924,Kort,125,Humana,Illinois,USA
925,Cecil,121,United health,Newyork,USA
926,Read,121,United health,Newyork,USA
927,Corinna,121,United health,Newyork,USA
928,Del,125,Humana,Illinois,USA
929,Colette,125,Humana,Illinois,USA
930,Abe,121,United health,Newyork,USA
931,Merwin,125,Humana,Illinois,USA
932,Cassey,125,Humana,Illinois,USA
933,Devlin,121,United health,Newyork,USA
934,Odele,121,United health,Newyork,USA
935,Marvin,121,United health,Newyork,USA
936,Tandi,121,United health,Newyork,USA
937,Trace,121,United health,Newyork,USA
938,Allin,125,Humana,Illinois,USA
939,Lindi,121,United health,Newyork,USA
940,Amber,125,Humana,Illinois,USA
941,Kalie,125,Humana,Illinois,USA
942,Shelley,125,Humana,Illinois,USA
943,Denna,125,Humana,Illinois,USA
944,Maggi,121,United health,Newyork,USA
945,Knox,121,United health,Newyork,USA
946,Cullie,121,United health,Newyork,USA
947,Kristofor,125,Humana,Illinois,USA
948,Emelda,121,United health,Newyork,USA
949,Neilla,121,United health,Newyork,USA
950,Mendy,121,United health,Newyork,USA
951,Tucker,125,Humana,Illinois,USA
952,Lacy,121,United health,Newyork,USA
953,Kevina,121,United health,Newyork,USA
954,Deana,121,United health,Newyork,USA
955,Nils,125,Humana,Illinois,USA
956,Aliza,121,United health,Newyork,USA
957,Queenie,125,Humana,Illinois,USA
958,Rubetta,125,Humana,Illinois,USA
959,Joly,121,United health,Newyork,USA
960,Harmonie,121,United health,Newyork,USA
961,Calida,125,Humana,Illinois,USA
962,Leola,125,Humana,Illinois,USA
963,Cullin,125,Humana,Illinois,USA
964,Olin,121,United health,Newyork,USA
965,Sherm,125,Humana,Illinois,USA
966,Karel,125,Humana,Illinois,USA
967,Rowe,121,United health,Newyork,USA
968,Charis,121,United health,Newyork,USA
969,Tanny,125,Humana,Illinois,USA
970,Kristy,125,Humana,Illinois,USA
971,Gwenora,121,United health,Newyork,USA
972,Ignacio,121,United health,Newyork,USA
973,Moises,125,Humana,Illinois,USA
974,Phillie,121,United health,Newyork,USA
975,Faye,121,United health,Newyork,USA
976,Reade,121,United health,Newyork,USA
977,Hilda,121,United health,Newyork,USA
978,Charlena,121,United health,Newyork,USA
979,Elbertine,121,United health,Newyork,USA
980,Tessa,125,Humana,Illinois,USA
981,Stanislaw,121,United health,Newyork,USA
982,Skipton,121,United health,Newyork,USA
983,Corinna,125,Humana,Illinois,USA
984,Barnabe,125,Humana,Illinois,USA
985,Loree,121,United health,Newyork,USA
986,Annmarie,121,United health,Newyork,USA
987,Harlin,121,United health,Newyork,USA
988,Lyssa,121,United health,Newyork,USA
989,Kelley,125,Humana,Illinois,USA
990,Hailee,121,United health,Newyork,USA
991,Hoebart,125,Humana,Illinois,USA
992,Kimble,125,Humana,Illinois,USA
993,Umberto,121,United health,Newyork,USA
994,Curry,121,United health,Newyork,USA
995,Agatha,125,Humana,Illinois,USA
996,Nannette,125,Humana,Illinois,USA
997,Bobinette,121,United health,Newyork,USA
998,Gayleen,125,Humana,Illinois,USA
999,Brandais,125,Humana,Illinois,USA
1000,Barde,125,Humana,Illinois,USA
