12,Daren,,Male,18
19,Eddy,,Male,34
20,Dennie,,Female,39
21,Bryna,,Female,12
25,Wainwright,,Male,3
47,Hillary,,Female,72
53,Tracie,,Female,87
70,Base,,Male,86
72,Annabela,,Female,62
82,Lloyd,,Male,3
85,Mahmoud,,Male,85
88,Erwin,,Male,29
91,Roscoe,,Male,97
93,Elwin,,Male,20
94,Hailey,,Male,12
98,Keene,,Male,50
117,Aviva,,Female,54
119,Jacklin,,Female,76
123,Fowler,,Male,37
134,Gunther,,Male,50
138,Josey,,Female,92
141,Edmund,,Male,90
170,Waldo,,Male,24
198,Geraldine,,Female,66
205,Cosette,,Female,6
220,Janna,,Female,29
223,Sallee,,Female,65
225,Leslie,,Male,55
226,Rodolphe,,Male,99
230,Melantha,,Female,29
234,Coleman,,Male,87
251,Ulrica,,Female,6
255,Selie,,Female,38
260,Gianni,,Male,3
270,Morgana,,Female,29
294,Leta,,Female,22
295,Lilias,,Female,10
298,Melody,,Female,100
314,Gussy,,Female,48
330,Sarge,,Male,44
332,Wiley,,Male,17
333,Maggie,,Female,94
336,Alie,,Female,5
344,Anthe,,Female,44
357,Wilma,,Female,23
358,Bond,,Male,38
370,Dennet,,Male,10
430,Nickola,,Male,11
440,Gunner,,Male,8
451,Alfie,,Male,39
455,Linnie,,Female,26
462,Matilda,,Female,59
463,Donielle,,Female,83
469,Haley,,Female,96
501,Dasha,,Female,35
502,Morgen,,Male,23
514,Reba,,Female,60
518,Rubi,,Female,22
524,Debbi,,Female,92
544,Alexandro,,Male,28
548,Dalila,,Female,85
583,Doti,,Female,22
588,Leroi,,Male,80
590,Banky,,Male,40
610,Gannie,,Male,94
623,Colly,,Female,30
625,Hilarius,,Male,43
627,Tybi,,Female,73
638,Paton,,Male,22
642,Tedi,,Female,17
651,Felike,,Male,68
677,Delinda,,Female,27
679,Suzy,,Female,93
711,Ernaline,,Female,38
712,Mateo,,Male,90
715,Lesley,,Male,35
717,Hunt,,Male,43
719,Christiano,,Male,38
730,Herrick,,Male,81
736,Rochelle,,Female,67
741,Zelig,,Male,78
772,Celinda,,Female,94
773,Irwin,,Male,33
784,Monroe,,Male,27
789,Jeremie,,Male,23
790,Elroy,,Male,88
793,Burr,,Male,66
794,Caldwell,,Male,81
795,Emlen,,Male,9
819,Vonni,,Female,68
822,Hubey,,Male,73
823,Alberik,,Male,10
837,Dal,,Male,22
842,Clareta,,Female,46
849,Emmi,,Female,18
850,Thorpe,,Male,49
855,Emelina,,Female,23
862,Kalie,,Female,63
867,Liesa,,Female,25
875,Carmon,,Female,55
887,Britni,,Female,59
900,Ermanno,,Male,65
902,Evy,,Female,31
905,Barrett,,Male,69
913,Jobina,,Female,66
923,Frederich,,Male,70
929,Colette,,Female,74
931,Merwin,,Male,51
932,Cassey,,Female,83
948,Emelda,,Female,79
952,Lacy,,Female,40
956,Aliza,,Female,11
961,Calida,,Female,61
970,Kristy,,Female,68
972,Ignacio,,Male,52
980,Tessa,,Female,86
982,Skipton,,Male,17
991,Hoebart,,Male,94
1000,Barde,,Male,34
