1000,Barde,,Male,34
999,Brandais,bfeldrq@washingtonpost.com,Female,73
998,Gayleen,gcollingworthrp@histats.com,Female,38
997,Bobinette,bgaskillro@sourceforge.net,Female,59
996,Nannette,nsmalmanrn@ocn.ne.jp,Female,31
995,Agatha,agironerm@tiny.cc,Female,46
994,Curry,cgaylordrl@ca.gov,Male,18
993,Umberto,udavydzenkork@netscape.com,Male,33
992,Kimble,kmoirrj@si.edu,Male,97
991,Hoebart,,Male,94
990,Hailee,hlattierh@umn.edu,Female,25
989,Kelley,ktookerg@theglobeandmail.com,Female,46
988,Lyssa,lfranchionirf@army.mil,Female,6
987,Harlin,hjelleyre@godaddy.com,Male,44
986,Annmarie,aphilippaultrd@wordpress.com,Female,38
985,Loree,lsergeanrc@people.com.cn,Female,60
984,Barnabe,broydonrb@google.ru,Male,85
983,Corinna,codyvoiera@accuweather.com,Female,2
982,Skipton,,Male,17
981,Stanislaw,sblasikr8@free.fr,Male,30
980,Tessa,,Female,86
979,Elbertine,eramelr6@ucsd.edu,Female,78
978,Charlena,cphilcottr5@shop-pro.jp,Female,29
977,Hilda,hstorrsr4@hud.gov,Female,16
976,Reade,rminichillor3@baidu.com,Male,45
975,Faye,fburlingamer2@ycombinator.com,Female,18
974,Phillie,prussr1@nyu.edu,Female,29
973,Moises,malexandrer0@cloudflare.com,Male,7
972,Ignacio,,Male,52
971,Gwenora,gstitchqy@state.tx.us,Female,83
970,Kristy,,Female,68
969,Tanny,tdoughteryqw@e-recht24.de,Male,72
968,Charis,ctornsqv@furl.net,Female,45
967,Rowe,rblunkettqu@simplemachines.org,Female,54
966,Karel,kdowardqt@cmu.edu,Male,9
965,Sherm,shackingqs@wired.com,Male,86
964,Olin,omaliphantqr@squidoo.com,Male,5
963,Cullin,craxworthyqq@newsvine.com,Male,65
962,Leola,lpetyaninqp@nbcnews.com,Female,23
961,Calida,,Female,61
960,Harmonie,hwinslettqn@narod.ru,Female,34
959,Joly,jgreepqm@springer.com,Female,24
958,Rubetta,rchatenierql@weather.com,Female,71
957,Queenie,qrennlesqk@exblog.jp,Female,51
956,Aliza,,Female,11
955,Nils,nsurgeonerqi@phoca.cz,Male,18
954,Deana,dantushevqh@geocities.com,Female,18
953,Kevina,kcapenorqg@g.co,Female,50
952,Lacy,,Female,40
951,Tucker,tgorettiqe@omniture.com,Male,19
950,Mendy,mgoscarqd@exblog.jp,Male,57
949,Neilla,ndavidekqc@acquirethisname.com,Female,50
948,Emelda,,Female,79
947,Kristofor,kbrislaneqa@aol.com,Male,61
946,Cullie,cflauneq9@tripod.com,Male,93
945,Knox,kkeyserq8@a8.net,Male,85
944,Maggi,mmunseyq7@nyu.edu,Female,10
943,Denna,dschulzq6@amazon.co.uk,Female,35
942,Shelley,svancasteleq5@ovh.net,Male,12
941,Kalie,kdakeq4@acquirethisname.com,Female,76
940,Amber,afensomeq3@fda.gov,Female,19
939,Lindi,lmoralesq2@theglobeandmail.com,Female,39
938,Allin,aabdeeq1@cpanel.net,Male,36
937,Trace,tkennq0@friendfeed.com,Male,95
936,Tandi,trickettpz@tiny.cc,Female,35
935,Marvin,msimapy@youku.com,Male,4
934,Odele,olowethpx@amazon.de,Female,97
933,Devlin,dslaynypw@ezinearticles.com,Male,39
932,Cassey,,Female,83
931,Merwin,,Male,51
930,Abe,aaldridgept@networkadvertising.org,Male,11
929,Colette,,Female,74
928,Del,dsheerinpr@tiny.cc,Female,49
927,Corinna,cgoodrumpq@nifty.com,Female,89
926,Read,rjulienpp@chicagotribune.com,Male,58
925,Cecil,castillpo@goo.gl,Female,20
924,Kort,kshipstonpn@youku.com,Male,70
923,Frederich,,Male,70
922,Darby,dexerpl@nps.gov,Female,17
921,Jule,jbonifacepk@github.io,Male,36
920,Alice,amargrettpj@hc360.com,Female,70
919,Elaina,etriggpi@tiny.cc,Female,19
918,Julina,jmcclarenceph@tripod.com,Female,35
917,Rafa,rmouncherpg@infoseek.co.jp,Female,15
916,Lemar,lthornewellpf@google.cn,Male,91
915,Pammi,ptilsonpe@usda.gov,Female,31
914,Raine,rmatevosianpd@telegraph.co.uk,Female,71
913,Jobina,,Female,66
912,Itch,isimonepb@sfgate.com,Male,40
911,Danielle,dbastonepa@washingtonpost.com,Female,21
910,Laverne,lochterlonyp9@elpais.com,Female,93
909,Abdul,ascrivensp8@posterous.com,Male,38
908,Cassondra,cbastenp7@cornell.edu,Female,68
907,Tawsha,tscopesp6@census.gov,Female,94
906,Melantha,mhackingp5@photobucket.com,Female,38
905,Barrett,,Male,69
904,Simon,scarltonp3@cnn.com,Male,23
903,Abbe,asorep2@economist.com,Female,11
902,Evy,,Female,31
901,Caroline,cdeanesyp0@twitter.com,Female,70
900,Ermanno,,Male,65
899,Elka,everlingoy@dot.gov,Female,20
898,Odell,ocantuox@shareasale.com,Male,76
897,Lucian,lluceow@samsung.com,Male,83
896,Danyelle,dfilyukovov@cyberchimps.com,Female,11
895,Ronalda,rpittelou@berkeley.edu,Female,41
894,Kimball,kricksonot@soundcloud.com,Male,82
893,Job,jmcgowranos@infoseek.co.jp,Male,15
892,Zacharia,zdanielotor@earthlink.net,Male,67
891,Gib,gleeburnoq@gravatar.com,Male,50
890,Florrie,fswepstoneop@nbcnews.com,Female,72
889,Elana,ecavyoo@businesswire.com,Female,99
888,Drucy,dsymmerson@joomla.org,Female,29
887,Britni,,Female,59
886,Lynnet,lcorzonol@constantcontact.com,Female,8
885,Aldridge,ajefferyok@tiny.cc,Male,27
884,Evvy,eblodgettsoj@ca.gov,Female,78
883,Randi,rwillattsoi@weebly.com,Female,10
882,Wendie,wtortisoh@friendfeed.com,Female,33
881,Ahmad,ahaibelog@gmpg.org,Male,82
880,Scarlett,sleggesof@webnode.com,Female,17
879,Archy,abamlettoe@over-blog.com,Male,81
878,Cori,ctwinningod@blog.com,Female,26
877,Adria,aiglesiazoc@free.fr,Female,89
876,Blair,blonnonob@statcounter.com,Female,100
875,Carmon,,Female,55
874,Tomi,tgomero9@amazon.co.jp,Female,52
873,Gill,gparadeso8@newyorker.com,Male,91
872,Glennie,gvanderbeeko7@rambler.ru,Female,18
871,Lucian,lmargiottao6@webs.com,Male,93
870,Penn,pshovelbottomo5@joomla.org,Male,46
869,Issie,itubridyo4@behance.net,Female,93
868,Bartholomew,bschaumanno3@patch.com,Male,56
867,Liesa,,Female,25
866,Baldwin,brathjeno1@hatena.ne.jp,Male,79
865,Pat,pfliggo0@purevolume.com,Male,93
864,Rutherford,rbaldocknz@virginia.edu,Male,33
863,Quill,qdinniesny@gov.uk,Male,28
862,Kalie,,Female,63
861,Jorry,jgrossnw@oakley.com,Female,39
860,Alis,avilesnv@archive.org,Female,33
859,Stanislaw,sspindlernu@opensource.org,Male,62
858,Stormy,scliffnt@list-manage.com,Female,5
857,Sully,sklaessenns@hhs.gov,Male,47
856,Kristofer,kmacparlannr@comcast.net,Male,78
855,Emelina,,Female,23
854,Marika,mmalinsonnp@acquirethisname.com,Female,27
853,Tabbie,tlauranceno@taobao.com,Female,13
852,Linell,ldabnornn@go.com,Female,17
851,Sasha,salennm@uiuc.edu,Male,45
850,Thorpe,,Male,49
849,Emmi,,Female,18
848,Townsend,thindhaughnj@drupal.org,Male,84
847,Cornell,clamonbyni@multiply.com,Male,12
846,Bendicty,bbohlensnh@tmall.com,Male,96
845,Mag,mgudemanng@gnu.org,Female,100
844,Anna,apetraceknf@elegantthemes.com,Female,62
843,Aldridge,avivienne@163.com,Male,41
842,Clareta,,Female,46
841,Ralf,rdamettinc@globo.com,Male,92
840,Ronda,rmenilovenb@answers.com,Female,97
839,Nonna,nwinsparna@google.com.hk,Female,52
838,Vitia,vdespensern9@skype.com,Female,33
837,Dal,,Male,22
836,Gibby,gderisleyn7@ow.ly,Male,38
835,Ring,rcabralesn6@cpanel.net,Male,29
834,Balduin,bclineckn5@webeden.co.uk,Male,85
833,Lara,llambrickn4@netlog.com,Female,27
832,Alic,aduchateln3@marriott.com,Male,87
831,Yvon,yfurseyn2@examiner.com,Male,39
830,Suzette,sskrynen1@nydailynews.com,Female,10
829,Merell,mrouselln0@github.io,Male,78
828,Annadiana,aberfootmz@symantec.com,Female,94
827,Leeanne,lespasamy@jimdo.com,Female,55
826,Hasty,hbyartmx@psu.edu,Male,38
825,Chancey,ceverilmw@jiathis.com,Male,95
824,Vern,vcubittmv@dell.com,Male,74
823,Alberik,,Male,10
822,Hubey,,Male,73
821,Clay,clisimorems@nymag.com,Male,44
820,Kyrstin,karonowitzmr@mac.com,Female,51
819,Vonni,,Female,68
818,Cherey,ctallynmp@engadget.com,Female,81
817,Nancee,nbamboroughmo@bigcartel.com,Female,91
816,Boote,bstonarymn@stanford.edu,Male,82
815,Dorene,dfomichyovmm@earthlink.net,Female,89
814,Terra,tswarbrickml@cmu.edu,Female,45
813,Constantia,cromerilmk@google.co.jp,Female,48
812,Donnie,dbrosemj@sbwire.com,Male,33
811,Yolande,ysorriemi@mail.ru,Female,33
810,Brandice,bmastersmh@networkadvertising.org,Female,51
809,Athena,ainstonemg@lycos.com,Female,77
808,Bartie,bmacdowallmf@google.cn,Male,60
807,Ketty,kbachelorme@liveinternet.ru,Female,67
806,Hans,hzollnermd@rediff.com,Male,97
805,Dannel,dterrillmc@omniture.com,Male,95
804,Rayner,rreadingsmb@mtv.com,Male,11
803,Augie,asultanama@blogger.com,Male,82
802,Frank,fdewanm9@yandex.ru,Male,76
801,Cozmo,ckincadem8@sourceforge.net,Male,48
800,Rolando,rwhardleym7@unblog.fr,Male,15
799,Hussein,hgoffem6@google.de,Male,72
798,Cleavland,cgommesm5@time.com,Male,67
797,Dawna,ddunkertonm4@abc.net.au,Female,67
796,Jarrad,jhaggardm3@addtoany.com,Male,70
795,Emlen,,Male,9
794,Caldwell,,Male,81
793,Burr,,Male,66
792,Adda,agallyonlz@ask.com,Female,8
791,Valerye,vgoadbiely@printfriendly.com,Female,78
790,Elroy,,Male,88
789,Jeremie,,Male,23
788,Gussie,ghobelllv@linkedin.com,Female,14
787,Karmen,kwhitlocklu@cargocollective.com,Female,14
786,Shannon,slonglt@ow.ly,Female,57
785,Benedikta,bashwoodls@buzzfeed.com,Female,11
784,Monroe,,Male,27
783,Concettina,cmummerylq@nifty.com,Female,31
782,Dehlia,dwroughtonlp@ted.com,Female,10
781,Jamey,jwylielo@fema.gov,Male,89
780,Germain,gstickelsln@springer.com,Male,44
779,Eula,etuttiettlm@columbia.edu,Female,53
778,Maurice,mstutll@earthlink.net,Male,46
777,Ola,ochiecolk@tamu.edu,Female,62
776,Rivkah,rnottingamlj@themeforest.net,Female,69
775,Wain,wspurrittli@etsy.com,Male,20
774,Edvard,ereboullh@who.int,Male,5
773,Irwin,,Male,33
772,Celinda,,Female,94
771,Honoria,hflahertyle@soundcloud.com,Female,21
770,Nicholle,ntibaltld@arstechnica.com,Female,44
769,Peirce,pgibbinslc@ibm.com,Male,90
768,Khalil,klearoydlb@usa.gov,Male,3
767,Abelard,amillthorpela@wikispaces.com,Male,98
766,Ely,emerigonl9@studiopress.com,Male,94
765,Marcelia,mlubel8@mac.com,Female,40
764,Daryl,dgensavagel7@tmall.com,Male,35
763,Jania,jchristall6@mlb.com,Female,90
762,Thom,tstallworthyl5@facebook.com,Male,67
761,Johnny,jritchardl4@comcast.net,Male,76
760,Emalia,eredhousel3@i2i.jp,Female,66
759,Herminia,hwilcinskisl2@vkontakte.ru,Female,69
758,Lyle,lferedayl1@berkeley.edu,Male,99
757,Orly,openningtonl0@yandex.ru,Female,4
756,Lewiss,lrigmandkz@ed.gov,Male,2
755,Gabbie,gpimmockeky@xinhuanet.com,Male,33
754,Harriot,hmahaddykx@intel.com,Female,44
753,Bronson,bgooldingkw@ibm.com,Male,60
752,Alfonse,afrederickkv@ebay.com,Male,31
751,Darcy,dbroadbridgeku@jigsy.com,Male,76
750,Gustavus,ghollingbykt@howstuffworks.com,Male,25
749,Boonie,bfearsks@nbcnews.com,Male,15
748,Rebe,rabbekr@aol.com,Female,95
747,Rozelle,rmanchesterkq@home.pl,Female,70
746,Patrice,pworledgekp@deliciousdays.com,Male,16
745,Arabel,agaydenko@chron.com,Female,72
744,Debbie,dhousiauxkn@reuters.com,Female,32
743,Davide,dheintschkm@fc2.com,Male,10
742,Stefanie,ssimekl@hp.com,Female,57
741,Zelig,,Male,78
740,Northrop,nfidoekj@google.cn,Male,5
739,Cassius,cmccookeki@networkadvertising.org,Male,43
738,Rodney,rgoaterkh@webmd.com,Male,51
737,Florenza,fevenettkg@geocities.jp,Female,69
736,Rochelle,,Female,67
735,Gabriele,gmcgeneayke@oakley.com,Male,27
734,Jedidiah,jclarabutkd@ihg.com,Male,70
733,Gideon,gkeablekc@adobe.com,Male,49
732,Mavra,mspaduzzakb@ning.com,Female,77
731,Rob,rfuentezka@techcrunch.com,Male,92
730,Herrick,,Male,81
729,Zebedee,zstormk8@mac.com,Male,62
728,Hyacintha,hlangtryk7@nba.com,Female,37
727,Paola,psymesk6@geocities.com,Female,58
726,Dorris,dosbaldstonek5@toplist.cz,Female,53
725,Riordan,raireyk4@independent.co.uk,Male,5
724,Cordy,cbirchenoughk3@statcounter.com,Male,36
723,Hester,hrook2@ocn.ne.jp,Female,51
722,Shelia,sglasscottk1@google.nl,Female,89
721,Alastair,aalekhovk0@weather.com,Male,4
720,Codi,cblakedenjz@yelp.com,Female,58
719,Christiano,,Male,38
718,Caresse,cmiqueletjx@hp.com,Female,35
717,Hunt,,Male,43
716,Heida,hrignoldesjv@walmart.com,Female,94
715,Lesley,,Male,35
714,Marshall,mismayjt@desdev.cn,Male,78
713,Sigfrid,sjannequinjs@un.org,Male,18
712,Mateo,,Male,90
711,Ernaline,,Female,38
710,Tabbie,thawkinsjp@dion.ne.jp,Male,23
709,Norris,nskeathjo@1688.com,Male,18
708,Valdemar,vnewartejn@livejournal.com,Male,89
707,Benedicta,bminichijm@ovh.net,Female,75
706,Fabiano,fcullumjl@columbia.edu,Male,68
705,Fredrick,fboathjk@deliciousdays.com,Male,65
704,Kermy,ktrustiejj@nba.com,Male,28
703,Killie,kwhistanji@bing.com,Male,36
702,Aloysia,achinnockjh@noaa.gov,Female,77
701,Bernette,bswarbriggjg@jimdo.com,Female,55
700,Bertie,belwynjf@yahoo.co.jp,Female,49
699,Estelle,ehadekeje@apache.org,Female,69
698,Berget,bluxmoorejd@vkontakte.ru,Female,65
697,Gar,gtoaljc@youtube.com,Male,87
696,Jacinta,jrakesjb@posterous.com,Female,35
695,Josefina,jwoodwinja@i2i.jp,Female,31
694,Helli,hhaberjamj9@thetimes.co.uk,Female,92
693,Hanna,hheadlandj8@yahoo.co.jp,Female,84
692,Bernice,bpirriej7@rakuten.co.jp,Female,14
691,Milo,mporrettj6@independent.co.uk,Male,32
690,Basilio,bdabrowskij5@irs.gov,Male,69
689,Reggie,rdahlj4@mashable.com,Female,18
688,Marleah,mmcveightyj3@xinhuanet.com,Female,88
687,Cordie,cswornej2@globo.com,Male,88
686,Standford,sdibollj1@opera.com,Male,28
685,Chadwick,cvanschafflaerj0@google.co.uk,Male,7
684,Carroll,cscotchbrookiz@dot.gov,Male,61
683,Antoni,aivakhnoiy@mozilla.com,Male,39
682,Loy,llabastidaix@sina.com.cn,Male,93
681,Bamby,bbascombeiw@cnn.com,Female,81
680,Franny,folehaneiv@discovery.com,Female,71
679,Suzy,,Female,93
678,Lindsy,lenderleinit@booking.com,Female,28
677,Delinda,,Female,27
676,Pierrette,plabatir@booking.com,Female,20
675,Aaron,arichesiq@reuters.com,Male,77
674,Raye,rsaffranip@salon.com,Female,86
673,Rasla,rmacneiceio@ebay.co.uk,Female,9
672,Alejoa,ashyrein@ca.gov,Male,68
671,Pacorro,pweathersim@google.it,Male,59
670,Kora,kcastlemanil@cmu.edu,Female,48
669,Marna,mmcclevertyik@fda.gov,Female,12
668,Teena,tpedrazziij@networkadvertising.org,Female,79
667,Linoel,ltrevorrowii@unc.edu,Male,90
666,Elfie,eswithenbyih@stumbleupon.com,Female,54
665,Flint,froadknightig@edublogs.org,Male,6
664,Dolly,dfurlongif@nsw.gov.au,Female,23
663,Gerome,gmaccarterie@zdnet.com,Male,81
662,Jaquelin,jileyid@google.com.hk,Female,80
661,Ewen,egoteric@yale.edu,Male,84
660,Antoni,abruinemannib@nydailynews.com,Male,62
659,Eb,edoogia@comcast.net,Male,95
658,Markos,mcostii9@google.ca,Male,20
657,Kiersten,komannioni8@japanpost.jp,Female,96
656,Brendis,bmccomei7@dailymotion.com,Male,49
655,Amabel,alivezeyi6@sina.com.cn,Female,74
654,Harriette,hsheddeni5@forbes.com,Female,19
653,Cirillo,cjessopei4@free.fr,Male,48
652,Dorry,dmacdunleavyi3@nih.gov,Female,27
651,Felike,,Male,68
650,Lily,lmeesi1@clickbank.net,Female,71
649,Pieter,ptithecotei0@wufoo.com,Male,30
648,Bride,bprantlhz@instagram.com,Female,28
647,Zebedee,zsoeirohy@eepurl.com,Male,36
646,Carney,cpennickhx@github.com,Male,35
645,Renelle,rbyramhw@tripod.com,Female,60
644,Tremaine,twalklotthv@columbia.edu,Male,6
643,Gleda,gsummerillhu@rediff.com,Female,19
642,Tedi,,Female,17
641,Sawyere,savelinghs@mapquest.com,Male,34
640,Dion,ddukehr@mozilla.org,Female,90
639,North,nszymczykhq@sciencedaily.com,Male,99
638,Paton,,Male,22
637,Gray,gbrufordho@si.edu,Female,4
636,Willow,wgrummitthn@jiathis.com,Female,23
635,Crissie,cloakeshm@cpanel.net,Female,13
634,Dicky,dshipwayhl@census.gov,Male,61
633,Mart,malberyhk@infoseek.co.jp,Male,84
632,Arch,astoltehj@devhub.com,Male,79
631,Jarvis,jsamsworthhi@wisc.edu,Male,2
630,Albert,amckeatinghh@forbes.com,Male,71
629,Eba,eambridgehg@clickbank.net,Female,66
628,Ethel,ecescohf@mashable.com,Female,54
627,Tybi,,Female,73
626,Coretta,cpenritthd@google.fr,Female,76
625,Hilarius,,Male,43
624,Aguie,agrimmetthb@macromedia.com,Male,16
623,Colly,,Female,30
622,Mikel,mjefferdh9@wordpress.org,Male,96
621,Cary,cheathwoodh8@latimes.com,Male,47
620,Carin,colkowiczh7@netscape.com,Female,92
619,Simeon,smeechh6@dropbox.com,Male,37
618,Denis,dtonerh5@smugmug.com,Male,16
617,Loy,lgeratth4@disqus.com,Male,11
616,Cybill,cseageh3@1688.com,Female,80
615,Audrie,amatthewh2@qq.com,Female,66
614,Roddy,rbertomeh1@comsenz.com,Male,19
613,Vince,vsullerh0@miitbeian.gov.cn,Male,14
612,Gavra,gdunnegz@businessinsider.com,Female,66
611,Ricoriki,rdrinkhillgy@wordpress.org,Male,100
610,Gannie,,Male,94
609,Grata,gglayshergw@ucla.edu,Female,97
608,Ced,cmenghigv@unc.edu,Male,65
607,Cristiano,cboothebiegu@so-net.ne.jp,Male,7
606,Ursa,ubifieldgt@live.com,Female,45
605,Vida,vconduitgs@tripadvisor.com,Female,41
604,Izzy,iparrgr@nhs.uk,Male,78
603,Mozes,msemorgq@indiatimes.com,Male,97
602,Sherie,sdwellygp@oaic.gov.au,Female,66
601,Erena,edaudgo@skype.com,Female,25
600,Braden,brollinsgn@gmpg.org,Male,89
599,Sibyl,sdurbingm@ed.gov,Female,16
598,Wright,whamongl@yandex.ru,Male,87
597,Barrett,bbertlingk@miibeian.gov.cn,Male,35
596,Dominique,dblaschkegj@sun.com,Female,59
595,Prince,pbroszkiewiczgi@state.gov,Male,69
594,Lorain,lsheergh@shutterfly.com,Female,95
593,Gottfried,gkuhlegg@uiuc.edu,Male,25
592,Wernher,wweldrakegf@cnbc.com,Male,66
591,Ernestus,ebanghamge@xrea.com,Male,79
590,Banky,,Male,40
589,Briny,bsteadegc@msu.edu,Female,48
588,Leroi,,Male,80
587,Janie,jventomga@cloudflare.com,Female,76
586,Rheta,rneweyg9@zdnet.com,Female,21
585,Tiphanie,tjoostg8@usgs.gov,Female,31
584,Sherrie,skinkadeg7@storify.com,Female,9
583,Doti,,Female,22
582,Travus,tcrixg5@cdbaby.com,Male,23
581,Jonathan,jtameg4@bloglovin.com,Male,85
580,Ronald,rculshewg3@youtube.com,Male,46
579,Alano,awemg2@intel.com,Male,79
578,Bianka,brennardg1@seesaa.net,Female,5
577,Letty,llastg0@boston.com,Female,86
576,Sarajane,sdeavillefz@youtube.com,Female,5
575,Franny,farzufy@pinterest.com,Female,90
574,Martha,mklempkefx@hexun.com,Female,89
573,Odella,omaginnfw@odnoklassniki.ru,Female,57
572,Stacey,sdellfv@bravesites.com,Female,55
571,Jeffry,jcabrarafu@sfgate.com,Male,10
570,Jania,jmuldowneyft@springer.com,Female,89
569,Emera,esandilandfs@quantcast.com,Female,95
568,Dion,dwagnerfr@ifeng.com,Female,76
567,Rois,rduquesnayfq@mashable.com,Female,100
566,Francine,fblackleyfp@hexun.com,Female,42
565,Hyman,htironfo@studiopress.com,Male,81
564,Genny,gduffillfn@w3.org,Female,91
563,Orran,omelinfm@webs.com,Male,23
562,Loralyn,lgarrickfl@yale.edu,Female,75
561,Lonnie,lwoollandfk@techcrunch.com,Male,10
560,Cissy,chamnerfj@a8.net,Female,92
559,Yank,ylowdwellfi@symantec.com,Male,59
558,Melli,msummertonfh@unesco.org,Female,69
557,Gal,gquinetfg@jigsy.com,Male,55
556,Bonny,bfurneauxff@indiatimes.com,Female,20
555,Rosella,rallgoodfe@hostgator.com,Female,9
554,Berk,bsandelandfd@adobe.com,Male,44
553,Emmit,eungarettifc@arizona.edu,Male,83
552,Chiquia,cboickfb@ebay.co.uk,Female,94
551,Mellie,mstokerfa@newyorker.com,Female,28
550,Aubrette,aorknayf9@ebay.co.uk,Female,91
549,Essie,esortonf8@salon.com,Female,67
548,Dalila,,Female,85
547,Alvina,afreebernef6@sciencedaily.com,Female,92
546,Marcel,mduckhousef5@elegantthemes.com,Male,95
545,Anton,acurnokkf4@wired.com,Male,61
544,Alexandro,,Male,28
543,Aldric,acarlettif2@foxnews.com,Male,71
542,Ryan,rbrillf1@digg.com,Male,34
541,Linnell,llaughlinf0@tiny.cc,Female,88
540,Austin,asinncockez@opera.com,Male,93
539,Zachary,zjennyey@cdbaby.com,Male,7
538,Monti,msemeradex@reuters.com,Male,56
537,Panchito,pmartinetsew@ucsd.edu,Male,6
536,Hailee,hbearblockev@typepad.com,Female,74
535,Bay,bpatifieldeu@theatlantic.com,Male,73
534,Natalina,nbizleyet@unblog.fr,Female,92
533,Athene,aholmeses@technorati.com,Female,88
532,Woodie,wpinneyer@about.com,Male,95
531,Stanfield,sstockilleq@ezinearticles.com,Male,34
530,Stern,swalickiep@seattletimes.com,Male,99
529,Emeline,eitzkovwicheo@sfgate.com,Female,34
528,Omero,oliddarden@nationalgeographic.com,Male,42
527,Arnie,asimantsem@furl.net,Male,65
526,Corrie,cflackel@addthis.com,Male,51
525,Riane,rfaircliffek@amazon.co.jp,Female,29
524,Debbi,,Female,92
523,Stanislas,smacloughlinei@mac.com,Male,64
522,Henry,htwopennyeh@deviantart.com,Male,28
521,Thomasa,tallswortheg@gov.uk,Female,91
520,Jamie,jdejuaresef@wufoo.com,Male,63
519,Rhetta,rconiffee@ycombinator.com,Female,76
518,Rubi,,Female,22
517,Beatriz,brenshallec@hhs.gov,Female,77
516,Eb,eperilloeb@shutterfly.com,Male,44
515,Jeramey,jclayfieldea@sun.com,Male,83
514,Reba,,Female,60
513,Maribelle,mromane8@privacy.gov.au,Female,60
512,Alexine,awedderburne7@ask.com,Female,90
511,Alfonse,aayshe6@ed.gov,Male,51
510,Emeline,esmithee5@jimdo.com,Female,29
509,Beau,bkaese4@epa.gov,Male,9
508,Brett,bdrysdalle3@usda.gov,Male,96
507,Sara,spetchelle2@phoca.cz,Female,77
506,Dolly,drosengarte1@google.it,Female,20
505,Dana,dgoulstonee0@amazon.de,Female,40
504,Padriac,pbrashierdz@nba.com,Male,84
503,Teriann,tchampleydy@cafepress.com,Female,20
502,Morgen,,Male,23
501,Dasha,,Female,35
500,Franklin,fpimlockdv@examiner.com,Male,66
499,Reinwald,relesdu@dailymail.co.uk,Male,22
498,Brianne,bhefforddt@meetup.com,Female,2
497,Lonni,lnipperds@narod.ru,Female,14
496,Lurlene,lcellierdr@amazon.com,Female,15
495,Zeke,zvelldendq@yahoo.com,Male,76
494,Kev,korisdp@mediafire.com,Male,7
493,Betteanne,boutibridgedo@imgur.com,Female,70
492,Jimmy,jmatuskiewiczdn@who.int,Male,23
491,Lawton,llindenblattdm@linkedin.com,Male,3
490,Ardine,afeltoedl@eventbrite.com,Female,74
489,Carny,cgeggiedk@goodreads.com,Male,70
488,Antonie,aschalldj@themeforest.net,Female,27
487,Ferd,fstrowlgerdi@arizona.edu,Male,83
486,Cortney,citzkovitchdh@virginia.edu,Female,8
485,Emmi,estigelldg@acquirethisname.com,Female,66
484,Joyce,jheaysmandf@about.com,Female,74
483,Kendrick,kswinfonde@macromedia.com,Male,14
482,Thane,tlelievredd@stanford.edu,Male,62
481,Ramsey,rfeenandc@plala.or.jp,Male,3
480,Chicky,cjoselevitchdb@wp.com,Male,21
479,Etheline,elemasneyda@vistaprint.com,Female,94
478,Malinda,mmundelld9@homestead.com,Female,30
477,Wilmar,wlyosikd8@addthis.com,Male,80
476,Vittorio,vmarderd7@phoca.cz,Male,54
475,Donnell,dhulmesd6@google.ca,Male,69
474,Thorsten,tsanterd5@flickr.com,Male,80
473,Mari,mlamzedd4@facebook.com,Female,18
472,Rozelle,ragated3@ted.com,Female,63
471,Erwin,echastandd2@cocolog-nifty.com,Male,19
470,Krista,kdumbartond1@imgur.com,Female,9
469,Haley,,Female,96
468,Johnathan,jfrostdykecz@e-recht24.de,Male,26
467,Leontine,lfloodcy@jigsy.com,Female,78
466,El,edoriecx@psu.edu,Male,42
465,Gunar,gshentoncw@bing.com,Male,34
464,Karita,kdimanchecv@timesonline.co.uk,Female,34
463,Donielle,,Female,83
462,Matilda,,Female,59
461,Gracie,garrcs@github.com,Female,75
460,Lizzy,lfindleycr@abc.net.au,Female,6
459,Esteban,eklauercq@xrea.com,Male,21
458,Jillie,janstiecp@simplemachines.org,Female,3
457,Celesta,cbaintonco@eventbrite.com,Female,25
456,Sybila,scobbaldcn@thetimes.co.uk,Female,47
455,Linnie,,Female,26
454,Clive,csembercl@mashable.com,Male,28
453,Lisbeth,ldibatistack@myspace.com,Female,20
452,Baily,bdewittcj@jimdo.com,Male,40
451,Alfie,,Male,39
450,Susy,ssmythech@addtoany.com,Female,100
449,Freda,fmaccauleycg@photobucket.com,Female,96
448,Odilia,oessercf@sakura.ne.jp,Female,43
447,Pepito,prussellce@hc360.com,Male,12
446,Kristin,kburfordcd@blog.com,Female,76
445,Trish,tholliercc@unesco.org,Female,87
444,Bertie,bfernantcb@mayoclinic.com,Female,3
443,Phyllida,pjosselca@army.mil,Female,8
442,Niel,nsherbornec9@instagram.com,Male,54
441,Livy,locriganec8@angelfire.com,Female,31
440,Gunner,,Male,8
439,Adah,aasaafc6@smh.com.au,Female,75
438,Wadsworth,wshildrickc5@europa.eu,Male,6
437,Kalvin,kmanonc4@imgur.com,Male,24
436,Ezmeralda,estricklerc3@miitbeian.gov.cn,Female,71
435,Molli,mkemmec2@barnesandnoble.com,Female,80
434,Christean,cauchinleckc1@usnews.com,Female,37
433,Minerva,mdrohunc0@ucoz.com,Female,67
432,Prentice,pdurdybz@tiny.cc,Male,27
431,Augy,areicharzby@wufoo.com,Male,54
430,Nickola,,Male,11
429,Vinny,vsivilbw@symantec.com,Female,3
428,Gerty,gbeaverbv@twitpic.com,Female,70
427,Blinny,binkerbu@reuters.com,Female,30
426,Michaelina,mitzhayekbt@walmart.com,Female,22
425,Elmer,eminorsbs@youtu.be,Male,25
424,Kirby,ktinniswoodbr@ted.com,Male,28
423,Ermentrude,ebohmanbq@ft.com,Female,97
422,Arlene,adudingbp@gmpg.org,Female,10
421,Rob,rcurnickbo@blinklist.com,Male,20
420,Garvin,gbrewertonbn@weebly.com,Male,3
419,Ann,ashimmingsbm@trellian.com,Female,58
418,Forrester,fmerwoodbl@tamu.edu,Male,70
417,Emma,edunleybk@ucoz.ru,Female,19
416,Rory,rfludderbj@google.de,Male,48
415,Tedie,tsnelbi@uiuc.edu,Male,36
414,Orsa,ourvoybh@google.cn,Female,1
413,Neely,njeduchbg@cisco.com,Female,74
412,Lark,lwinterscalebf@ovh.net,Female,91
411,Clementine,cdownagebe@usgs.gov,Female,77
410,Emelita,egrissettbd@ask.com,Female,3
409,Heda,hbossombc@gov.uk,Female,83
408,Leila,lcamilleribb@simplemachines.org,Female,68
407,Phil,pwhithamba@unblog.fr,Female,68
406,Fraze,fhaingeb9@engadget.com,Male,98
405,Honor,hmenichib8@jimdo.com,Female,34
404,Reece,rfarnorthb7@typepad.com,Male,77
403,Fremont,fduthyb6@wp.com,Male,68
402,Ethelin,ebungeyb5@xinhuanet.com,Female,87
401,Adena,astinsonb4@rakuten.co.jp,Female,91
400,Reube,rgrabbb3@linkedin.com,Male,2
399,Ali,agochb2@blogspot.com,Male,75
398,Helga,hslimanb1@tumblr.com,Female,65
397,Aurelea,adrinkelb0@clickbank.net,Female,3
396,Zelda,zcrichtenaz@theglobeandmail.com,Female,19
395,Lovell,lpomphrettay@europa.eu,Male,80
394,Ralina,rhoulistonax@friendfeed.com,Female,73
393,Wilbur,wrozanskiaw@sciencedaily.com,Male,17
392,Derk,dcrippellav@dot.gov,Male,100
391,Glenda,gwrathmallau@marriott.com,Female,76
390,May,mskellernat@studiopress.com,Female,74
389,Debbi,dwoodsas@wix.com,Female,77
388,Daron,dforsonar@nifty.com,Male,66
387,Sammy,smccaugheyaq@marketwatch.com,Male,31
386,Dill,dissacovap@themeforest.net,Male,76
385,Den,dlegriceao@skyrock.com,Male,70
384,Kim,kbelinan@google.com.hk,Male,57
383,Brett,bcanetam@stanford.edu,Male,80
382,Jan,jvamplusal@archive.org,Male,64
381,Don,dverdonak@fda.gov,Male,53
380,Shaw,saishfordaj@springer.com,Male,51
379,Osbert,omiddlemissai@washington.edu,Male,63
378,Caryn,cbanvilleah@a8.net,Female,74
377,Meridith,mgajewskiag@fastcompany.com,Female,92
376,Cristian,crheadaf@dyndns.org,Male,92
375,Chris,cjedrasae@nydailynews.com,Male,68
374,Jameson,jshepstonead@imdb.com,Male,20
373,Jase,jgrahamslawac@elegantthemes.com,Male,43
372,Clementina,clittledikeab@fema.gov,Female,99
371,Sigismund,scornilleauaa@mayoclinic.com,Male,56
370,Dennet,,Male,10
369,Leopold,lshuarda8@auda.org.au,Male,93
368,Elisabeth,egladdifha7@sitemeter.com,Female,57
367,Karly,kgrinishina6@ucla.edu,Female,64
366,Vivyan,vkillingwortha5@networkadvertising.org,Female,33
365,Alastair,afridayea4@umn.edu,Male,49
364,Kacie,kperrotta3@ifeng.com,Female,60
363,Jobi,jlessmarea2@wikipedia.org,Female,58
362,Allyce,akirkmana1@sciencedirect.com,Female,18
361,Booth,bbulliona0@webnode.com,Male,97
360,Demetria,dzielinski9z@tinyurl.com,Female,78
359,Angelico,ajiru9y@ca.gov,Male,18
358,Bond,,Male,38
357,Wilma,,Female,23
356,Lorraine,lwarriner9v@jalbum.net,Female,53
355,Analiese,aglassford9u@jiathis.com,Female,20
354,Jamaal,jbolderson9t@howstuffworks.com,Male,81
353,Donavon,dvanderbeek9s@hatena.ne.jp,Male,62
352,Alison,aklais9r@dailymotion.com,Female,88
351,Jard,jbaly9q@arizona.edu,Male,9
350,Darda,dhars9p@woothemes.com,Female,90
349,Tulley,tpurves9o@diigo.com,Male,11
348,Christine,cgossop9n@istockphoto.com,Female,73
347,Barbi,bswatridge9m@studiopress.com,Female,61
346,Nelia,nraithby9l@nationalgeographic.com,Female,17
345,Charmine,clhommee9k@harvard.edu,Female,74
344,Anthe,,Female,44
343,Mirella,malldritt9i@bravesites.com,Female,6
342,Kinsley,kmerrison9h@webs.com,Male,94
341,Cristiano,cmassey9g@technorati.com,Male,30
340,Raphael,rfeighry9f@photobucket.com,Male,39
339,Julita,jalldis9e@china.com.cn,Female,23
338,Marylin,mdunckley9d@moonfruit.com,Female,57
337,Erl,emcelroy9c@boston.com,Male,24
336,Alie,,Female,5
335,Goddart,gbolesworth9a@ocn.ne.jp,Male,56
334,Phaedra,pplott99@webs.com,Female,47
333,Maggie,,Female,94
332,Wiley,,Male,17
331,Jess,jarndell96@netscape.com,Female,92
330,Sarge,,Male,44
329,Bekki,bmuzzollo94@twitpic.com,Female,1
328,Nanny,nchalcraft93@1und1.de,Female,29
327,Matias,mcorradi92@businessweek.com,Male,49
326,Riley,rjuliano91@cbslocal.com,Male,11
325,Larissa,lgeroldini90@rambler.ru,Female,73
324,Rhea,rpinor8z@mapquest.com,Female,91
323,Clair,ckairns8y@hubpages.com,Male,53
322,Prudy,prebbeck8x@imdb.com,Female,40
321,Elly,emorsom8w@ted.com,Female,78
320,Reinaldo,rdietzler8v@latimes.com,Male,92
319,Eimile,eyeowell8u@google.it,Female,51
318,Con,cdavers8t@wordpress.org,Female,33
317,Sherri,sconlon8s@comcast.net,Female,41
316,Thaine,thandyside8r@reference.com,Male,26
315,Orrin,obarbery8q@wikispaces.com,Male,5
314,Gussy,,Female,48
313,Mora,mhardistry8o@ovh.net,Female,44
312,Leigh,lwheelan8n@edublogs.org,Male,45
311,Anabelle,awinram8m@dyndns.org,Female,72
310,Helaina,hshotter8l@cam.ac.uk,Female,34
309,Saleem,ssimmonett8k@hhs.gov,Male,72
308,Lesya,lbanner8j@domainmarket.com,Female,46
307,Niccolo,nparrott8i@huffingtonpost.com,Male,14
306,Caryl,civanets8h@ted.com,Male,49
305,Cornelia,cwymer8g@npr.org,Female,3
304,Farra,flambregts8f@freewebs.com,Female,10
303,Franky,fditchett8e@yellowbook.com,Female,97
302,Bealle,bpitbladdo8d@google.cn,Male,69
301,Marna,mcomo8c@time.com,Female,49
300,Buffy,bpragnall8b@army.mil,Female,2
299,Christoffer,cvasishchev8a@edublogs.org,Male,35
298,Melody,,Female,100
297,Jackson,jmcdonald88@jimdo.com,Male,90
296,Valentijn,vamer87@ucsd.edu,Male,20
295,Lilias,,Female,10
294,Leta,,Female,22
293,Verina,vbearns84@creativecommons.org,Female,90
292,Erik,etick83@timesonline.co.uk,Male,20
291,Amabel,abotley82@cisco.com,Female,47
290,Jessa,jmcquirk81@taobao.com,Female,24
289,Ezmeralda,epaolazzi80@fotki.com,Female,71
288,Kincaid,kcullen7z@un.org,Male,59
287,Izzy,igermann7y@oracle.com,Male,58
286,Ferdinand,fbelle7x@princeton.edu,Male,28
285,Nero,ncleave7w@discovery.com,Male,53
284,Jody,jgiffard7v@go.com,Female,71
283,Gwynne,gmaxfield7u@google.cn,Female,33
282,Fonzie,fbeaman7t@ow.ly,Male,46
281,Aldon,arief7s@amazon.co.jp,Male,91
280,Dilan,dbrownsword7r@yellowbook.com,Male,28
279,Patrick,pdare7q@toplist.cz,Male,9
278,Junina,jbucknall7p@naver.com,Female,74
277,Leeanne,lpagden7o@berkeley.edu,Female,51
276,Verna,vjimson7n@tmall.com,Female,43
275,Antonius,ajahn7m@mapy.cz,Male,7
274,Meredeth,myglesia7l@zdnet.com,Male,15
273,Conrad,cbourdon7k@wordpress.org,Male,75
272,Daniele,dholleworth7j@bloglines.com,Female,92
271,Irvine,iayscough7i@miibeian.gov.cn,Male,83
270,Morgana,,Female,29
269,Will,wbrewster7g@blinklist.com,Male,81
268,Casie,cbresson7f@usnews.com,Female,96
267,Stanwood,skohrs7e@zdnet.com,Male,20
266,Pepe,pcullerne7d@auda.org.au,Male,42
265,Norah,ngrebner7c@imageshack.us,Female,95
264,Fidel,frobertsson7b@elegantthemes.com,Male,95
263,Carroll,cdowding7a@nih.gov,Female,86
262,Feodora,flicari79@bloglines.com,Female,53
261,Shandeigh,sgrono78@exblog.jp,Female,62
260,Gianni,,Male,3
259,Aron,ahayden76@webs.com,Male,71
258,Darnall,dwoodcock75@apache.org,Male,80
257,Jorry,jcastelluzzi74@dion.ne.jp,Female,34
256,Junina,jepiscopi73@jalbum.net,Female,37
255,Selie,,Female,38
254,Killian,kwimlet71@hexun.com,Male,54
253,Gilly,gcasse70@blogger.com,Female,69
252,Kermie,kcrassweller6z@berkeley.edu,Male,91
251,Ulrica,,Female,6
250,Adelaide,aarkil6x@amazon.co.uk,Female,100
249,Ugo,ushayes6w@shop-pro.jp,Male,36
248,Shae,spasley6v@baidu.com,Male,48
247,Myron,mbunney6u@google.com.au,Male,42
246,Nicko,npesic6t@goo.ne.jp,Male,78
245,Gigi,gtregust6s@vinaora.com,Female,3
244,Carissa,cgarfit6r@desdev.cn,Female,37
243,Stace,sfake6q@4shared.com,Female,46
242,Shoshanna,ssurgison6p@people.com.cn,Female,86
241,Gannon,ggammons6o@google.com.hk,Male,29
240,Augie,arosso6n@tinyurl.com,Male,21
239,Erhart,ecloutt6m@google.ca,Male,47
238,Octavius,ogreetham6l@nasa.gov,Male,77
237,Gabey,gmayes6k@odnoklassniki.ru,Female,82
236,Ricard,rtroucher6j@pcworld.com,Male,37
235,Dody,dfleckney6i@foxnews.com,Female,14
234,Coleman,,Male,87
233,Reinhard,rdixcee6g@zimbio.com,Male,11
232,Zachariah,zworswick6f@answers.com,Male,12
231,Bay,bhalbert6e@go.com,Male,9
230,Melantha,,Female,29
229,Alric,aboorn6c@dedecms.com,Male,84
228,Dania,dbarnewall6b@histats.com,Female,25
227,Deedee,dbycraft6a@alibaba.com,Female,75
226,Rodolphe,,Male,99
225,Leslie,,Male,55
224,Maxwell,mfootitt67@slate.com,Male,29
223,Sallee,,Female,65
222,Cross,cbehning65@bandcamp.com,Male,29
221,Ricard,rpashler64@fema.gov,Male,95
220,Janna,,Female,29
219,Drucy,dglancey62@ucoz.com,Female,15
218,Roseanna,rmartugin61@blogtalkradio.com,Female,41
217,Brittaney,bmulhall60@wired.com,Female,10
216,Russell,rgambles5z@wisc.edu,Male,70
215,Nobe,neggleson5y@reuters.com,Male,76
214,Kellen,klambeth5x@usatoday.com,Female,75
213,Ray,rkeenor5w@yahoo.com,Female,77
212,Melli,mdesporte5v@dailymotion.com,Female,89
211,Filmer,ftodor5u@ow.ly,Male,96
210,Kristin,kadenot5t@deviantart.com,Female,67
209,Gardner,gpiggins5s@constantcontact.com,Male,10
208,Oliver,omccamish5r@purevolume.com,Male,91
207,Catriona,cnoni5q@gnu.org,Female,10
206,Francois,ftullett5p@uol.com.br,Male,42
205,Cosette,,Female,6
204,Deonne,deverix5n@so-net.ne.jp,Female,100
203,Dael,dharvison5m@typepad.com,Male,69
202,Ruperto,rcaveill5l@wiley.com,Male,10
201,Harcourt,hhealey5k@hud.gov,Male,69
200,Calley,cburnett5j@wunderground.com,Female,3
199,Tobye,tpley5i@wikispaces.com,Female,80
198,Geraldine,,Female,66
197,Jean,jfacchini5g@examiner.com,Male,27
196,Inna,iorford5f@ezinearticles.com,Female,11
195,Patricio,polivier5e@theatlantic.com,Male,28
194,Samson,sfetherston5d@hubpages.com,Male,43
193,Woody,wburk5c@cmu.edu,Male,47
192,Brina,bmclucas5b@dion.ne.jp,Female,36
191,Marget,mrepp5a@shop-pro.jp,Female,46
190,Conny,cmalkie59@china.com.cn,Female,60
189,Ferdie,flamble58@issuu.com,Male,86
188,Verile,vlaslett57@omniture.com,Female,40
187,Arielle,abeeble56@mit.edu,Female,75
186,Franky,fdaughtry55@jiathis.com,Female,74
185,Sheena,skrabbe54@fema.gov,Female,36
184,Monique,mwreath53@auda.org.au,Female,64
183,Stormie,skissick52@indiatimes.com,Female,71
182,Winny,wgerholz51@dagondesign.com,Male,28
181,Beilul,bdugdale50@youtube.com,Female,20
180,Karola,kwalsham4z@dagondesign.com,Female,55
179,Cash,chawkswell4y@berkeley.edu,Male,14
178,Erie,eserraillier4x@vk.com,Male,9
177,Saunder,sfishe4w@odnoklassniki.ru,Male,14
176,Sibylla,sdelucia4v@google.ca,Female,5
175,Donelle,dkielty4u@acquirethisname.com,Female,14
174,Sonia,sfleeming4t@themeforest.net,Female,37
173,Tasia,tarchibald4s@addtoany.com,Female,78
172,Jessie,jdeelay4r@xinhuanet.com,Male,84
171,Filmer,fdurrance4q@diigo.com,Male,20
170,Waldo,,Male,24
169,Sonnie,scallam4o@oracle.com,Male,2
168,Terrel,tmattosoff4n@craigslist.org,Male,78
167,Delphine,dkippie4m@whitehouse.gov,Female,65
166,Alice,aswaisland4l@europa.eu,Female,68
165,Farris,floades4k@aboutads.info,Male,74
164,Brandi,bdawtrey4j@github.com,Female,25
163,Felecia,fbindley4i@jalbum.net,Female,74
162,Mack,mcatlette4h@slashdot.org,Male,62
161,Derk,ddanat4g@alibaba.com,Male,97
160,Arther,asherrard4f@wufoo.com,Male,67
159,Conrado,cczadla4e@angelfire.com,Male,15
158,Anderson,asand4d@soundcloud.com,Male,76
157,Cobb,ckiddell4c@chicagotribune.com,Male,30
156,Mal,mroget4b@hatena.ne.jp,Male,2
155,Shela,shadcock4a@lulu.com,Female,97
154,Osbert,oweins49@facebook.com,Male,82
153,Rodolfo,rfurse48@bloglovin.com,Male,92
152,Lizzie,lsellack47@diigo.com,Female,100
151,Belle,berlam46@auda.org.au,Female,99
150,Valentijn,vwaterfall45@ucsd.edu,Male,57
149,Nil,nrandall44@wired.com,Male,34
148,Giana,gguye43@nifty.com,Female,54
147,Alf,aackred42@fc2.com,Male,36
146,Nancie,nsudlow41@cnbc.com,Female,66
145,Vivie,vcords40@bbc.co.uk,Female,67
144,Pauly,pdowsey3z@aol.com,Female,29
143,Caril,cmckmurrie3y@hostgator.com,Female,4
142,Lin,lbrew3x@ucla.edu,Male,3
141,Edmund,,Male,90
140,Kelvin,koldridge3v@si.edu,Male,28
139,Margarette,mstert3u@dyndns.org,Female,69
138,Josey,,Female,92
137,Amandie,afrane3s@ezinearticles.com,Female,65
136,Wes,wheigold3r@cmu.edu,Male,80
135,Bay,bnutton3q@stanford.edu,Male,57
134,Gunther,,Male,50
133,Mona,mkebell3o@blogs.com,Female,90
132,Lindy,lsobieski3n@people.com.cn,Female,88
131,Kirsti,kmcevoy3m@webs.com,Female,83
130,Nial,nbullan3l@ehow.com,Male,94
129,Julius,jwalesby3k@addtoany.com,Male,91
128,Darrelle,dmyhan3j@flavors.me,Female,90
127,Cassandra,cmcparland3i@ezinearticles.com,Female,25
126,Cullie,chonnicott3h@spiegel.de,Male,55
125,Friederike,frappa3g@usatoday.com,Female,48
124,Daveta,dbenion3f@deviantart.com,Female,7
123,Fowler,,Male,37
122,Channa,csueter3d@dailymail.co.uk,Female,59
121,Armand,astripling3c@senate.gov,Male,25
120,Rancell,rsparham3b@linkedin.com,Male,18
119,Jacklin,,Female,76
118,Noah,nessex39@addtoany.com,Male,67
117,Aviva,,Female,54
116,Ross,rvercruysse37@bandcamp.com,Male,76
115,Calli,cmargaritelli36@google.es,Female,15
114,Lyda,lwoodroff35@aol.com,Female,25
113,Olenka,ochaman34@drupal.org,Female,42
112,Berkie,bmardle33@mac.com,Male,63
111,Homerus,handrusyak32@goo.ne.jp,Male,58
110,Tarrance,tconnow31@mozilla.com,Male,13
109,Lynsey,lsprules30@parallels.com,Female,67
108,Barbabas,bloughton2z@youtube.com,Male,97
107,Cathrin,canderson2y@msn.com,Female,96
106,Anallise,aosherrin2x@guardian.co.uk,Female,93
105,Coop,cexelby2w@cam.ac.uk,Male,73
104,Corbett,cdrewclifton2v@aboutads.info,Male,1
103,Daphne,dkach2u@myspace.com,Female,55
102,Bidget,bfrunks2t@istockphoto.com,Female,71
101,Adria,aorafferty2s@amazonaws.com,Female,12
100,Fenelia,ffarge2r@fotki.com,Female,32
99,Toddy,tlambart2q@whitehouse.gov,Male,94
98,Keene,,Male,50
97,Felicle,frodolico2o@bloglines.com,Female,94
96,Lishe,lranklin2n@alibaba.com,Female,92
95,Thorndike,tcreffield2m@1688.com,Male,24
94,Hailey,,Male,12
93,Elwin,,Male,20
92,Johnette,jpfeiffer2j@utexas.edu,Female,53
91,Roscoe,,Male,97
90,Lyn,lleander2h@examiner.com,Female,98
89,Inessa,idumingo2g@zimbio.com,Female,1
88,Erwin,,Male,29
87,Nathalie,ncatonne2e@archive.org,Female,64
86,Norma,nburnet2d@sakura.ne.jp,Female,82
85,Mahmoud,,Male,85
84,Evonne,egudge2b@utexas.edu,Female,14
83,Demetris,dclaypool2a@phpbb.com,Male,11
82,Lloyd,,Male,3
81,Thorny,tleming28@liveinternet.ru,Male,92
80,Hebert,hsoda27@cnet.com,Male,27
79,Jody,jwaddingham26@netlog.com,Male,21
78,Berkly,bguerrieri25@phpbb.com,Male,72
77,Krista,ksommerfeld24@globo.com,Female,26
76,Therine,tbuckthorpe23@naver.com,Female,7
75,Emmaline,ecratchley22@aboutads.info,Female,75
74,Aldridge,aberndt21@1und1.de,Male,64
73,Bev,bastlatt20@google.co.jp,Male,52
72,Annabela,,Female,62
71,Abram,acornil1y@reuters.com,Male,21
70,Base,,Male,86
69,Brigham,bbirdsall1w@wiley.com,Male,87
68,Melosa,malliband1v@yellowbook.com,Female,70
67,Romonda,rpillans1u@mapy.cz,Female,11
66,Farrel,ftodarello1t@apple.com,Male,5
65,Tobiah,tinsall1s@who.int,Male,97
64,Burk,bstamps1r@huffingtonpost.com,Male,63
63,Klarika,kfarress1q@opensource.org,Female,5
62,Wynn,wjakubovicz1p@unblog.fr,Male,30
61,Bear,broblou1o@hibu.com,Male,65
60,Lilyan,lcrocket1n@google.ru,Female,88
59,Tamqrah,tmantha1m@usa.gov,Female,16
58,Batholomew,bkempshall1l@usatoday.com,Male,50
57,Celinka,ctodari1k@vimeo.com,Female,25
56,Halette,hnibloe1j@sciencedaily.com,Female,28
55,Lewes,lalldis1i@bravesites.com,Male,67
54,Samara,sakister1h@gov.uk,Female,61
53,Tracie,,Female,87
52,Benjie,bdegowe1f@comcast.net,Male,10
51,Dennie,drijkeseis1e@independent.co.uk,Male,62
50,Lewes,lpiatkow1d@chron.com,Male,23
49,Jeri,jpetrus1c@abc.net.au,Female,11
48,Sidoney,sjuares1b@about.com,Female,23
47,Hillary,,Female,72
46,Caprice,cduns19@github.com,Female,97
45,Patten,pbrekonridge18@360.cn,Male,37
44,Hubert,hgillmore17@joomla.org,Male,52
43,Charlie,cmatura16@google.cn,Male,32
42,Davita,dfields15@topsy.com,Female,87
41,Freedman,fhindge14@tmall.com,Male,65
40,Agustin,agyse13@desdev.cn,Male,27
39,Neilla,nsamart12@washingtonpost.com,Female,26
38,Lissi,ldries11@irs.gov,Female,67
37,Staford,swoollcott10@bloglines.com,Male,81
36,Cirilo,csandesonz@sina.com.cn,Male,25
35,Idell,iofieldy@example.com,Female,16
34,Quentin,qigounetx@salon.com,Female,3
33,Ray,rlillgardw@wired.com,Female,47
32,Darell,dgodridgev@merriam-webster.com,Female,87
31,Barbabra,bpinsentu@mail.ru,Female,37
30,Elliot,ecochrant@csmonitor.com,Male,23
29,Stewart,ssatterlys@samsung.com,Male,78
28,Neala,ntrevorrowr@discuz.net,Female,22
27,Alberto,aprobbingq@blinklist.com,Male,30
26,Winny,wwrattenp@over-blog.com,Female,41
25,Wainwright,,Male,3
24,Hanni,hrowelln@i2i.jp,Female,80
23,Baily,bfassmannm@homestead.com,Male,44
22,Berget,bmealiffel@google.cn,Female,99
21,Bryna,,Female,12
20,Dennie,,Female,39
19,Eddy,,Male,34
18,Gerianna,gbackwellh@nih.gov,Female,85
17,Wenona,wlealleg@live.com,Female,40
16,Alyse,atomkysf@reference.com,Female,92
15,Hort,hderingtone@dailymail.co.uk,Male,69
14,Brietta,bpirolinid@cbsnews.com,Female,35
13,Dedie,dbailc@oracle.com,Female,5
12,Daren,,Male,18
11,Kele,kvlacha@weebly.com,Male,66
10,Joan,jsoane9@4shared.com,Female,40
9,Sharlene,sgiroldo8@state.gov,Female,73
8,Maddalena,moguz7@thetimes.co.uk,Female,70
7,Alexis,abarstow6@creativecommons.org,Female,7
6,Neel,nlaird5@auda.org.au,Male,19
5,Tad,tsapena4@businessinsider.com,Male,70
4,Jyoti,jscarth3@wsj.com,Female,41
3,Boyd,bmattaser2@jigsy.com,Male,87
2,Sollie,sclear1@google.it,Male,58
1,Basia,bervine0@skype.com,Female,31
