1,Basia,bervine0@skype.com,122,Aetna
2,Sollie,sclear1@google.it,122,Aetna
3,Boyd,bmattaser2@jigsy.com,122,Aetna
4,Jyoti,jscarth3@wsj.com,122,Aetna
5,Tad,tsapena4@businessinsider.com,122,Aetna
6,Neel,nlaird5@auda.org.au,123,Cigna
7,Alexis,abarstow6@creativecommons.org,122,Aetna
8,Maddalena,moguz7@thetimes.co.uk,122,Aetna
9,Sharlene,sgiroldo8@state.gov,123,Cigna
10,Joan,jsoane9@4shared.com,123,Cigna
11,Kele,kvlacha@weebly.com,122,Aetna
12,Daren,,123,Cigna
13,Dedie,dbailc@oracle.com,122,Aetna
14,Brietta,bpirolinid@cbsnews.com,123,Cigna
15,Hort,hderingtone@dailymail.co.uk,123,Cigna
16,Alyse,atomkysf@reference.com,123,Cigna
17,Wenona,wlealleg@live.com,123,Cigna
18,Gerianna,gbackwellh@nih.gov,123,Cigna
19,Eddy,,122,Aetna
20,Dennie,,123,Cigna
21,Bryna,,123,Cigna
22,Berget,bmealiffel@google.cn,122,Aetna
23,Baily,bfassmannm@homestead.com,122,Aetna
24,Hanni,hrowelln@i2i.jp,123,Cigna
25,Wainwright,,123,Cigna
26,Winny,wwrattenp@over-blog.com,122,Aetna
27,Alberto,aprobbingq@blinklist.com,122,Aetna
28,Neala,ntrevorrowr@discuz.net,122,Aetna
29,Stewart,ssatterlys@samsung.com,123,Cigna
30,Elliot,ecochrant@csmonitor.com,123,Cigna
31,Barbabra,bpinsentu@mail.ru,122,Aetna
32,Darell,dgodridgev@merriam-webster.com,123,Cigna
33,Ray,rlillgardw@wired.com,123,Cigna
34,Quentin,qigounetx@salon.com,122,Aetna
35,Idell,iofieldy@example.com,123,Cigna
36,Cirilo,csandesonz@sina.com.cn,123,Cigna
37,Staford,swoollcott10@bloglines.com,122,Aetna
38,Lissi,ldries11@irs.gov,123,Cigna
39,Neilla,nsamart12@washingtonpost.com,122,Aetna
40,Agustin,agyse13@desdev.cn,123,Cigna
41,Freedman,fhindge14@tmall.com,122,Aetna
42,Davita,dfields15@topsy.com,122,Aetna
43,Charlie,cmatura16@google.cn,123,Cigna
44,Hubert,hgillmore17@joomla.org,122,Aetna
45,Patten,pbrekonridge18@360.cn,122,Aetna
46,Caprice,cduns19@github.com,123,Cigna
47,Hillary,,123,Cigna
48,Sidoney,sjuares1b@about.com,123,Cigna
49,Jeri,jpetrus1c@abc.net.au,122,Aetna
50,Lewes,lpiatkow1d@chron.com,122,Aetna
51,Dennie,drijkeseis1e@independent.co.uk,123,Cigna
52,Benjie,bdegowe1f@comcast.net,123,Cigna
53,Tracie,,123,Cigna
54,Samara,sakister1h@gov.uk,123,Cigna
55,Lewes,lalldis1i@bravesites.com,123,Cigna
56,Halette,hnibloe1j@sciencedaily.com,122,Aetna
57,Celinka,ctodari1k@vimeo.com,122,Aetna
58,Batholomew,bkempshall1l@usatoday.com,123,Cigna
59,Tamqrah,tmantha1m@usa.gov,122,Aetna
60,Lilyan,lcrocket1n@google.ru,123,Cigna
61,Bear,broblou1o@hibu.com,122,Aetna
62,Wynn,wjakubovicz1p@unblog.fr,122,Aetna
63,Klarika,kfarress1q@opensource.org,122,Aetna
64,Burk,bstamps1r@huffingtonpost.com,122,Aetna
65,Tobiah,tinsall1s@who.int,122,Aetna
66,Farrel,ftodarello1t@apple.com,123,Cigna
67,Romonda,rpillans1u@mapy.cz,123,Cigna
68,Melosa,malliband1v@yellowbook.com,123,Cigna
69,Brigham,bbirdsall1w@wiley.com,122,Aetna
70,Base,,122,Aetna
71,Abram,acornil1y@reuters.com,122,Aetna
72,Annabela,,123,Cigna
73,Bev,bastlatt20@google.co.jp,123,Cigna
74,Aldridge,aberndt21@1und1.de,123,Cigna
75,Emmaline,ecratchley22@aboutads.info,122,Aetna
76,Therine,tbuckthorpe23@naver.com,122,Aetna
77,Krista,ksommerfeld24@globo.com,122,Aetna
78,Berkly,bguerrieri25@phpbb.com,123,Cigna
79,Jody,jwaddingham26@netlog.com,122,Aetna
80,Hebert,hsoda27@cnet.com,122,Aetna
81,Thorny,tleming28@liveinternet.ru,122,Aetna
82,Lloyd,,123,Cigna
83,Demetris,dclaypool2a@phpbb.com,122,Aetna
84,Evonne,egudge2b@utexas.edu,123,Cigna
85,Mahmoud,,123,Cigna
86,Norma,nburnet2d@sakura.ne.jp,122,Aetna
87,Nathalie,ncatonne2e@archive.org,122,Aetna
88,Erwin,,123,Cigna
89,Inessa,idumingo2g@zimbio.com,122,Aetna
90,Lyn,lleander2h@examiner.com,123,Cigna
91,Roscoe,,122,Aetna
92,Johnette,jpfeiffer2j@utexas.edu,122,Aetna
93,Elwin,,123,Cigna
94,Hailey,,122,Aetna
95,Thorndike,tcreffield2m@1688.com,122,Aetna
96,Lishe,lranklin2n@alibaba.com,123,Cigna
97,Felicle,frodolico2o@bloglines.com,122,Aetna
98,Keene,,122,Aetna
99,Toddy,tlambart2q@whitehouse.gov,122,Aetna
100,Fenelia,ffarge2r@fotki.com,123,Cigna
101,Adria,aorafferty2s@amazonaws.com,122,Aetna
102,Bidget,bfrunks2t@istockphoto.com,123,Cigna
103,Daphne,dkach2u@myspace.com,122,Aetna
104,Corbett,cdrewclifton2v@aboutads.info,122,Aetna
105,Coop,cexelby2w@cam.ac.uk,122,Aetna
106,Anallise,aosherrin2x@guardian.co.uk,122,Aetna
107,Cathrin,canderson2y@msn.com,122,Aetna
108,Barbabas,bloughton2z@youtube.com,123,Cigna
109,Lynsey,lsprules30@parallels.com,122,Aetna
110,Tarrance,tconnow31@mozilla.com,122,Aetna
111,Homerus,handrusyak32@goo.ne.jp,123,Cigna
112,Berkie,bmardle33@mac.com,123,Cigna
113,Olenka,ochaman34@drupal.org,122,Aetna
114,Lyda,lwoodroff35@aol.com,123,Cigna
115,Calli,cmargaritelli36@google.es,123,Cigna
116,Ross,rvercruysse37@bandcamp.com,123,Cigna
117,Aviva,,123,Cigna
118,Noah,nessex39@addtoany.com,122,Aetna
119,Jacklin,,123,Cigna
120,Rancell,rsparham3b@linkedin.com,123,Cigna
121,Armand,astripling3c@senate.gov,123,Cigna
122,Channa,csueter3d@dailymail.co.uk,122,Aetna
123,Fowler,,122,Aetna
124,Daveta,dbenion3f@deviantart.com,122,Aetna
125,Friederike,frappa3g@usatoday.com,123,Cigna
126,Cullie,chonnicott3h@spiegel.de,123,Cigna
127,Cassandra,cmcparland3i@ezinearticles.com,122,Aetna
128,Darrelle,dmyhan3j@flavors.me,122,Aetna
129,Julius,jwalesby3k@addtoany.com,123,Cigna
130,Nial,nbullan3l@ehow.com,122,Aetna
131,Kirsti,kmcevoy3m@webs.com,123,Cigna
132,Lindy,lsobieski3n@people.com.cn,122,Aetna
133,Mona,mkebell3o@blogs.com,123,Cigna
134,Gunther,,123,Cigna
135,Bay,bnutton3q@stanford.edu,122,Aetna
136,Wes,wheigold3r@cmu.edu,123,Cigna
137,Amandie,afrane3s@ezinearticles.com,123,Cigna
138,Josey,,123,Cigna
139,Margarette,mstert3u@dyndns.org,122,Aetna
140,Kelvin,koldridge3v@si.edu,122,Aetna
141,Edmund,,123,Cigna
142,Lin,lbrew3x@ucla.edu,122,Aetna
143,Caril,cmckmurrie3y@hostgator.com,122,Aetna
144,Pauly,pdowsey3z@aol.com,122,Aetna
145,Vivie,vcords40@bbc.co.uk,122,Aetna
146,Nancie,nsudlow41@cnbc.com,123,Cigna
147,Alf,aackred42@fc2.com,123,Cigna
148,Giana,gguye43@nifty.com,122,Aetna
149,Nil,nrandall44@wired.com,122,Aetna
150,Valentijn,vwaterfall45@ucsd.edu,123,Cigna
151,Belle,berlam46@auda.org.au,122,Aetna
152,Lizzie,lsellack47@diigo.com,122,Aetna
153,Rodolfo,rfurse48@bloglovin.com,123,Cigna
154,Osbert,oweins49@facebook.com,123,Cigna
155,Shela,shadcock4a@lulu.com,122,Aetna
156,Mal,mroget4b@hatena.ne.jp,123,Cigna
157,Cobb,ckiddell4c@chicagotribune.com,122,Aetna
158,Anderson,asand4d@soundcloud.com,122,Aetna
159,Conrado,cczadla4e@angelfire.com,122,Aetna
160,Arther,asherrard4f@wufoo.com,122,Aetna
161,Derk,ddanat4g@alibaba.com,123,Cigna
162,Mack,mcatlette4h@slashdot.org,122,Aetna
163,Felecia,fbindley4i@jalbum.net,122,Aetna
164,Brandi,bdawtrey4j@github.com,123,Cigna
165,Farris,floades4k@aboutads.info,123,Cigna
166,Alice,aswaisland4l@europa.eu,123,Cigna
167,Delphine,dkippie4m@whitehouse.gov,123,Cigna
168,Terrel,tmattosoff4n@craigslist.org,122,Aetna
169,Sonnie,scallam4o@oracle.com,122,Aetna
170,Waldo,,122,Aetna
171,Filmer,fdurrance4q@diigo.com,122,Aetna
172,Jessie,jdeelay4r@xinhuanet.com,122,Aetna
173,Tasia,tarchibald4s@addtoany.com,122,Aetna
174,Sonia,sfleeming4t@themeforest.net,122,Aetna
175,Donelle,dkielty4u@acquirethisname.com,123,Cigna
176,Sibylla,sdelucia4v@google.ca,123,Cigna
177,Saunder,sfishe4w@odnoklassniki.ru,123,Cigna
178,Erie,eserraillier4x@vk.com,123,Cigna
179,Cash,chawkswell4y@berkeley.edu,123,Cigna
180,Karola,kwalsham4z@dagondesign.com,123,Cigna
181,Beilul,bdugdale50@youtube.com,123,Cigna
182,Winny,wgerholz51@dagondesign.com,122,Aetna
183,Stormie,skissick52@indiatimes.com,123,Cigna
184,Monique,mwreath53@auda.org.au,123,Cigna
185,Sheena,skrabbe54@fema.gov,123,Cigna
186,Franky,fdaughtry55@jiathis.com,123,Cigna
187,Arielle,abeeble56@mit.edu,122,Aetna
188,Verile,vlaslett57@omniture.com,123,Cigna
189,Ferdie,flamble58@issuu.com,122,Aetna
190,Conny,cmalkie59@china.com.cn,123,Cigna
191,Marget,mrepp5a@shop-pro.jp,123,Cigna
192,Brina,bmclucas5b@dion.ne.jp,123,Cigna
193,Woody,wburk5c@cmu.edu,122,Aetna
194,Samson,sfetherston5d@hubpages.com,122,Aetna
195,Patricio,polivier5e@theatlantic.com,122,Aetna
196,Inna,iorford5f@ezinearticles.com,122,Aetna
197,Jean,jfacchini5g@examiner.com,123,Cigna
198,Geraldine,,123,Cigna
199,Tobye,tpley5i@wikispaces.com,123,Cigna
200,Calley,cburnett5j@wunderground.com,122,Aetna
201,Harcourt,hhealey5k@hud.gov,123,Cigna
202,Ruperto,rcaveill5l@wiley.com,122,Aetna
203,Dael,dharvison5m@typepad.com,123,Cigna
204,Deonne,deverix5n@so-net.ne.jp,122,Aetna
205,Cosette,,123,Cigna
206,Francois,ftullett5p@uol.com.br,122,Aetna
207,Catriona,cnoni5q@gnu.org,123,Cigna
208,Oliver,omccamish5r@purevolume.com,122,Aetna
209,Gardner,gpiggins5s@constantcontact.com,122,Aetna
210,Kristin,kadenot5t@deviantart.com,123,Cigna
211,Filmer,ftodor5u@ow.ly,122,Aetna
212,Melli,mdesporte5v@dailymotion.com,123,Cigna
213,Ray,rkeenor5w@yahoo.com,122,Aetna
214,Kellen,klambeth5x@usatoday.com,123,Cigna
215,Nobe,neggleson5y@reuters.com,123,Cigna
216,Russell,rgambles5z@wisc.edu,122,Aetna
217,Brittaney,bmulhall60@wired.com,123,Cigna
218,Roseanna,rmartugin61@blogtalkradio.com,123,Cigna
219,Drucy,dglancey62@ucoz.com,122,Aetna
220,Janna,,122,Aetna
221,Ricard,rpashler64@fema.gov,122,Aetna
222,Cross,cbehning65@bandcamp.com,123,Cigna
223,Sallee,,123,Cigna
224,Maxwell,mfootitt67@slate.com,122,Aetna
225,Leslie,,123,Cigna
226,Rodolphe,,122,Aetna
227,Deedee,dbycraft6a@alibaba.com,122,Aetna
228,Dania,dbarnewall6b@histats.com,123,Cigna
229,Alric,aboorn6c@dedecms.com,122,Aetna
230,Melantha,,122,Aetna
231,Bay,bhalbert6e@go.com,123,Cigna
232,Zachariah,zworswick6f@answers.com,122,Aetna
233,Reinhard,rdixcee6g@zimbio.com,122,Aetna
234,Coleman,,122,Aetna
235,Dody,dfleckney6i@foxnews.com,122,Aetna
236,Ricard,rtroucher6j@pcworld.com,123,Cigna
237,Gabey,gmayes6k@odnoklassniki.ru,123,Cigna
238,Octavius,ogreetham6l@nasa.gov,122,Aetna
239,Erhart,ecloutt6m@google.ca,123,Cigna
240,Augie,arosso6n@tinyurl.com,122,Aetna
241,Gannon,ggammons6o@google.com.hk,122,Aetna
242,Shoshanna,ssurgison6p@people.com.cn,123,Cigna
243,Stace,sfake6q@4shared.com,123,Cigna
244,Carissa,cgarfit6r@desdev.cn,122,Aetna
245,Gigi,gtregust6s@vinaora.com,123,Cigna
246,Nicko,npesic6t@goo.ne.jp,123,Cigna
247,Myron,mbunney6u@google.com.au,123,Cigna
248,Shae,spasley6v@baidu.com,122,Aetna
249,Ugo,ushayes6w@shop-pro.jp,122,Aetna
250,Adelaide,aarkil6x@amazon.co.uk,123,Cigna
251,Ulrica,,123,Cigna
252,Kermie,kcrassweller6z@berkeley.edu,123,Cigna
253,Gilly,gcasse70@blogger.com,122,Aetna
254,Killian,kwimlet71@hexun.com,123,Cigna
255,Selie,,123,Cigna
256,Junina,jepiscopi73@jalbum.net,122,Aetna
257,Jorry,jcastelluzzi74@dion.ne.jp,123,Cigna
258,Darnall,dwoodcock75@apache.org,123,Cigna
259,Aron,ahayden76@webs.com,123,Cigna
260,Gianni,,123,Cigna
261,Shandeigh,sgrono78@exblog.jp,122,Aetna
262,Feodora,flicari79@bloglines.com,123,Cigna
263,Carroll,cdowding7a@nih.gov,122,Aetna
264,Fidel,frobertsson7b@elegantthemes.com,123,Cigna
265,Norah,ngrebner7c@imageshack.us,123,Cigna
266,Pepe,pcullerne7d@auda.org.au,122,Aetna
267,Stanwood,skohrs7e@zdnet.com,123,Cigna
268,Casie,cbresson7f@usnews.com,123,Cigna
269,Will,wbrewster7g@blinklist.com,122,Aetna
270,Morgana,,123,Cigna
271,Irvine,iayscough7i@miibeian.gov.cn,123,Cigna
272,Daniele,dholleworth7j@bloglines.com,122,Aetna
273,Conrad,cbourdon7k@wordpress.org,123,Cigna
274,Meredeth,myglesia7l@zdnet.com,122,Aetna
275,Antonius,ajahn7m@mapy.cz,123,Cigna
276,Verna,vjimson7n@tmall.com,122,Aetna
277,Leeanne,lpagden7o@berkeley.edu,122,Aetna
278,Junina,jbucknall7p@naver.com,123,Cigna
279,Patrick,pdare7q@toplist.cz,123,Cigna
280,Dilan,dbrownsword7r@yellowbook.com,122,Aetna
281,Aldon,arief7s@amazon.co.jp,122,Aetna
282,Fonzie,fbeaman7t@ow.ly,122,Aetna
283,Gwynne,gmaxfield7u@google.cn,123,Cigna
284,Jody,jgiffard7v@go.com,122,Aetna
285,Nero,ncleave7w@discovery.com,122,Aetna
286,Ferdinand,fbelle7x@princeton.edu,122,Aetna
287,Izzy,igermann7y@oracle.com,122,Aetna
288,Kincaid,kcullen7z@un.org,123,Cigna
289,Ezmeralda,epaolazzi80@fotki.com,122,Aetna
290,Jessa,jmcquirk81@taobao.com,123,Cigna
291,Amabel,abotley82@cisco.com,122,Aetna
292,Erik,etick83@timesonline.co.uk,122,Aetna
293,Verina,vbearns84@creativecommons.org,123,Cigna
294,Leta,,122,Aetna
295,Lilias,,123,Cigna
296,Valentijn,vamer87@ucsd.edu,122,Aetna
297,Jackson,jmcdonald88@jimdo.com,123,Cigna
298,Melody,,122,Aetna
299,Christoffer,cvasishchev8a@edublogs.org,123,Cigna
300,Buffy,bpragnall8b@army.mil,122,Aetna
301,Marna,mcomo8c@time.com,123,Cigna
302,Bealle,bpitbladdo8d@google.cn,123,Cigna
303,Franky,fditchett8e@yellowbook.com,123,Cigna
304,Farra,flambregts8f@freewebs.com,122,Aetna
305,Cornelia,cwymer8g@npr.org,123,Cigna
306,Caryl,civanets8h@ted.com,123,Cigna
307,Niccolo,nparrott8i@huffingtonpost.com,122,Aetna
308,Lesya,lbanner8j@domainmarket.com,122,Aetna
309,Saleem,ssimmonett8k@hhs.gov,123,Cigna
310,Helaina,hshotter8l@cam.ac.uk,123,Cigna
311,Anabelle,awinram8m@dyndns.org,123,Cigna
312,Leigh,lwheelan8n@edublogs.org,123,Cigna
313,Mora,mhardistry8o@ovh.net,123,Cigna
314,Gussy,,122,Aetna
315,Orrin,obarbery8q@wikispaces.com,123,Cigna
316,Thaine,thandyside8r@reference.com,123,Cigna
317,Sherri,sconlon8s@comcast.net,123,Cigna
318,Con,cdavers8t@wordpress.org,122,Aetna
319,Eimile,eyeowell8u@google.it,122,Aetna
320,Reinaldo,rdietzler8v@latimes.com,123,Cigna
321,Elly,emorsom8w@ted.com,123,Cigna
322,Prudy,prebbeck8x@imdb.com,122,Aetna
323,Clair,ckairns8y@hubpages.com,122,Aetna
324,Rhea,rpinor8z@mapquest.com,123,Cigna
325,Larissa,lgeroldini90@rambler.ru,122,Aetna
326,Riley,rjuliano91@cbslocal.com,123,Cigna
327,Matias,mcorradi92@businessweek.com,123,Cigna
328,Nanny,nchalcraft93@1und1.de,122,Aetna
329,Bekki,bmuzzollo94@twitpic.com,123,Cigna
330,Sarge,,122,Aetna
331,Jess,jarndell96@netscape.com,122,Aetna
332,Wiley,,122,Aetna
333,Maggie,,122,Aetna
334,Phaedra,pplott99@webs.com,122,Aetna
335,Goddart,gbolesworth9a@ocn.ne.jp,122,Aetna
336,Alie,,123,Cigna
337,Erl,emcelroy9c@boston.com,123,Cigna
338,Marylin,mdunckley9d@moonfruit.com,123,Cigna
339,Julita,jalldis9e@china.com.cn,122,Aetna
340,Raphael,rfeighry9f@photobucket.com,122,Aetna
341,Cristiano,cmassey9g@technorati.com,122,Aetna
342,Kinsley,kmerrison9h@webs.com,123,Cigna
343,Mirella,malldritt9i@bravesites.com,122,Aetna
344,Anthe,,123,Cigna
345,Charmine,clhommee9k@harvard.edu,122,Aetna
346,Nelia,nraithby9l@nationalgeographic.com,123,Cigna
347,Barbi,bswatridge9m@studiopress.com,123,Cigna
348,Christine,cgossop9n@istockphoto.com,122,Aetna
349,Tulley,tpurves9o@diigo.com,123,Cigna
350,Darda,dhars9p@woothemes.com,122,Aetna
351,Jard,jbaly9q@arizona.edu,122,Aetna
352,Alison,aklais9r@dailymotion.com,122,Aetna
353,Donavon,dvanderbeek9s@hatena.ne.jp,122,Aetna
354,Jamaal,jbolderson9t@howstuffworks.com,123,Cigna
355,Analiese,aglassford9u@jiathis.com,123,Cigna
356,Lorraine,lwarriner9v@jalbum.net,123,Cigna
357,Wilma,,122,Aetna
358,Bond,,123,Cigna
359,Angelico,ajiru9y@ca.gov,123,Cigna
360,Demetria,dzielinski9z@tinyurl.com,122,Aetna
361,Booth,bbulliona0@webnode.com,122,Aetna
362,Allyce,akirkmana1@sciencedirect.com,123,Cigna
363,Jobi,jlessmarea2@wikipedia.org,122,Aetna
364,Kacie,kperrotta3@ifeng.com,123,Cigna
365,Alastair,afridayea4@umn.edu,123,Cigna
366,Vivyan,vkillingwortha5@networkadvertising.org,123,Cigna
367,Karly,kgrinishina6@ucla.edu,122,Aetna
368,Elisabeth,egladdifha7@sitemeter.com,123,Cigna
369,Leopold,lshuarda8@auda.org.au,123,Cigna
370,Dennet,,122,Aetna
371,Sigismund,scornilleauaa@mayoclinic.com,122,Aetna
372,Clementina,clittledikeab@fema.gov,123,Cigna
373,Jase,jgrahamslawac@elegantthemes.com,123,Cigna
374,Jameson,jshepstonead@imdb.com,122,Aetna
375,Chris,cjedrasae@nydailynews.com,123,Cigna
376,Cristian,crheadaf@dyndns.org,123,Cigna
377,Meridith,mgajewskiag@fastcompany.com,122,Aetna
378,Caryn,cbanvilleah@a8.net,122,Aetna
379,Osbert,omiddlemissai@washington.edu,122,Aetna
380,Shaw,saishfordaj@springer.com,123,Cigna
381,Don,dverdonak@fda.gov,122,Aetna
382,Jan,jvamplusal@archive.org,122,Aetna
383,Brett,bcanetam@stanford.edu,122,Aetna
384,Kim,kbelinan@google.com.hk,122,Aetna
385,Den,dlegriceao@skyrock.com,122,Aetna
386,Dill,dissacovap@themeforest.net,123,Cigna
387,Sammy,smccaugheyaq@marketwatch.com,122,Aetna
388,Daron,dforsonar@nifty.com,122,Aetna
389,Debbi,dwoodsas@wix.com,123,Cigna
390,May,mskellernat@studiopress.com,122,Aetna
391,Glenda,gwrathmallau@marriott.com,122,Aetna
392,Derk,dcrippellav@dot.gov,122,Aetna
393,Wilbur,wrozanskiaw@sciencedaily.com,122,Aetna
394,Ralina,rhoulistonax@friendfeed.com,123,Cigna
395,Lovell,lpomphrettay@europa.eu,121,United health
396,Zelda,zcrichtenaz@theglobeandmail.com,121,United health
397,Aurelea,adrinkelb0@clickbank.net,123,Cigna
398,Helga,hslimanb1@tumblr.com,121,United health
399,Ali,agochb2@blogspot.com,123,Cigna
400,Reube,rgrabbb3@linkedin.com,121,United health
401,Adena,astinsonb4@rakuten.co.jp,121,United health
402,Ethelin,ebungeyb5@xinhuanet.com,121,United health
403,Fremont,fduthyb6@wp.com,123,Cigna
404,Reece,rfarnorthb7@typepad.com,123,Cigna
405,Honor,hmenichib8@jimdo.com,123,Cigna
406,Fraze,fhaingeb9@engadget.com,123,Cigna
407,Phil,pwhithamba@unblog.fr,123,Cigna
408,Leila,lcamilleribb@simplemachines.org,125,Humana
409,Heda,hbossombc@gov.uk,125,Humana
410,Emelita,egrissettbd@ask.com,125,Humana
411,Clementine,cdownagebe@usgs.gov,125,Humana
412,Lark,lwinterscalebf@ovh.net,121,United health
413,Neely,njeduchbg@cisco.com,121,United health
414,Orsa,ourvoybh@google.cn,125,Humana
415,Tedie,tsnelbi@uiuc.edu,125,Humana
416,Rory,rfludderbj@google.de,121,United health
417,Emma,edunleybk@ucoz.ru,121,United health
418,Forrester,fmerwoodbl@tamu.edu,121,United health
419,Ann,ashimmingsbm@trellian.com,125,Humana
420,Garvin,gbrewertonbn@weebly.com,125,Humana
421,Rob,rcurnickbo@blinklist.com,125,Humana
422,Arlene,adudingbp@gmpg.org,125,Humana
423,Ermentrude,ebohmanbq@ft.com,125,Humana
424,Kirby,ktinniswoodbr@ted.com,125,Humana
425,Elmer,eminorsbs@youtu.be,125,Humana
426,Michaelina,mitzhayekbt@walmart.com,121,United health
427,Blinny,binkerbu@reuters.com,125,Humana
428,Gerty,gbeaverbv@twitpic.com,121,United health
429,Vinny,vsivilbw@symantec.com,121,United health
430,Nickola,,121,United health
431,Augy,areicharzby@wufoo.com,125,Humana
432,Prentice,pdurdybz@tiny.cc,125,Humana
433,Minerva,mdrohunc0@ucoz.com,125,Humana
434,Christean,cauchinleckc1@usnews.com,121,United health
435,Molli,mkemmec2@barnesandnoble.com,125,Humana
436,Ezmeralda,estricklerc3@miitbeian.gov.cn,121,United health
437,Kalvin,kmanonc4@imgur.com,121,United health
438,Wadsworth,wshildrickc5@europa.eu,121,United health
439,Adah,aasaafc6@smh.com.au,121,United health
440,Gunner,,125,Humana
441,Livy,locriganec8@angelfire.com,125,Humana
442,Niel,nsherbornec9@instagram.com,121,United health
443,Phyllida,pjosselca@army.mil,121,United health
444,Bertie,bfernantcb@mayoclinic.com,121,United health
445,Trish,tholliercc@unesco.org,121,United health
446,Kristin,kburfordcd@blog.com,121,United health
447,Pepito,prussellce@hc360.com,125,Humana
448,Odilia,oessercf@sakura.ne.jp,125,Humana
449,Freda,fmaccauleycg@photobucket.com,121,United health
450,Susy,ssmythech@addtoany.com,121,United health
451,Alfie,,125,Humana
452,Baily,bdewittcj@jimdo.com,125,Humana
453,Lisbeth,ldibatistack@myspace.com,121,United health
454,Clive,csembercl@mashable.com,121,United health
455,Linnie,,125,Humana
456,Sybila,scobbaldcn@thetimes.co.uk,121,United health
457,Celesta,cbaintonco@eventbrite.com,125,Humana
458,Jillie,janstiecp@simplemachines.org,121,United health
459,Esteban,eklauercq@xrea.com,125,Humana
460,Lizzy,lfindleycr@abc.net.au,125,Humana
461,Gracie,garrcs@github.com,125,Humana
462,Matilda,,121,United health
463,Donielle,,125,Humana
464,Karita,kdimanchecv@timesonline.co.uk,121,United health
465,Gunar,gshentoncw@bing.com,121,United health
466,El,edoriecx@psu.edu,121,United health
467,Leontine,lfloodcy@jigsy.com,125,Humana
468,Johnathan,jfrostdykecz@e-recht24.de,125,Humana
469,Haley,,121,United health
470,Krista,kdumbartond1@imgur.com,125,Humana
471,Erwin,echastandd2@cocolog-nifty.com,125,Humana
472,Rozelle,ragated3@ted.com,125,Humana
473,Mari,mlamzedd4@facebook.com,125,Humana
474,Thorsten,tsanterd5@flickr.com,125,Humana
475,Donnell,dhulmesd6@google.ca,121,United health
476,Vittorio,vmarderd7@phoca.cz,121,United health
477,Wilmar,wlyosikd8@addthis.com,125,Humana
478,Malinda,mmundelld9@homestead.com,121,United health
479,Etheline,elemasneyda@vistaprint.com,121,United health
480,Chicky,cjoselevitchdb@wp.com,121,United health
481,Ramsey,rfeenandc@plala.or.jp,125,Humana
482,Thane,tlelievredd@stanford.edu,125,Humana
483,Kendrick,kswinfonde@macromedia.com,121,United health
484,Joyce,jheaysmandf@about.com,125,Humana
485,Emmi,estigelldg@acquirethisname.com,125,Humana
486,Cortney,citzkovitchdh@virginia.edu,125,Humana
487,Ferd,fstrowlgerdi@arizona.edu,125,Humana
488,Antonie,aschalldj@themeforest.net,125,Humana
489,Carny,cgeggiedk@goodreads.com,121,United health
490,Ardine,afeltoedl@eventbrite.com,125,Humana
491,Lawton,llindenblattdm@linkedin.com,125,Humana
492,Jimmy,jmatuskiewiczdn@who.int,125,Humana
493,Betteanne,boutibridgedo@imgur.com,125,Humana
494,Kev,korisdp@mediafire.com,121,United health
495,Zeke,zvelldendq@yahoo.com,125,Humana
496,Lurlene,lcellierdr@amazon.com,125,Humana
497,Lonni,lnipperds@narod.ru,121,United health
498,Brianne,bhefforddt@meetup.com,121,United health
499,Reinwald,relesdu@dailymail.co.uk,121,United health
500,Franklin,fpimlockdv@examiner.com,125,Humana
501,Dasha,,125,Humana
502,Morgen,,121,United health
503,Teriann,tchampleydy@cafepress.com,125,Humana
504,Padriac,pbrashierdz@nba.com,121,United health
505,Dana,dgoulstonee0@amazon.de,125,Humana
506,Dolly,drosengarte1@google.it,121,United health
507,Sara,spetchelle2@phoca.cz,121,United health
508,Brett,bdrysdalle3@usda.gov,125,Humana
509,Beau,bkaese4@epa.gov,121,United health
510,Emeline,esmithee5@jimdo.com,121,United health
511,Alfonse,aayshe6@ed.gov,121,United health
512,Alexine,awedderburne7@ask.com,121,United health
513,Maribelle,mromane8@privacy.gov.au,125,Humana
514,Reba,,121,United health
515,Jeramey,jclayfieldea@sun.com,125,Humana
516,Eb,eperilloeb@shutterfly.com,125,Humana
517,Beatriz,brenshallec@hhs.gov,125,Humana
518,Rubi,,125,Humana
519,Rhetta,rconiffee@ycombinator.com,125,Humana
520,Jamie,jdejuaresef@wufoo.com,121,United health
521,Thomasa,tallswortheg@gov.uk,121,United health
522,Henry,htwopennyeh@deviantart.com,125,Humana
523,Stanislas,smacloughlinei@mac.com,121,United health
524,Debbi,,121,United health
525,Riane,rfaircliffek@amazon.co.jp,121,United health
526,Corrie,cflackel@addthis.com,125,Humana
527,Arnie,asimantsem@furl.net,125,Humana
528,Omero,oliddarden@nationalgeographic.com,125,Humana
529,Emeline,eitzkovwicheo@sfgate.com,121,United health
530,Stern,swalickiep@seattletimes.com,125,Humana
531,Stanfield,sstockilleq@ezinearticles.com,121,United health
532,Woodie,wpinneyer@about.com,125,Humana
533,Athene,aholmeses@technorati.com,121,United health
534,Natalina,nbizleyet@unblog.fr,125,Humana
535,Bay,bpatifieldeu@theatlantic.com,125,Humana
536,Hailee,hbearblockev@typepad.com,121,United health
537,Panchito,pmartinetsew@ucsd.edu,125,Humana
538,Monti,msemeradex@reuters.com,121,United health
539,Zachary,zjennyey@cdbaby.com,125,Humana
540,Austin,asinncockez@opera.com,125,Humana
541,Linnell,llaughlinf0@tiny.cc,121,United health
542,Ryan,rbrillf1@digg.com,125,Humana
543,Aldric,acarlettif2@foxnews.com,125,Humana
544,Alexandro,,121,United health
545,Anton,acurnokkf4@wired.com,125,Humana
546,Marcel,mduckhousef5@elegantthemes.com,121,United health
547,Alvina,afreebernef6@sciencedaily.com,125,Humana
548,Dalila,,121,United health
549,Essie,esortonf8@salon.com,121,United health
550,Aubrette,aorknayf9@ebay.co.uk,125,Humana
551,Mellie,mstokerfa@newyorker.com,121,United health
552,Chiquia,cboickfb@ebay.co.uk,121,United health
553,Emmit,eungarettifc@arizona.edu,121,United health
554,Berk,bsandelandfd@adobe.com,125,Humana
555,Rosella,rallgoodfe@hostgator.com,125,Humana
556,Bonny,bfurneauxff@indiatimes.com,121,United health
557,Gal,gquinetfg@jigsy.com,125,Humana
558,Melli,msummertonfh@unesco.org,125,Humana
559,Yank,ylowdwellfi@symantec.com,125,Humana
560,Cissy,chamnerfj@a8.net,125,Humana
561,Lonnie,lwoollandfk@techcrunch.com,125,Humana
562,Loralyn,lgarrickfl@yale.edu,125,Humana
563,Orran,omelinfm@webs.com,121,United health
564,Genny,gduffillfn@w3.org,125,Humana
565,Hyman,htironfo@studiopress.com,125,Humana
566,Francine,fblackleyfp@hexun.com,121,United health
567,Rois,rduquesnayfq@mashable.com,125,Humana
568,Dion,dwagnerfr@ifeng.com,125,Humana
569,Emera,esandilandfs@quantcast.com,121,United health
570,Jania,jmuldowneyft@springer.com,125,Humana
571,Jeffry,jcabrarafu@sfgate.com,121,United health
572,Stacey,sdellfv@bravesites.com,125,Humana
573,Odella,omaginnfw@odnoklassniki.ru,125,Humana
574,Martha,mklempkefx@hexun.com,121,United health
575,Franny,farzufy@pinterest.com,125,Humana
576,Sarajane,sdeavillefz@youtube.com,125,Humana
577,Letty,llastg0@boston.com,121,United health
578,Bianka,brennardg1@seesaa.net,121,United health
579,Alano,awemg2@intel.com,121,United health
580,Ronald,rculshewg3@youtube.com,121,United health
581,Jonathan,jtameg4@bloglovin.com,125,Humana
582,Travus,tcrixg5@cdbaby.com,125,Humana
583,Doti,,121,United health
584,Sherrie,skinkadeg7@storify.com,121,United health
585,Tiphanie,tjoostg8@usgs.gov,125,Humana
586,Rheta,rneweyg9@zdnet.com,121,United health
587,Janie,jventomga@cloudflare.com,125,Humana
588,Leroi,,125,Humana
589,Briny,bsteadegc@msu.edu,121,United health
590,Banky,,121,United health
591,Ernestus,ebanghamge@xrea.com,125,Humana
592,Wernher,wweldrakegf@cnbc.com,121,United health
593,Gottfried,gkuhlegg@uiuc.edu,125,Humana
594,Lorain,lsheergh@shutterfly.com,125,Humana
595,Prince,pbroszkiewiczgi@state.gov,121,United health
596,Dominique,dblaschkegj@sun.com,121,United health
597,Barrett,bbertlingk@miibeian.gov.cn,125,Humana
598,Wright,whamongl@yandex.ru,125,Humana
599,Sibyl,sdurbingm@ed.gov,121,United health
600,Braden,brollinsgn@gmpg.org,125,Humana
601,Erena,edaudgo@skype.com,125,Humana
602,Sherie,sdwellygp@oaic.gov.au,121,United health
603,Mozes,msemorgq@indiatimes.com,121,United health
604,Izzy,iparrgr@nhs.uk,121,United health
605,Vida,vconduitgs@tripadvisor.com,125,Humana
606,Ursa,ubifieldgt@live.com,125,Humana
607,Cristiano,cboothebiegu@so-net.ne.jp,121,United health
608,Ced,cmenghigv@unc.edu,121,United health
609,Grata,gglayshergw@ucla.edu,121,United health
610,Gannie,,125,Humana
611,Ricoriki,rdrinkhillgy@wordpress.org,125,Humana
612,Gavra,gdunnegz@businessinsider.com,121,United health
613,Vince,vsullerh0@miitbeian.gov.cn,121,United health
614,Roddy,rbertomeh1@comsenz.com,121,United health
615,Audrie,amatthewh2@qq.com,125,Humana
616,Cybill,cseageh3@1688.com,121,United health
617,Loy,lgeratth4@disqus.com,125,Humana
618,Denis,dtonerh5@smugmug.com,125,Humana
619,Simeon,smeechh6@dropbox.com,121,United health
620,Carin,colkowiczh7@netscape.com,121,United health
621,Cary,cheathwoodh8@latimes.com,121,United health
622,Mikel,mjefferdh9@wordpress.org,125,Humana
623,Colly,,125,Humana
624,Aguie,agrimmetthb@macromedia.com,121,United health
625,Hilarius,,125,Humana
626,Coretta,cpenritthd@google.fr,125,Humana
627,Tybi,,121,United health
628,Ethel,ecescohf@mashable.com,125,Humana
629,Eba,eambridgehg@clickbank.net,125,Humana
630,Albert,amckeatinghh@forbes.com,121,United health
631,Jarvis,jsamsworthhi@wisc.edu,121,United health
632,Arch,astoltehj@devhub.com,121,United health
633,Mart,malberyhk@infoseek.co.jp,125,Humana
634,Dicky,dshipwayhl@census.gov,121,United health
635,Crissie,cloakeshm@cpanel.net,121,United health
636,Willow,wgrummitthn@jiathis.com,125,Humana
637,Gray,gbrufordho@si.edu,121,United health
638,Paton,,125,Humana
639,North,nszymczykhq@sciencedaily.com,125,Humana
640,Dion,ddukehr@mozilla.org,121,United health
641,Sawyere,savelinghs@mapquest.com,121,United health
642,Tedi,,125,Humana
643,Gleda,gsummerillhu@rediff.com,125,Humana
644,Tremaine,twalklotthv@columbia.edu,121,United health
645,Renelle,rbyramhw@tripod.com,125,Humana
646,Carney,cpennickhx@github.com,121,United health
647,Zebedee,zsoeirohy@eepurl.com,121,United health
648,Bride,bprantlhz@instagram.com,125,Humana
649,Pieter,ptithecotei0@wufoo.com,121,United health
650,Lily,lmeesi1@clickbank.net,121,United health
651,Felike,,125,Humana
652,Dorry,dmacdunleavyi3@nih.gov,125,Humana
653,Cirillo,cjessopei4@free.fr,125,Humana
654,Harriette,hsheddeni5@forbes.com,125,Humana
655,Amabel,alivezeyi6@sina.com.cn,125,Humana
656,Brendis,bmccomei7@dailymotion.com,121,United health
657,Kiersten,komannioni8@japanpost.jp,125,Humana
658,Markos,mcostii9@google.ca,121,United health
659,Eb,edoogia@comcast.net,125,Humana
660,Antoni,abruinemannib@nydailynews.com,121,United health
661,Ewen,egoteric@yale.edu,121,United health
662,Jaquelin,jileyid@google.com.hk,121,United health
663,Gerome,gmaccarterie@zdnet.com,121,United health
664,Dolly,dfurlongif@nsw.gov.au,121,United health
665,Flint,froadknightig@edublogs.org,125,Humana
666,Elfie,eswithenbyih@stumbleupon.com,125,Humana
667,Linoel,ltrevorrowii@unc.edu,121,United health
668,Teena,tpedrazziij@networkadvertising.org,121,United health
669,Marna,mmcclevertyik@fda.gov,125,Humana
670,Kora,kcastlemanil@cmu.edu,125,Humana
671,Pacorro,pweathersim@google.it,121,United health
672,Alejoa,ashyrein@ca.gov,121,United health
673,Rasla,rmacneiceio@ebay.co.uk,125,Humana
674,Raye,rsaffranip@salon.com,121,United health
675,Aaron,arichesiq@reuters.com,121,United health
676,Pierrette,plabatir@booking.com,121,United health
677,Delinda,,125,Humana
678,Lindsy,lenderleinit@booking.com,125,Humana
679,Suzy,,121,United health
680,Franny,folehaneiv@discovery.com,121,United health
681,Bamby,bbascombeiw@cnn.com,125,Humana
682,Loy,llabastidaix@sina.com.cn,125,Humana
683,Antoni,aivakhnoiy@mozilla.com,125,Humana
684,Carroll,cscotchbrookiz@dot.gov,125,Humana
685,Chadwick,cvanschafflaerj0@google.co.uk,121,United health
686,Standford,sdibollj1@opera.com,125,Humana
687,Cordie,cswornej2@globo.com,125,Humana
688,Marleah,mmcveightyj3@xinhuanet.com,125,Humana
689,Reggie,rdahlj4@mashable.com,121,United health
690,Basilio,bdabrowskij5@irs.gov,121,United health
691,Milo,mporrettj6@independent.co.uk,121,United health
692,Bernice,bpirriej7@rakuten.co.jp,121,United health
693,Hanna,hheadlandj8@yahoo.co.jp,121,United health
694,Helli,hhaberjamj9@thetimes.co.uk,125,Humana
695,Josefina,jwoodwinja@i2i.jp,121,United health
696,Jacinta,jrakesjb@posterous.com,121,United health
697,Gar,gtoaljc@youtube.com,121,United health
698,Berget,bluxmoorejd@vkontakte.ru,125,Humana
699,Estelle,ehadekeje@apache.org,125,Humana
700,Bertie,belwynjf@yahoo.co.jp,125,Humana
701,Bernette,bswarbriggjg@jimdo.com,125,Humana
702,Aloysia,achinnockjh@noaa.gov,125,Humana
703,Killie,kwhistanji@bing.com,121,United health
704,Kermy,ktrustiejj@nba.com,121,United health
705,Fredrick,fboathjk@deliciousdays.com,121,United health
706,Fabiano,fcullumjl@columbia.edu,125,Humana
707,Benedicta,bminichijm@ovh.net,121,United health
708,Valdemar,vnewartejn@livejournal.com,121,United health
709,Norris,nskeathjo@1688.com,125,Humana
710,Tabbie,thawkinsjp@dion.ne.jp,121,United health
711,Ernaline,,121,United health
712,Mateo,,121,United health
713,Sigfrid,sjannequinjs@un.org,121,United health
714,Marshall,mismayjt@desdev.cn,121,United health
715,Lesley,,125,Humana
716,Heida,hrignoldesjv@walmart.com,125,Humana
717,Hunt,,121,United health
718,Caresse,cmiqueletjx@hp.com,121,United health
719,Christiano,,125,Humana
720,Codi,cblakedenjz@yelp.com,121,United health
721,Alastair,aalekhovk0@weather.com,125,Humana
722,Shelia,sglasscottk1@google.nl,125,Humana
723,Hester,hrook2@ocn.ne.jp,121,United health
724,Cordy,cbirchenoughk3@statcounter.com,121,United health
725,Riordan,raireyk4@independent.co.uk,121,United health
726,Dorris,dosbaldstonek5@toplist.cz,121,United health
727,Paola,psymesk6@geocities.com,125,Humana
728,Hyacintha,hlangtryk7@nba.com,121,United health
729,Zebedee,zstormk8@mac.com,121,United health
730,Herrick,,121,United health
731,Rob,rfuentezka@techcrunch.com,121,United health
732,Mavra,mspaduzzakb@ning.com,121,United health
733,Gideon,gkeablekc@adobe.com,125,Humana
734,Jedidiah,jclarabutkd@ihg.com,121,United health
735,Gabriele,gmcgeneayke@oakley.com,125,Humana
736,Rochelle,,125,Humana
737,Florenza,fevenettkg@geocities.jp,121,United health
738,Rodney,rgoaterkh@webmd.com,125,Humana
739,Cassius,cmccookeki@networkadvertising.org,121,United health
740,Northrop,nfidoekj@google.cn,121,United health
741,Zelig,,125,Humana
742,Stefanie,ssimekl@hp.com,125,Humana
743,Davide,dheintschkm@fc2.com,121,United health
744,Debbie,dhousiauxkn@reuters.com,121,United health
745,Arabel,agaydenko@chron.com,121,United health
746,Patrice,pworledgekp@deliciousdays.com,125,Humana
747,Rozelle,rmanchesterkq@home.pl,121,United health
748,Rebe,rabbekr@aol.com,121,United health
749,Boonie,bfearsks@nbcnews.com,125,Humana
750,Gustavus,ghollingbykt@howstuffworks.com,121,United health
751,Darcy,dbroadbridgeku@jigsy.com,121,United health
752,Alfonse,afrederickkv@ebay.com,121,United health
753,Bronson,bgooldingkw@ibm.com,121,United health
754,Harriot,hmahaddykx@intel.com,125,Humana
755,Gabbie,gpimmockeky@xinhuanet.com,121,United health
756,Lewiss,lrigmandkz@ed.gov,121,United health
757,Orly,openningtonl0@yandex.ru,121,United health
758,Lyle,lferedayl1@berkeley.edu,125,Humana
759,Herminia,hwilcinskisl2@vkontakte.ru,121,United health
760,Emalia,eredhousel3@i2i.jp,125,Humana
761,Johnny,jritchardl4@comcast.net,125,Humana
762,Thom,tstallworthyl5@facebook.com,121,United health
763,Jania,jchristall6@mlb.com,125,Humana
764,Daryl,dgensavagel7@tmall.com,125,Humana
765,Marcelia,mlubel8@mac.com,121,United health
766,Ely,emerigonl9@studiopress.com,125,Humana
767,Abelard,amillthorpela@wikispaces.com,125,Humana
768,Khalil,klearoydlb@usa.gov,125,Humana
769,Peirce,pgibbinslc@ibm.com,125,Humana
770,Nicholle,ntibaltld@arstechnica.com,125,Humana
771,Honoria,hflahertyle@soundcloud.com,125,Humana
772,Celinda,,125,Humana
773,Irwin,,121,United health
774,Edvard,ereboullh@who.int,125,Humana
775,Wain,wspurrittli@etsy.com,125,Humana
776,Rivkah,rnottingamlj@themeforest.net,121,United health
777,Ola,ochiecolk@tamu.edu,125,Humana
778,Maurice,mstutll@earthlink.net,125,Humana
779,Eula,etuttiettlm@columbia.edu,121,United health
780,Germain,gstickelsln@springer.com,125,Humana
781,Jamey,jwylielo@fema.gov,121,United health
782,Dehlia,dwroughtonlp@ted.com,125,Humana
783,Concettina,cmummerylq@nifty.com,121,United health
784,Monroe,,121,United health
785,Benedikta,bashwoodls@buzzfeed.com,125,Humana
786,Shannon,slonglt@ow.ly,125,Humana
787,Karmen,kwhitlocklu@cargocollective.com,125,Humana
788,Gussie,ghobelllv@linkedin.com,121,United health
789,Jeremie,,121,United health
790,Elroy,,121,United health
791,Valerye,vgoadbiely@printfriendly.com,121,United health
792,Adda,agallyonlz@ask.com,125,Humana
793,Burr,,125,Humana
794,Caldwell,,125,Humana
795,Emlen,,121,United health
796,Jarrad,jhaggardm3@addtoany.com,125,Humana
797,Dawna,ddunkertonm4@abc.net.au,125,Humana
798,Cleavland,cgommesm5@time.com,125,Humana
799,Hussein,hgoffem6@google.de,121,United health
800,Rolando,rwhardleym7@unblog.fr,121,United health
801,Cozmo,ckincadem8@sourceforge.net,125,Humana
802,Frank,fdewanm9@yandex.ru,125,Humana
803,Augie,asultanama@blogger.com,121,United health
804,Rayner,rreadingsmb@mtv.com,125,Humana
805,Dannel,dterrillmc@omniture.com,125,Humana
806,Hans,hzollnermd@rediff.com,125,Humana
807,Ketty,kbachelorme@liveinternet.ru,125,Humana
808,Bartie,bmacdowallmf@google.cn,121,United health
809,Athena,ainstonemg@lycos.com,125,Humana
810,Brandice,bmastersmh@networkadvertising.org,125,Humana
811,Yolande,ysorriemi@mail.ru,125,Humana
812,Donnie,dbrosemj@sbwire.com,125,Humana
813,Constantia,cromerilmk@google.co.jp,121,United health
814,Terra,tswarbrickml@cmu.edu,125,Humana
815,Dorene,dfomichyovmm@earthlink.net,125,Humana
816,Boote,bstonarymn@stanford.edu,125,Humana
817,Nancee,nbamboroughmo@bigcartel.com,121,United health
818,Cherey,ctallynmp@engadget.com,121,United health
819,Vonni,,121,United health
820,Kyrstin,karonowitzmr@mac.com,125,Humana
821,Clay,clisimorems@nymag.com,125,Humana
822,Hubey,,121,United health
823,Alberik,,125,Humana
824,Vern,vcubittmv@dell.com,125,Humana
825,Chancey,ceverilmw@jiathis.com,121,United health
826,Hasty,hbyartmx@psu.edu,121,United health
827,Leeanne,lespasamy@jimdo.com,121,United health
828,Annadiana,aberfootmz@symantec.com,121,United health
829,Merell,mrouselln0@github.io,121,United health
830,Suzette,sskrynen1@nydailynews.com,121,United health
831,Yvon,yfurseyn2@examiner.com,125,Humana
832,Alic,aduchateln3@marriott.com,125,Humana
833,Lara,llambrickn4@netlog.com,121,United health
834,Balduin,bclineckn5@webeden.co.uk,125,Humana
835,Ring,rcabralesn6@cpanel.net,121,United health
836,Gibby,gderisleyn7@ow.ly,121,United health
837,Dal,,121,United health
838,Vitia,vdespensern9@skype.com,125,Humana
839,Nonna,nwinsparna@google.com.hk,121,United health
840,Ronda,rmenilovenb@answers.com,125,Humana
841,Ralf,rdamettinc@globo.com,125,Humana
842,Clareta,,125,Humana
843,Aldridge,avivienne@163.com,125,Humana
844,Anna,apetraceknf@elegantthemes.com,121,United health
845,Mag,mgudemanng@gnu.org,121,United health
846,Bendicty,bbohlensnh@tmall.com,121,United health
847,Cornell,clamonbyni@multiply.com,121,United health
848,Townsend,thindhaughnj@drupal.org,121,United health
849,Emmi,,121,United health
850,Thorpe,,121,United health
851,Sasha,salennm@uiuc.edu,125,Humana
852,Linell,ldabnornn@go.com,121,United health
853,Tabbie,tlauranceno@taobao.com,121,United health
854,Marika,mmalinsonnp@acquirethisname.com,125,Humana
855,Emelina,,121,United health
856,Kristofer,kmacparlannr@comcast.net,125,Humana
857,Sully,sklaessenns@hhs.gov,125,Humana
858,Stormy,scliffnt@list-manage.com,125,Humana
859,Stanislaw,sspindlernu@opensource.org,125,Humana
860,Alis,avilesnv@archive.org,121,United health
861,Jorry,jgrossnw@oakley.com,121,United health
862,Kalie,,125,Humana
863,Quill,qdinniesny@gov.uk,125,Humana
864,Rutherford,rbaldocknz@virginia.edu,121,United health
865,Pat,pfliggo0@purevolume.com,121,United health
866,Baldwin,brathjeno1@hatena.ne.jp,121,United health
867,Liesa,,121,United health
868,Bartholomew,bschaumanno3@patch.com,125,Humana
869,Issie,itubridyo4@behance.net,125,Humana
870,Penn,pshovelbottomo5@joomla.org,125,Humana
871,Lucian,lmargiottao6@webs.com,125,Humana
872,Glennie,gvanderbeeko7@rambler.ru,125,Humana
873,Gill,gparadeso8@newyorker.com,125,Humana
874,Tomi,tgomero9@amazon.co.jp,121,United health
875,Carmon,,125,Humana
876,Blair,blonnonob@statcounter.com,121,United health
877,Adria,aiglesiazoc@free.fr,125,Humana
878,Cori,ctwinningod@blog.com,125,Humana
879,Archy,abamlettoe@over-blog.com,125,Humana
880,Scarlett,sleggesof@webnode.com,121,United health
881,Ahmad,ahaibelog@gmpg.org,125,Humana
882,Wendie,wtortisoh@friendfeed.com,121,United health
883,Randi,rwillattsoi@weebly.com,121,United health
884,Evvy,eblodgettsoj@ca.gov,125,Humana
885,Aldridge,ajefferyok@tiny.cc,125,Humana
886,Lynnet,lcorzonol@constantcontact.com,121,United health
887,Britni,,121,United health
888,Drucy,dsymmerson@joomla.org,125,Humana
889,Elana,ecavyoo@businesswire.com,121,United health
890,Florrie,fswepstoneop@nbcnews.com,125,Humana
891,Gib,gleeburnoq@gravatar.com,125,Humana
892,Zacharia,zdanielotor@earthlink.net,121,United health
893,Job,jmcgowranos@infoseek.co.jp,125,Humana
894,Kimball,kricksonot@soundcloud.com,125,Humana
895,Ronalda,rpittelou@berkeley.edu,125,Humana
896,Danyelle,dfilyukovov@cyberchimps.com,125,Humana
897,Lucian,lluceow@samsung.com,121,United health
898,Odell,ocantuox@shareasale.com,125,Humana
899,Elka,everlingoy@dot.gov,121,United health
900,Ermanno,,125,Humana
901,Caroline,cdeanesyp0@twitter.com,125,Humana
902,Evy,,125,Humana
903,Abbe,asorep2@economist.com,121,United health
904,Simon,scarltonp3@cnn.com,125,Humana
905,Barrett,,125,Humana
906,Melantha,mhackingp5@photobucket.com,121,United health
907,Tawsha,tscopesp6@census.gov,125,Humana
908,Cassondra,cbastenp7@cornell.edu,121,United health
909,Abdul,ascrivensp8@posterous.com,125,Humana
910,Laverne,lochterlonyp9@elpais.com,121,United health
911,Danielle,dbastonepa@washingtonpost.com,125,Humana
912,Itch,isimonepb@sfgate.com,121,United health
913,Jobina,,121,United health
914,Raine,rmatevosianpd@telegraph.co.uk,121,United health
915,Pammi,ptilsonpe@usda.gov,125,Humana
916,Lemar,lthornewellpf@google.cn,121,United health
917,Rafa,rmouncherpg@infoseek.co.jp,125,Humana
918,Julina,jmcclarenceph@tripod.com,121,United health
919,Elaina,etriggpi@tiny.cc,125,Humana
920,Alice,amargrettpj@hc360.com,121,United health
921,Jule,jbonifacepk@github.io,121,United health
922,Darby,dexerpl@nps.gov,125,Humana
923,Frederich,,125,Humana
924,Kort,kshipstonpn@youku.com,125,Humana
925,Cecil,castillpo@goo.gl,121,United health
926,Read,rjulienpp@chicagotribune.com,121,United health
927,Corinna,cgoodrumpq@nifty.com,121,United health
928,Del,dsheerinpr@tiny.cc,125,Humana
929,Colette,,125,Humana
930,Abe,aaldridgept@networkadvertising.org,121,United health
931,Merwin,,125,Humana
932,Cassey,,125,Humana
933,Devlin,dslaynypw@ezinearticles.com,121,United health
934,Odele,olowethpx@amazon.de,121,United health
935,Marvin,msimapy@youku.com,121,United health
936,Tandi,trickettpz@tiny.cc,121,United health
937,Trace,tkennq0@friendfeed.com,121,United health
938,Allin,aabdeeq1@cpanel.net,125,Humana
939,Lindi,lmoralesq2@theglobeandmail.com,121,United health
940,Amber,afensomeq3@fda.gov,125,Humana
941,Kalie,kdakeq4@acquirethisname.com,125,Humana
942,Shelley,svancasteleq5@ovh.net,125,Humana
943,Denna,dschulzq6@amazon.co.uk,125,Humana
944,Maggi,mmunseyq7@nyu.edu,121,United health
945,Knox,kkeyserq8@a8.net,121,United health
946,Cullie,cflauneq9@tripod.com,121,United health
947,Kristofor,kbrislaneqa@aol.com,125,Humana
948,Emelda,,121,United health
949,Neilla,ndavidekqc@acquirethisname.com,121,United health
950,Mendy,mgoscarqd@exblog.jp,121,United health
951,Tucker,tgorettiqe@omniture.com,125,Humana
952,Lacy,,121,United health
953,Kevina,kcapenorqg@g.co,121,United health
954,Deana,dantushevqh@geocities.com,121,United health
955,Nils,nsurgeonerqi@phoca.cz,125,Humana
956,Aliza,,121,United health
957,Queenie,qrennlesqk@exblog.jp,125,Humana
958,Rubetta,rchatenierql@weather.com,125,Humana
959,Joly,jgreepqm@springer.com,121,United health
960,Harmonie,hwinslettqn@narod.ru,121,United health
961,Calida,,125,Humana
962,Leola,lpetyaninqp@nbcnews.com,125,Humana
963,Cullin,craxworthyqq@newsvine.com,125,Humana
964,Olin,omaliphantqr@squidoo.com,121,United health
965,Sherm,shackingqs@wired.com,125,Humana
966,Karel,kdowardqt@cmu.edu,125,Humana
967,Rowe,rblunkettqu@simplemachines.org,121,United health
968,Charis,ctornsqv@furl.net,121,United health
969,Tanny,tdoughteryqw@e-recht24.de,125,Humana
970,Kristy,,125,Humana
971,Gwenora,gstitchqy@state.tx.us,121,United health
972,Ignacio,,121,United health
973,Moises,malexandrer0@cloudflare.com,125,Humana
974,Phillie,prussr1@nyu.edu,121,United health
975,Faye,fburlingamer2@ycombinator.com,121,United health
976,Reade,rminichillor3@baidu.com,121,United health
977,Hilda,hstorrsr4@hud.gov,121,United health
978,Charlena,cphilcottr5@shop-pro.jp,121,United health
979,Elbertine,eramelr6@ucsd.edu,121,United health
980,Tessa,,125,Humana
981,Stanislaw,sblasikr8@free.fr,121,United health
982,Skipton,,121,United health
983,Corinna,codyvoiera@accuweather.com,125,Humana
984,Barnabe,broydonrb@google.ru,125,Humana
985,Loree,lsergeanrc@people.com.cn,121,United health
986,Annmarie,aphilippaultrd@wordpress.com,121,United health
987,Harlin,hjelleyre@godaddy.com,121,United health
988,Lyssa,lfranchionirf@army.mil,121,United health
989,Kelley,ktookerg@theglobeandmail.com,125,Humana
990,Hailee,hlattierh@umn.edu,121,United health
991,Hoebart,,125,Humana
992,Kimble,kmoirrj@si.edu,125,Humana
993,Umberto,udavydzenkork@netscape.com,121,United health
994,Curry,cgaylordrl@ca.gov,121,United health
995,Agatha,agironerm@tiny.cc,125,Humana
996,Nannette,nsmalmanrn@ocn.ne.jp,125,Humana
997,Bobinette,bgaskillro@sourceforge.net,121,United health
998,Gayleen,gcollingworthrp@histats.com,125,Humana
999,Brandais,bfeldrq@washingtonpost.com,125,Humana
1000,Barde,,125,Humana
